c_name              c_custkey           o_orderkey          o_orderdate         o_totalprice        sum                 
------------------------------------------------------------------------------------------------------------------------
Customer#000256240  256240              4722021             1994-04-07          543948.470000       323.000000          
Customer#000192203  192203              5984582             1992-03-16          539085.200000       312.000000          
Customer#000273004  273004              11785570            1996-07-18          535097.550000       303.000000          
Customer#000198385  198385              8574884             1992-07-04          530902.090000       308.000000          
Customer#000186325  186325              9436480             1992-05-22          523925.490000       311.000000          
Customer#000048682  48682               1474818             1992-11-15          522718.600000       302.000000          
Customer#000027880  27880               2232932             1997-04-13          519887.440000       304.000000          
Customer#000082297  82297               8231942             1993-02-06          516398.500000       302.000000          
Customer#000176644  176644              10889601            1992-05-22          513824.710000       306.000000          
Customer#000258475  258475              7125602             1994-07-08          509018.850000       301.000000          
Customer#000082924  82924               8639938             1996-08-30          506857.550000       301.000000          
Customer#000289234  289234              3043270             1997-02-12          506502.670000       317.000000          
Customer#000257966  257966              10184165            1992-06-15          500779.450000       311.000000          
Customer#000231161  231161              6082306             1995-07-07          499300.650000       301.000000          
Customer#000017590  17590               10805828            1997-07-29          499282.790000       316.000000          
Customer#000012872  12872               7235014             1998-03-09          498544.920000       323.000000          
Customer#000007132  7132                2329187             1998-01-04          497819.150000       304.000000          
Customer#000154520  154520              1436544             1992-09-12          497547.160000       307.000000          
Customer#000133079  133079              7810823             1998-01-05          497225.420000       324.000000          
Customer#000085928  85928               9816576             1997-06-06          493077.260000       308.000000          
Customer#000259930  259930              6517825             1993-06-19          492510.430000       304.000000          
Customer#000035489  35489               6882                1997-04-09          492020.590000       303.000000          
Customer#000021964  21964               10408580            1994-09-03          491756.490000       320.000000          
Customer#000264373  264373              7165026             1995-05-29          489832.540000       304.000000          
Customer#000273143  273143              2761378             1996-05-31          487706.650000       301.000000          
Customer#000294394  294394              1263015             1997-02-02          487266.350000       320.000000          
Customer#000253292  253292              7456839             1994-07-14          487026.150000       311.000000          
Customer#000066560  66560               6091649             1992-06-24          484643.210000       305.000000          
Customer#000258757  258757              4720454             1997-06-07          483065.200000       303.000000          
Customer#000133438  133438              6515330             1997-01-27          481858.580000       307.000000          
Customer#000024502  24502               735366              1993-11-24          481339.950000       309.000000          
Customer#000032767  32767               502886              1994-04-12          479519.450000       312.000000          
Customer#000100013  100013              2366755             1996-12-09          478797.190000       302.000000          
Customer#000066797  66797               11028230            1996-08-10          478260.320000       302.000000          
Customer#000021881  21881               10612710            1995-02-05          477909.930000       319.000000          
Customer#000232087  232087              8754087             1996-01-21          477273.910000       306.000000          
Customer#000118958  118958              8028004             1996-04-11          477088.340000       302.000000          
Customer#000206551  206551              7062629             1992-06-27          476712.500000       313.000000          
Customer#000069115  69115               8991333             1995-04-10          476643.290000       305.000000          
Customer#000073237  73237               4806726             1995-01-17          475126.600000       328.000000          
Customer#000102550  102550              11231077            1994-05-27          474885.580000       304.000000          
Customer#000094636  94636               11484962            1992-02-10          474637.230000       306.000000          
Customer#000274891  274891              5489475             1997-05-23          472628.400000       311.000000          
Customer#000233716  233716              6222658             1994-03-08          472060.770000       301.000000          
Customer#000133577  133577              2199712             1996-09-30          471613.590000       327.000000          
Customer#000100295  100295              9304229             1997-08-24          471230.830000       309.000000          
Customer#000215180  215180              4267751             1994-11-04          470850.410000       301.000000          
Customer#000023455  23455               8506019             1992-12-16          470729.760000       306.000000          
Customer#000014002  14002               6899299             1995-06-09          470680.000000       304.000000          
Customer#000128963  128963              2745894             1996-07-04          469644.060000       304.000000          
Customer#000000662  662                 6210853             1997-08-08          468532.200000       303.000000          
Customer#000132196  132196              5007490             1992-08-07          468280.080000       304.000000          
Customer#000165761  165761              10678725            1992-12-07          467972.030000       309.000000          
Customer#000145120  145120              9506693             1993-07-20          467907.670000       314.000000          
Customer#000011041  11041               10906593            1996-03-16          467027.120000       308.000000          
Customer#000177751  177751              983201              1993-12-30          467006.490000       304.000000          
Customer#000299683  299683              5156581             1994-05-30          465109.590000       302.000000          
Customer#000031238  31238               3767271             1996-08-07          464369.610000       318.000000          
Customer#000186784  186784              5200102             1997-01-22          463001.540000       304.000000          
Customer#000210520  210520              5296167             1996-09-06          462985.120000       303.000000          
Customer#000025198  25198               4259524             1998-02-12          459692.130000       304.000000          
Customer#000218758  218758              5746311             1996-10-10          458654.750000       302.000000          
Customer#000232682  232682              11141606            1997-09-28          458531.430000       325.000000          
Customer#000020257  20257               5849444             1994-03-21          457991.430000       309.000000          
Customer#000149837  149837              7611718             1992-05-01          457280.640000       301.000000          
Customer#000031261  31261               1845057             1994-05-12          456727.120000       302.000000          
Customer#000091076  91076               4527553             1994-05-22          454287.750000       305.000000          
Customer#000075458  75458               4134341             1995-06-29          452919.890000       309.000000          
Customer#000121946  121946              10603495            1998-04-03          451679.520000       307.000000          
Customer#000036376  36376               3037414             1995-01-25          450431.570000       308.000000          
Customer#000293215  293215              3342468             1994-06-12          450203.060000       303.000000          
Customer#000277372  277372              6651397             1992-07-14          449447.340000       301.000000          
Customer#000253729  253729              4702759             1994-11-07          449354.440000       320.000000          
Customer#000156268  156268              9727175             1995-03-18          448303.820000       302.000000          
Customer#000137995  137995              11120293            1995-08-08          447741.160000       311.000000          
Customer#000192056  192056              8319046             1995-10-07          447733.560000       307.000000          
Customer#000163162  163162              4739650             1995-11-04          447726.560000       305.000000          
Customer#000282196  282196              565574              1995-09-24          446458.460000       301.000000          
Customer#000237038  237038              9782273             1994-12-05          444492.940000       302.000000          
Customer#000030544  30544               3883783             1993-07-28          444372.070000       302.000000          
Customer#000035332  35332               9128386             1992-12-07          444057.630000       301.000000          
Customer#000037675  37675               6581665             1993-12-04          443419.020000       303.000000          
Customer#000243403  243403              10442629            1993-01-13          441808.770000       302.000000          
Customer#000297769  297769              2942469             1992-05-31          441511.000000       313.000000          
Customer#000073498  73498               6292038             1997-11-12          441048.890000       305.000000          
Customer#000092869  92869               4745607             1997-07-03          437137.710000       309.000000          
Customer#000210820  210820              4478371             1996-03-05          437081.440000       302.000000          
Customer#000109204  109204              5832321             1997-02-09          434396.900000       307.000000          
Customer#000089872  89872               8433440             1997-04-18          432389.680000       305.000000          
Customer#000239977  239977              1544643             1997-09-20          432199.000000       320.000000          
Customer#000140336  140336              10740227            1992-12-20          431147.740000       308.000000          
Customer#000106055  106055              2662214             1993-08-13          430384.620000       302.000000          
Customer#000177122  177122              10858721            1998-06-03          430279.310000       306.000000          
Customer#000028972  28972               11599171            1998-03-22          429291.680000       316.000000          
Customer#000007360  7360                3861123             1998-07-03          426823.000000       301.000000          
Customer#000235837  235837              2869152             1996-06-20          425702.170000       317.000000          
Customer#000036226  36226               8590657             1996-08-29          423882.750000       303.000000          
Customer#000234151  234151              4290656             1997-02-05          423465.940000       301.000000          
Customer#000157342  157342              6203745             1997-07-22          422867.140000       302.000000          
Customer#000225971  225971              4439686             1996-09-17          416380.120000       305.000000          
Customer#000289060  289060              8073922             1992-02-26          415362.420000       301.000000          
Customer#000164881  164881              857959              1994-02-07          413948.430000       305.000000          
Customer#000139808  139808              1742403             1996-10-19          413075.530000       305.000000          
Customer#000171976  171976              7379172             1993-01-21          412309.120000       301.000000          
Customer#000211990  211990              2096705             1994-07-03          411514.400000       307.000000          
Customer#000229172  229172              551136              1993-05-19          410956.480000       308.000000          
Customer#000133066  133066              29158               1995-10-21          409730.860000       305.000000          
Customer#000218921  218921              7887841             1992-06-15          408394.390000       308.000000          
Customer#000068149  68149               9615783             1994-03-08          405921.010000       302.000000          
Customer#000013099  13099               7549735             1994-06-30          405204.690000       315.000000          
Customer#000240196  240196              1971680             1995-06-14          404885.440000       308.000000          
Customer#000026143  26143               1481925             1998-03-15          402707.910000       301.000000          
Customer#000226261  226261              967334              1995-12-15          402011.460000       301.000000          
Customer#000216362  216362              8075589             1996-08-23          400100.900000       316.000000          
Customer#000177406  177406              2995076             1994-01-30          398262.720000       302.000000          
Customer#000283646  283646              2806245             1996-12-29          393753.500000       310.000000          
Customer#000173321  173321              9827201             1995-02-08          369892.550000       304.000000          
