s_name              s_address           
----------------------------------------
Supplier#000000020  iybAE,RmTymrZVYaFZva2SH,j
Supplier#000000091  YV45D7TkfdQanOOZ7q9QxkyGUapU1oOWU6q3
Supplier#000000197  YC2Acon6kjY3zj3Fbxs2k4Vdf7X0cd2F
Supplier#000000226  83qOdU2EYRdPQAQhEtn GRZEd
Supplier#000000285  Br7e1nnt1yxrw6ImgpJ7YdhFDjuBf
Supplier#000000287  7a9SP7qW5Yku5PvSg   
Supplier#000000354  w8fOo5W,aS          
Supplier#000000358  V3yxhHhHSXqOoc5UPv5TwkVDGKQsG
Supplier#000000431  WoeV,NINojE6hJjauAdrl5fGcdxX5JUPLnrim
Supplier#000000475  xw4V6,4QQW LI5Qg EOKy4JD B4Cq1tjzaOma9Y
Supplier#000000530  0qwCMwobKY OcmLyfRXlagA8ukENJv,
Supplier#000000532  ep92hT7VLaVlDKM7lgbj02kIL
Supplier#000000657  nas2fhRwM97W8EEqYpBN
Supplier#000000688  D fw5ocppmZpYBBIPI718hCihLDZ5KhKX
Supplier#000000710  f19YPvOyb QoYwjKC,oPycpGfieBAcwKJo
Supplier#000000729  pqck2ppy758TQpZCUAjPvlU55K3QjfL7Bi
Supplier#000000736  l6i2nMwVuovfKnuVgaSGK2rDy65DlAFLegiL7
Supplier#000000783  dMpZwZ95xznZWg4acMQW dK8AQMhB
Supplier#000000884  bmhEShejaS          
Supplier#000000971  23XaUVLYuC3tQIPHCuLLgM5UawL
Supplier#000001033  A6x1P,56sVHkb4DqVyUw32n,ChI
Supplier#000001123  n5L 4Otbff3oXbr0Ibs 
Supplier#000001141  xCOuPvOd565r9H31,xuZcpE
Supplier#000001245  bztTCfHZnsLafgtZWe,isV Gr 4IFg
Supplier#000001501  xL06,Y 2M3CjPr      
Supplier#000001624  ISkTuv6KLp9AcxdWRGJ8 ey,r56tQ9DozGP
Supplier#000001730  Rc8e,1Pybn r6zo0VJIEiD0UD vhk
Supplier#000001806  M934fuZSnLW         
Supplier#000001856  jXcRgzYF0ah05iR8p6w5SbJJLcUGyYiURPvFwUWM
Supplier#000001873  Tdzlitffjp,Qv7bB3mWthF8
Supplier#000001931  FpJbMU2h6ZR2eBv8I9NIxF
Supplier#000001939  Nrk,JA4bfReUs       
Supplier#000001958  bJAZFisYzqSFaspq2XQOVwrEpGgtTe9 1ccU9RJ
Supplier#000001990  DSDJkCgBJzuPg1yuM,CUdLnsRliOxkkHezTCA
Supplier#000002020  jB6r1d7MxP6co       
Supplier#000002036  20ytTtVObjKUUI2WCB0A
Supplier#000002096  kuxseyLtq QPLXxm9ZUrnB6Kkh92JtK5cQzzXNU
Supplier#000002218  nODZw5q4dx kp0K5    
Supplier#000002241  iGV,9clV9LwufQVVqiOO1plFx
Supplier#000002245  hz2qWXWVjOyKhqPYMoEwz6zFkrTaDM
Supplier#000002282  ES21K9dxoW1I1TzWCj7ekdlNwSWnv1Z  6mQ,BKn
Supplier#000002331  WRh2w5WFvRg7Z0S1AvSvHCL
Supplier#000002419  qydBQd14I5l5mVXa4fYY
Supplier#000002444  q8x5 AFA, 9zfXRVYkn67kb3o0AagF
Supplier#000002460  wu8B2e YWGoKM fi e23UQn,YD79edUIIXX
Supplier#000002494  8 j3qJvL6qjroE avAdKFooKo4IMH2oPHLXH0H9p
Supplier#000002571  JZUugz04c iJFLrlGsz9O N,W 1rVHNIReyq
Supplier#000002719  4nnzQI2CbqREQUuIsXTBVUkaP4mNS3
Supplier#000002840  nXVY3S0,1VZrTavsOSFyBZx DOUU
Supplier#000002853  rTNAOItXka          
Supplier#000002960  KCPCEsRGGo6vx8TygHh60nAYf9rStQT2T
Supplier#000002980  B9k9yVsyaXvWktOSHezqHiAEp9id0SKzkw
Supplier#000003062  LSQNgqY1xnOzz9zBCapy7HwOZQ
Supplier#000003087  ANwe8QsZ4rgj1HSqVz991eWQ
Supplier#000003095  HxON3jJhUi3zjt,r mTD
Supplier#000003161  cQScZDuLpBSAU9RlV4OxyvJeHbMpjfwoX
Supplier#000003169  ODz6ABJGTs8Qnz      
Supplier#000003185  hMa535Cbf2mj1Nw4OWOKWVrsK0VdDkJURrdjSIJe
Supplier#000003189  DWdPxt7 RnkZv6VOByR0em
Supplier#000003201  E87yws6I,t0qNs4QW7UzExKiJnJDZWue
Supplier#000003288  EDdfNt7E5Uc,xLTupoIgYL4yY7ujh,
Supplier#000003304  wLN88ULs9Y          
Supplier#000003313  El2I7we,049SPrvomUm4hZwJoOhZkvLxLJXgVH
Supplier#000003314  jnisU8MzqO4iUB3zsPcrysMw3DDUojS4q7LD
Supplier#000003403  e3X2o ,KCG9tsHji8A XXCxiF2hZWBw
Supplier#000003421  Sh3dt9W5oeofFWovnFhrg,
Supplier#000003423  ,,hFmixRsUfI        
Supplier#000003469  Paa wUpqFS          
Supplier#000003561  Zc9L62QD0dCSXxykBJS1K
Supplier#000003607  lNqFHQYjwSAkf       
Supplier#000003617  LB 87BiV4saHACdKeIqnp5SrBvLAu
Supplier#000003679  CtP5pEp8k7H         
Supplier#000003797  UuWXXv4ID LLOj      
Supplier#000003849  KgbZEaRk,6Q3mWvwh6uptrs1KRUHg 0
Supplier#000003894  vvGC rameLOk        
Supplier#000003941  Pmb05mQfBMS618O7WKqZJ 9vyv
Supplier#000003994  W00LZp3NjK0         
Supplier#000004005  V723F1wCy2eA4OgIu8TjBtOVUHp
Supplier#000004201  C5x43M76dnb1w2LFbhB 
Supplier#000004207  tF64pwiOM4IkWjN3mS,e06WuAjLx
Supplier#000004246  Xha aXQF7u4qU3LsHD  
Supplier#000004353  b4HfPj9UX35uP2H7a6xohz7orfVX
Supplier#000004430  yvSsKNSTL5HLXBET4luOsPNLxKzAMk
Supplier#000004522  xXtCKwsZDArxIBGDfzX2PgobGZsBg
Supplier#000004527  p pVXCnxgcklWF6A1o3OHY3qW6
Supplier#000004542  NJSbLJDroYG2y1r3rDiKg
Supplier#000004574  1HvGwnVueZ5CIndc    
Supplier#000004701  6jX4u47URzIMHf      
Supplier#000004769  Iom2IeCJ44BiWH      
Supplier#000004884  42Z1uLye9nsn6aTGBNd dI8 x
Supplier#000004987  UFx1upJ8MvOvgFjA8   
Supplier#000005000  DeX804 w0H8FrCUvahgy ilbuzBX3NK
Supplier#000005015  HOXohc8D8KJ Yx2WIOL 5EvtdnTqwXSo
Supplier#000005036  Ftq,HCpxZ0          
Supplier#000005192  JDp4rhXiDw0kf6RH    
Supplier#000005195  Woi3b2ZaicPh ZSfu1EfXhE
Supplier#000005257  f9g8SEHB7obMj3QXAjXS2vfYY22
Supplier#000005300  gXG28YqpxU          
Supplier#000005309  kzmvKlSiri          
Supplier#000005323  tMCkdqbDoyNo8vMIkzjBqYexoRAuv,T6 qzcu
Supplier#000005366  xZ1YlzN4ielvPCH3se9 
Supplier#000005426  9Dz2OVT1q sb4BK71ljQ1XjPBYRPvO
Supplier#000005465  63cYZenZBRZ613Q1FaoG0,smnC5zl9
Supplier#000005478  tk1HQxRxeWlaO       
Supplier#000005506  On f5ypzoWgB        
Supplier#000005536  Nzo9tGkpgbHT,EZ4D,77MYKl4ah1C
Supplier#000005542  lM7Z7zbCFaVB7nXU1Ver
Supplier#000005631  14TVrjlzo2SJEBYCDgpMwTlvwSqC
Supplier#000005736  2dq XTYhtYWSfp      
Supplier#000005737  dmEWcS32C3kx,d,B95 OmYn48
Supplier#000005797  ,o,OebwRbSDmVl9gN9fpWPCiqB UogvlSR
Supplier#000005836  tx3SjPD2ZuWGFBRH,   
Supplier#000006059  4m0cv8MwJ9yX2vlwI Z 
Supplier#000006065  UiI2Cy3W4Tu5sLk LuvXLRy6KihlGv
Supplier#000006093  KJNUg1odUT2wtCS2s6PrH3D6fd
Supplier#000006099  aZilwQKYDTVPoK      
Supplier#000006109  rY5gbfh3dKHnylcQUTPGCwnbe
Supplier#000006121  S92ycWwEzYYw4GspCBJN1WMuHhoZ
Supplier#000006167  ka4jyY9IEX0Deh      
Supplier#000006217  RVN23SYT9jenUeaWGXUd
Supplier#000006274  S3yTZWqxTKUq g QQgcW9 AqhCkNZsW51hHuwU
Supplier#000006297  73VRDOO56GUCyvc40oYJ
Supplier#000006463  7 wkdj2EO49iotley2kmIM ADpLSszGV3RNWj
Supplier#000006492  H,X6eulSW3LVy0uxdM  
Supplier#000006521  b9 2zjHzxR          
Supplier#000006607  3F 2e2gqD5u5B       
Supplier#000006642  N,CUclSqRLJcS8zQ    
Supplier#000006665  v dnTfUCHnaXzw7dN8ZSawQPuKqce54
Supplier#000006748  rC,2rEn8gKDIS5Q0dJEoiF
Supplier#000006761  n4jhxGMqB5prD1HhpLvwrWStOLlla
Supplier#000006808  HGd2Xo 9nEcHJhZvXjXxWKIpApT
Supplier#000006946  To6Slo0GJTqcIvD     
Supplier#000007122  xMKInuZNsJ,gLecTyT ROceYfx
Supplier#000007132  xonvn0KAQIL3p8kYk HC1FSSDSUSTC
Supplier#000007135  ls DoKV7V5ulfQy9V   
Supplier#000007147  Xzb16kC63wmLVYexUEgB0hXFvHkjT5iPpq
Supplier#000007160  TqDGBULB3cTqIT6FKDvm9BS4e4v,zwYiQPb
Supplier#000007169  tEc95D2moN9S84nd55O,dlnW
Supplier#000007278  I2ae3rS7KVF8GVHtB   
Supplier#000007299  3WSkVU1ME,JrAaMCJhHixzzzEMY0eTBWpvDX7Lif
Supplier#000007340  9f,1UUNu5Ug54qe17YAuNfVi1yf2ZcJYTZRyDn
Supplier#000007398  V8eE6oZ00OFNU,      
Supplier#000007458  BYuucapYkptZl6fnd2QaDyZmI9gR1Ih16e
Supplier#000007460  s4ypM7SV1D6ut8gtn8OtxV5
Supplier#000007561  rMcFg2530VC         
Supplier#000007675  LMt0fLfNb3c62Tb5bzJCYoKmMQp,Rai
Supplier#000007801  69fi,U1r6enUb       
Supplier#000007818  yhhc2CQec Jrvc8zqBi83
Supplier#000007865  5cDGCS,T6N          
Supplier#000007870  Yg9njBC12zKL3SDTjLXiqSKNgHDWSZxTUd
Supplier#000007874  pyghw9iRdkGvkF0Yf5HEqJvmSOohAPFx6U
Supplier#000007885  u3sicchh5ZpyTUpN1cJKNcAoabIWgY
Supplier#000007926  ErzCF80K9Uy         
Supplier#000007987  NZXfuWO7nKQDj4xyO31N29
Supplier#000008090  eonbJZvoDFYBNUinYfp6yERIg
Supplier#000008131  BDWHW37vwkj8L       
Supplier#000008150  dfFFxptWU9          
Supplier#000008231  IK7eGw Yj90sTdpsP,vcqWxLB
Supplier#000008243  2AyePMkDqmzVzjGTizXthFLo8h EiudCMxOmIIG
Supplier#000008275  BlbNDfWg,gpXKQlLN   
Supplier#000008410  9riCCazinZsgc8mbjKa1wEfbGv oVlgKhanGW
Supplier#000008467  mOzxpu7,0X7f2,BY3d OnG6yDTPz7k74
Supplier#000008480  4sSDA4ACReklNjEm5T6b
Supplier#000008532  Uc29q4,5xVdDOF87UZrxhr4xWS0ihEUXuh
Supplier#000008549  FMsXzKfMDnRHpsjdVb  
Supplier#000008559  IvHvgZ0TtOMX3xFOW9kgYDNXsZv
Supplier#000008579  hMJ9jiSdp1H M7h7xpGOjT6VHBkI QPVYUDV
Supplier#000008683  gLuGcugfpJSeGQARnaHNCaWnGaqsNnjyl20
Supplier#000008750  1SrKDBP9Y0PAguWqMUm7EJrtfqIOsVaTmfz6fP0
Supplier#000008841  I 85Lu1sekbg2xrSIzm0
Supplier#000008879  rDSA,D9oPM,65NMWEFrmGKAu
Supplier#000008972  w2vF6 D5YZO3visPXsqVfLADTK
Supplier#000009032  qK,trB6Sdy4Dz1BRUFNy
Supplier#000009227  dvYajYNbpz          
Supplier#000009252  F7cZaPUHwh1 ZKyj3xmAVWC1XdP ue1p5m,i
Supplier#000009326  XmiC,uy36B9,fb0zhcjaagiXQutg
Supplier#000009359  3C6cbvoRrnGxmBi46zAlrIbzS8
Supplier#000009430  igRqmneFt           
Supplier#000009540  iIq4Ut0C1SZEAF7     
Supplier#000009549  h3RVchUf8MzY46IzbZ0ng09
Supplier#000009567  r4Wfx4c3xsEAjcGj71HHZByornl D9vrztXlv4
Supplier#000009601  51m637bO,Rw5DnHWFUvLacRx9
Supplier#000009811  E3iuyq7UnZxU7oPZIe2Gu6
Supplier#000009812  APFRMy3lCbgFga53n5t9DxzFPQPgnjrGt32
Supplier#000009846  57sNwJJ3PtBDu,hMPP5QvpcOcSNRXn3PypJJrh
Supplier#000009869  ucLqxzrpBTRMewGSM29t0rNTM30g1Tu3Xgg3mKag
Supplier#000009899  7XdpAHrzr1t,UQFZE   
Supplier#000009974  7wJ,J5DKcxSU4Kp1cQLpbcAvB5AsvKT
Supplier#000010045  KXnUVTcc0M4 64E5 AnPc5A9uTcPDALcu 1
Supplier#000010053  g rGIb0ckDPkZrdYW9cI
Supplier#000010062  CrnvedUh2fbt1Ev1JgYdYxyMi6VZyfYm6RGy0O,b
Supplier#000010076  UvAlzXRoFUhR0B      
Supplier#000010137  x2dUbeYdfrPo4qUSJdRHf6cghXEQoNmHlNoFM
Supplier#000010232  sJwfSOA0raa64TVBxHWoIJBE kOMUESrp54Bdx
Supplier#000010320  z5sUBQROZQL33 1aNbvxwxv
Supplier#000010378  B8jOOQmOA 50Kh3bxUdBx
Supplier#000010390  mV7IVtTHTorQwikuBJHnGvU1kyK
Supplier#000010409  fAUMDdju88k83dE8aULxzUeNJJKCB98BwfYe
Supplier#000010499  AmZQ39jp9jb1Ji87VMNGPqi
Supplier#000010546  lqWFFKhXnKyGkmT2uOgJy
Supplier#000010676  53jVoS5cwQHlk7oH08JEPMEUfIDkaINqc
Supplier#000010818  v7AqbqLi9ueCBsGv77wvgb1IFijOfqI4f
Supplier#000010831  U 3eu8H9dYazyG8j    
Supplier#000010862  G54lJYVH tzyHghsQywSFVZr33H
Supplier#000010917  vHlu92hjjZstrDZYtd3 
Supplier#000010967  nqaFCNodkM3h 7N3bR4xp
Supplier#000011002  mg16uRWEOZuvy9KqpO  
Supplier#000011032  vQ9ikV2UkGDvCgWFSxO8n5t3kS0EanLnvoGF
Supplier#000011059  jxO4LCwFQY2qnJnBLO4hUFsP5oC1lgQI9r
Supplier#000011126  9,3WU28Vj5x9f5K7j9d8wtQ4PKyj
Supplier#000011196  LyXLlCk8GDCqpmmlypH 
Supplier#000011241  lrWx4OI3YEzWHqxBA8dGdL5a6YGMH3u bHz
Supplier#000011357  2HwYGPk8jBFGeKEWPETM0l
Supplier#000011373  TDMCgDAxsYRytTdNDAmBSISQQoJEVljagztCU
Supplier#000011547  XsCOTP1wYV3MU       
Supplier#000011564  nZcaFetblt7YyO bZqwsUMWa6
Supplier#000011767  cjMTk oyq8VzuWL8N mjiSAld2LmaxYtu
Supplier#000011843  fSG8aElPRJxrsFY1KWflVnRfb8kZfKerkQbd
Supplier#000011871  xItX4FTnuyJtsimu5,L5xeM63TWmE
Supplier#000011896  hSIRYZcc6HF1vJdaiDlFngQ5
Supplier#000011934  FOra4RvocgyTe       
Supplier#000011951  XRnC1A6qFa8MOH6lRCex
Supplier#000011961  bEyhUCRCwIyiO1iq064nSnj5P5kuys0
Supplier#000011970  fs1JpCosX4CL02t2aslWm6c
Supplier#000012015  Q3NyRBX88DcJvAMsLnIIzzL
Supplier#000012127  90 KkLyvnmyirsOZ4v2JEdfKeDx34n6T
Supplier#000012154  lsN9fiCEtjC         
Supplier#000012265  5f94Ln9mlgflNFl0Xy7nQcSCZbH7hm6CvVE3
Supplier#000012311  hdrYQujROlrh        
Supplier#000012319  0d2xNmvz91u9V6PB9ag2boppxWMpnksz3Od5
Supplier#000012356  XB7ipQ3,bAjs5t      
Supplier#000012434  X2pWvulfJA50cYhi, qrW4ACwhuHUUSQ,duV
Supplier#000012498  NDmfAAGJ1zP2O9rOm WEwVr
Supplier#000012499  BkBRcfuD9m,rozWZLqB8
Supplier#000012526  1S3ututx71iL,zu4,   
Supplier#000012530  SjK92Eh6CbdSZw      
Supplier#000012716  hLrr5d8ulC1o        
Supplier#000012739  M7bRxIjxype         
Supplier#000012741  3j75I1iq,pERKergVNTY8
Supplier#000012789  G,AAG28Mst2WLDIz t7HzVCBr
Supplier#000012878  iIj3NnQnH2gIWBil  9JTuYxjUDQoWi75JSHOT
Supplier#000012932  wysYo7J hLIc62noELECHG0B7OTcYeaMj
Supplier#000012935  SLpu2,UE,YibVln gCwVo
Supplier#000013005  nM7DiXMMgB          
Supplier#000013065  iPM Ki1omzUvQY8     
Supplier#000013074  z 8tlL8NQltrk1v1pPrjcVjrJ
Supplier#000013077  c8EXK5zykuY         
Supplier#000013082  4uIS5cQK5E1LQj wqh8mCO4lmZI9xTsA6,9gIfqq
Supplier#000013277  lR pqFSQrNMqFvIVjqXlMauxGzsq
Supplier#000013292  SixcHU0vWbVdxdN4uaeXpxqvGSZO
Supplier#000013356  JHUJPWceN8GDxKXyI,E l0b
Supplier#000013379  gQr2WANXqXV74i96wRTBRgzLrg7pX
Supplier#000013488  enGho3ctialR2KPHI8lJ plzLgtG8fwLccL53
Supplier#000013537  QIdKA80WVh3jq       
Supplier#000013539  OmmKWmyXnfFrtq      
Supplier#000013543  jllASkvb5IombcGXdwTaBqFkXkBGemwTorEUEqzn
Supplier#000013566  w4836CTjXuY5R9LnNisEL7B95eiUUq8bsNpvjH4d
Supplier#000013635  bm2 g5Z8 CWwAK3mFB 5fXQ fOzrhkocksIg9WVB
Supplier#000013643  v0UKPxNGzchbr0KwVFwovoCAG1be9zrTIDaG9T
Supplier#000013667  3cSfdJ,VA0E3KCBWf Rc2BfEdCH8Z9W6Ut
Supplier#000013723  RMzBe RPYK3         
Supplier#000013866  u00SZY3Wytc         
Supplier#000014150  j7,VdRCjkY7         
Supplier#000014220  xLVaAMKncm6n,KarW7D09F1VDPJu9
Supplier#000014343  HnCXoIjX6mbQm7UAdAXVc
Supplier#000014353  mdLxriZXVXnv5yt07GfyZjV12mXdT34VvlwvK7JI
Supplier#000014401  8 BM9lZk61LWUI i2U8jXD4V3iEoo7
Supplier#000014432  mRc8JLBiBG6qWvkr40FcPx5TEkMMO7
Supplier#000014456  xp6nZtykh vMwD0U1xR 
Supplier#000014475  wh8un3kDeE8MCX0eChKKTDfVCqlPwLMWufV3
Supplier#000014507  nrTEH2amxFSzx1rnMckI
Supplier#000014622  zPYoWA6LipRbcmbA    
Supplier#000014640  PwIUsHK2vS3SR9UvzKAboRd
Supplier#000014696  E8sRVrXwmJgNqAq0W0to D2tGOrEunEn,iMQMo,M
Supplier#000014735  f1PpRaOIGPAHi84JIRAtt4v30c
Supplier#000014796  BrU5GZEVHpV6wvyPHPDZB5yCi4xEDbIN
Supplier#000014802  Cp3z7FpRh6TF7AUF7a13vEu8AN
Supplier#000014830  g2kTBW0oleMs        
Supplier#000014889  9LXmve53H3O         
Supplier#000015118  4NQ3W0GGwI5CDHxAgGsg03d qV bup0E5N4x5
Supplier#000015181  HmbMTGFLsVQRlLmo0JWLJ,zJiaHLJ1mRpPum
Supplier#000015348  qKdzq18rIlSCkJbZIGEM3kNnUXeHtl0
Supplier#000015351  L,gZspekxzPce62HH4WKRQNe2TQl9W
Supplier#000015365  7az8Gu9O8iU3TK4bP3GTGAUROjBjdm
Supplier#000015461  dGevLO,L6piq0I,o    
Supplier#000015466  tCtDGU6zUe0Z NFw6la8E7qGgVZaoSnsbHH7M1
Supplier#000015492  o6UKflyQWEyb9DwndN2eyHgfYLbsENSehD
Supplier#000015661  jDyrsCc3z4OrysgxcLmRlqBahJwaIRGUjze
Supplier#000015677  ,zdcdS9xY1X7wd2Ou2KCjM PMwnd AZ
Supplier#000015777  Y7byhR4knAha3pdyeWcIa
Supplier#000015788  2yUbYtQnM,VekFZjrkCqUdbAbU4E fp
Supplier#000015791  q,vx0D22ot3cX,ha6XmJC4N,9GGk
Supplier#000015933  uqak,ASFV7wyCf0qWgo5iIs5C rPQ7rk
Supplier#000015947  rWuDd885i2hJm0q7xcf 
Supplier#000015956  YShH1mPV9jqx6Qh8kI3gxuZ
Supplier#000016040  f544VZpVb1WCSmvHLhEJVb6Sp7uvUjvyoS
Supplier#000016044  ,K6SrYWvd SjRYkfTn  
Supplier#000016054  cLqrYKmyeG2B,vRs0qQbKaA0RaDAwiuUgUG
Supplier#000016073  JfZODa6fvDSWoQyHHeCN3TR4s8iSB,
Supplier#000016269  JSxw79tIuKj1YNEKOsR3XXh7gleoWC7Tnmq
Supplier#000016313  3cxEZ4Aya9XcMZJFYWFAiCUDJ31T
Supplier#000016419  0ycR,pFNkMQEn4bILCvDd9B28
Supplier#000016463  uBn,fvFOeaA4oxR7YpTRhzXCmbIdekU9gMwGn
Supplier#000016556  TI5a Igfzlm2FXo,ba3 
Supplier#000016749  JI71jLJQgb4j6eOWxQnWa0tF
Supplier#000016774  4fVBEdN67EG1C69if NBY8BaE2pRAtli J
Supplier#000016788  8kD7F,jXGUtTzG2 6VrYHihSGdP,t,yYzxu3CNF,
Supplier#000016824  oNOF2OZK5TSNjWI9xebNQy
Supplier#000017030  fMTqx7o6NrG8yD1YgfsWxRFH
Supplier#000017069  bIu9PpbDuAQr69e1lPTSGATQEteFv5m
Supplier#000017074  tzdS30ml8oV4        
Supplier#000017157  o1HtVZRqjaDAnNMWangyDbNPR
Supplier#000017194  U6IXqJmGEW71rTYWg0,G
Supplier#000017246  pU ohjMn1d0ch9      
Supplier#000017253  UOaREjg0hgm8PpxEaV825mZyM6qlynEaRzUN7 AP
Supplier#000017262  R 5F PDduDr,nfmNQeAvZqcsFgw
Supplier#000017357  mjezh7nT0UXwXg      
Supplier#000017396  spIK1m8MVncS4X96ZPw,GouR5C9tA eA3aDD
Supplier#000017497  3pmuArHaa5sFjZLXXFtVVxBV5cfgswhk1HrTMKd
Supplier#000017525  RDUkrGMjHd0         
Supplier#000017649  4Rne7FsNnfQQ11Lxg   
Supplier#000017683  GnQyrriqIozsoi      
Supplier#000017721  akVCfRF13VIZpGLHTuOmjmSOE4F,bOSyXUiIUya
Supplier#000017784  Fa0LctNHWhb         
Supplier#000017791  etRwroUKXf3G26q4jQCDvfwtPWV,YKMS7t2BB3ZI
Supplier#000017811  I6oXaAB6uQEAVnP9qNqPrmHGBxoObsETEyv
Supplier#000017827  bHqs6l32AgdrPYHTbjiuZpiHnNiulKiBl6LnwSh
Supplier#000017894  EnA8OBQydjiNBS9CyqFEY1Rv1ERR
Supplier#000018152  6WB4EkNA9U9k,x5yf0VwXEIlwk7t8
Supplier#000018190  t bfDD7fCFdFoOAT2LgpFL1UYZteYaZnuykk
Supplier#000018202  Kb4B9JLxkGCl0JrmFEqeoeGNTRMbQ3uwcD3
Supplier#000018209  d3bGsa,NydiLzWHzspFc12m0iYN
Supplier#000018313  86Os1gr9JMaBgIdW ixDverlZbDRwH
Supplier#000018322  c0oC3sjngpibJn      
Supplier#000018363  jKsSU0q8sgskyzbbmx  
Supplier#000018452  B3CK05GsUmKpOo8ggCyEoDpN0XPSDOdv
Supplier#000018475  b6Z,YjG4cFRt5w8LqsWxhN
Supplier#000018538  RzQC3KVjyioKzsLr GIrIwBcUuWll
Supplier#000018541  QKZibbr0sAeKuOt5XZcVSQg C69I
Supplier#000018570  v,0iWVot2T1nSOdEwWeKBcTIUZZL
Supplier#000018626  BevcZupMs1FhjLF     
Supplier#000018664  JZACbhOQBaQ7DVt5BsZeb3g7M
Supplier#000018967  F8LlmQPIjFwq9CvL3bpx
Supplier#000018983  V8e2DT22fvVX,x      
Supplier#000019135  nKnOk6AivZh498bBsW4757envOGxVaTILzfsBr
Supplier#000019144  MhjAjK,sEDKv YtPE8WjhX
Supplier#000019176  Lh,einRcbuDcmrfKTbymhBsvGjg4fff6gBY
Supplier#000019254  RVPOSPB6eb7NRD Qgu  
Supplier#000019298  Rz3gal8RmZs,4xxegHAQ
Supplier#000019325  g8uUFaO5nqTUWOAq    
Supplier#000019331  NhqwarLKk55aj9bCVU5Sw5eHKL
Supplier#000019347  oAIGWNTMfkqQNQW1O TG3ve
Supplier#000019367  sy,vpNkEBwMidJ4Y4S 2SI
Supplier#000019407  Q4CrhMqzNE097Oqof9o ZJ
Supplier#000019421  fWqnpUgTvlfeoLBnh1EFU,NcVR5D Rhhks
Supplier#000019488  Ht9sQaTiUNVGmc jjzpDbN
Supplier#000019541  pNJBZ5YL8I32QKojhGfTG4bHsMKRfk7jTMf2IuS
Supplier#000019542  VKINy8EXbPmohy      
Supplier#000019556  OXRSHzal,0LD0fSi3dL6eOk
Supplier#000019634  V11HMH5p2uRsxa6YJpmQ2XR,dl7bPXhlMi
Supplier#000019640  yhosoJdBbHifu9PaQ1XC0G
Supplier#000019670  LCec4zOBjCGUEOdf B0TtbOfByP
Supplier#000019733  dh49Lpc10tsMrUKKbhHjs5tke
Supplier#000019783  A5saQlxXl8ksg8WUVTlQTTLm
Supplier#000019784  ZpXdgUV9N3Ud9bpmZuxE0E7djzzyhhO8
Supplier#000019835  PooaH0nraq5LMmDfY5zQI
Supplier#000019872  Su1, 66euy5lx7JnKA1U
