nation              o_year              sum_profit          
------------------------------------------------------------
ALGERIA             1998                52527810.574200     
ALGERIA             1997                91379202.640000     
ALGERIA             1996                93836197.065700     
ALGERIA             1995                89800564.535000     
ALGERIA             1994                89526473.059400     
ALGERIA             1993                87920033.528500     
ALGERIA             1992                93186212.298200     
ARGENTINA           1998                55528362.337900     
ARGENTINA           1997                99194949.736200     
ARGENTINA           1996                100693326.118100    
ARGENTINA           1995                96543938.781100     
ARGENTINA           1994                96674433.398600     
ARGENTINA           1993                100203965.645400    
ARGENTINA           1992                94973581.344100     
BRAZIL              1998                55584556.554000     
BRAZIL              1997                95448069.949800     
BRAZIL              1996                93489511.972200     
BRAZIL              1995                92535435.184800     
BRAZIL              1994                95892624.304000     
BRAZIL              1993                95655670.927900     
BRAZIL              1992                95986997.667800     
CANADA              1998                55915189.501400     
CANADA              1997                96363457.579100     
CANADA              1996                97861347.817400     
CANADA              1995                99821786.029300     
CANADA              1994                96735489.113800     
CANADA              1993                98726592.642900     
CANADA              1992                97133604.583600     
CHINA               1998                57379731.117700     
CHINA               1997                99751222.608100     
CHINA               1996                95902314.364000     
CHINA               1995                97360190.559900     
CHINA               1994                98719525.291300     
CHINA               1993                97850232.580500     
CHINA               1992                94009013.633600     
EGYPT               1998                53124076.534500     
EGYPT               1997                91183512.121600     
EGYPT               1996                90957680.802900     
EGYPT               1995                94312762.227900     
EGYPT               1994                93033521.036500     
EGYPT               1993                90796688.465600     
EGYPT               1992                88710915.523300     
ETHIOPIA            1998                48656138.083600     
ETHIOPIA            1997                84671932.315200     
ETHIOPIA            1996                86850659.895900     
ETHIOPIA            1995                87921106.079300     
ETHIOPIA            1994                86080771.157800     
ETHIOPIA            1993                83497073.568300     
ETHIOPIA            1992                86793033.640400     
FRANCE              1998                53148751.901800     
FRANCE              1997                89141623.758700     
FRANCE              1996                90951561.543500     
FRANCE              1995                88914620.616000     
FRANCE              1994                92136608.530100     
FRANCE              1993                89491625.929600     
FRANCE              1992                91273565.234800     
GERMANY             1998                51690617.867600     
GERMANY             1997                96818129.238700     
GERMANY             1996                95113202.789000     
GERMANY             1995                94361431.044700     
GERMANY             1994                91908144.279500     
GERMANY             1993                93059626.145100     
GERMANY             1992                94761590.982700     
INDIA               1998                52991890.250500     
INDIA               1997                88622825.990700     
INDIA               1996                89866321.487800     
INDIA               1995                92350943.406600     
INDIA               1994                89375401.404600     
INDIA               1993                88255827.058700     
INDIA               1992                91107131.438500     
INDONESIA           1998                61353102.157500     
INDONESIA           1997                102702417.692500    
INDONESIA           1996                97908304.784100     
INDONESIA           1995                101847802.883400    
INDONESIA           1994                100361827.556200    
INDONESIA           1993                100108180.910800    
INDONESIA           1992                99838006.818100     
IRAN                1998                53939404.939600     
IRAN                1997                94351938.519300     
IRAN                1996                94298701.967400     
IRAN                1995                93341858.693400     
IRAN                1994                90334440.542900     
IRAN                1993                93102778.066300     
IRAN                1992                92357614.990600     
IRAQ                1998                57217014.281400     
IRAQ                1997                94017506.528300     
IRAQ                1996                94249150.706500     
IRAQ                1995                94145857.264300     
IRAQ                1994                98241925.848400     
IRAQ                1993                98715128.368400     
IRAQ                1992                98769237.670300     
JAPAN               1998                54606625.501100     
JAPAN               1997                91829315.238500     
JAPAN               1996                91762274.773700     
JAPAN               1995                90330635.332600     
JAPAN               1994                87944525.910800     
JAPAN               1993                91473639.496800     
JAPAN               1992                90636758.802400     
JORDAN              1998                55306365.227500     
JORDAN              1997                93833554.035900     
JORDAN              1996                97076689.555700     
JORDAN              1995                94065383.046400     
JORDAN              1994                97351374.425000     
JORDAN              1993                96936015.353300     
JORDAN              1992                96014307.477400     
KENYA               1998                49061785.904200     
KENYA               1997                86416365.969900     
KENYA               1996                86434066.149300     
KENYA               1995                87314626.318200     
KENYA               1994                88312133.336200     
KENYA               1993                88077973.633700     
KENYA               1992                84272286.190300     
MOROCCO             1998                52778315.150500     
MOROCCO             1997                86510262.196100     
MOROCCO             1996                91352109.695800     
MOROCCO             1995                84576616.771400     
MOROCCO             1994                86495012.280200     
MOROCCO             1993                84306809.202500     
MOROCCO             1992                86002696.271000     
MOZAMBIQUE          1998                53553399.765500     
MOZAMBIQUE          1997                91403025.166600     
MOZAMBIQUE          1996                90466253.871200     
MOZAMBIQUE          1995                91175734.908000     
MOZAMBIQUE          1994                91543791.445800     
MOZAMBIQUE          1993                95202482.103900     
MOZAMBIQUE          1992                92480764.554400     
PERU                1998                57992726.937700     
PERU                1997                100431465.170200    
PERU                1996                99746826.253900     
PERU                1995                99463792.171800     
PERU                1994                100108034.885800    
PERU                1993                97322918.093000     
PERU                1992                95627489.444000     
ROMANIA             1998                56041872.484000     
ROMANIA             1997                94375195.773600     
ROMANIA             1996                95910823.710100     
ROMANIA             1995                91143949.010500     
ROMANIA             1994                94112462.776000     
ROMANIA             1993                90325388.485400     
ROMANIA             1992                94263589.424000     
RUSSIA              1998                55626008.902900     
RUSSIA              1997                92065957.817600     
RUSSIA              1996                96087711.646100     
RUSSIA              1995                95896377.017900     
RUSSIA              1994                93944231.948000     
RUSSIA              1993                95702346.241600     
RUSSIA              1992                93540760.589200     
SAUDI ARABIA        1998                55082475.208700     
SAUDI ARABIA        1997                94788550.371100     
SAUDI ARABIA        1996                95367838.970000     
SAUDI ARABIA        1995                98228499.844000     
SAUDI ARABIA        1994                100209323.261100    
SAUDI ARABIA        1993                99078860.760900     
SAUDI ARABIA        1992                94543127.201000     
UNITED KINGDOM      1998                55880598.487400     
UNITED KINGDOM      1997                95003231.505500     
UNITED KINGDOM      1996                97142884.514300     
UNITED KINGDOM      1995                95410522.833200     
UNITED KINGDOM      1994                92937084.848800     
UNITED KINGDOM      1993                94488045.429000     
UNITED KINGDOM      1992                97244198.445200     
UNITED STATES       1998                57397893.899500     
UNITED STATES       1997                98129801.405800     
UNITED STATES       1996                97623118.956000     
UNITED STATES       1995                98943652.405400     
UNITED STATES       1994                100375910.806300    
UNITED STATES       1993                96143187.431400     
UNITED STATES       1992                98331771.361900     
VIETNAM             1998                52318461.578700     
VIETNAM             1997                87129448.740100     
VIETNAM             1996                87249726.485800     
VIETNAM             1995                91650989.847500     
VIETNAM             1994                89214326.134300     
VIETNAM             1993                87186447.039200     
VIETNAM             1992                87335126.516300     
