s_name              s_address           
----------------------------------------
Supplier#000000013  HK71HQyWoqRWOX8GI FpgAifW,2PoH
Supplier#000000091  YV45D7TkfdQanOOZ7q9QxkyGUapU1oOWU6q3
Supplier#000000157  ,mEGorBfVIm         
Supplier#000000205  rF uV8d0JNEk        
Supplier#000000226  83qOdU2EYRdPQAQhEtn GRZEd
Supplier#000000285  Br7e1nnt1yxrw6ImgpJ7YdhFDjuBf
Supplier#000000354  w8fOo5W,aS          
Supplier#000000361  f8IUYRmdVXhQC9qJQjWknCXmzhe38vCbk6
Supplier#000000378  FfbhyCxWvcPrO8ltp9  
Supplier#000000431  WoeV,NINojE6hJjauAdrl5fGcdxX5JUPLnrim
Supplier#000000530  0qwCMwobKY OcmLyfRXlagA8ukENJv,
Supplier#000000555  TfB,a5bfl3Ah 3Z 74GqnNs6zKVGM
Supplier#000000640  mvvtlQKsTOsJj5Ihk7,cq
Supplier#000000657  nas2fhRwM97W8EEqYpBN
Supplier#000000688  D fw5ocppmZpYBBIPI718hCihLDZ5KhKX
Supplier#000000729  pqck2ppy758TQpZCUAjPvlU55K3QjfL7Bi
Supplier#000000736  l6i2nMwVuovfKnuVgaSGK2rDy65DlAFLegiL7
Supplier#000000783  dMpZwZ95xznZWg4acMQW dK8AQMhB
Supplier#000000848  tx44JAuF,Jnw1       
Supplier#000000884  bmhEShejaS          
Supplier#000000935  ij98czM 2KzWe7dDTOxB8sq0UfCdvrX
Supplier#000000971  23XaUVLYuC3tQIPHCuLLgM5UawL
Supplier#000001033  A6x1P,56sVHkb4DqVyUw32n,ChI
Supplier#000001245  bztTCfHZnsLafgtZWe,isV Gr 4IFg
Supplier#000001367  42YSkFcAXMMcucsqeEefOE4HeCC
Supplier#000001426  bPOCc086oFm8sLtS,fGrH
Supplier#000001446  lch9HMNU1R7a0LIybsUodVknk6
Supplier#000001447  Y6nbeZmxx9J0j,1PLvpljga qvtV0e3ehThVjXMf
Supplier#000001501  xL06,Y 2M3CjPr      
Supplier#000001528  it4EmP9yhW0IZvUnapbYfoKXVvY2
Supplier#000001602  uKNWIeafaM644       
Supplier#000001624  ISkTuv6KLp9AcxdWRGJ8 ey,r56tQ9DozGP
Supplier#000001693  eyOiCRnurWys75HSWkBONbM3m8u9ESsN3Rml,
Supplier#000001700  7hMlCof1Y5zLFg      
Supplier#000001726  TeRY7TtTH24sEword7yAaSkjx8
Supplier#000001806  M934fuZSnLW         
Supplier#000001855  MWk6EAeozXb         
Supplier#000001856  jXcRgzYF0ah05iR8p6w5SbJJLcUGyYiURPvFwUWM
Supplier#000001873  Tdzlitffjp,Qv7bB3mWthF8
Supplier#000001939  Nrk,JA4bfReUs       
Supplier#000002020  jB6r1d7MxP6co       
Supplier#000002117  MRtkgKolHJ9Wh X9J,urANHKDzvjr
Supplier#000002218  nODZw5q4dx kp0K5    
Supplier#000002241  iGV,9clV9LwufQVVqiOO1plFx
Supplier#000002245  hz2qWXWVjOyKhqPYMoEwz6zFkrTaDM
Supplier#000002264  dBDsb7P6EcVLsX      
Supplier#000002272  tQdSwOifi4AkfJh     
Supplier#000002331  WRh2w5WFvRg7Z0S1AvSvHCL
Supplier#000002476  XmIgFZUxS9KpXDl     
Supplier#000002481  nLKHUOn2Ml9TOA06Znq9GEMcIlMO2
Supplier#000002571  JZUugz04c iJFLrlGsz9O N,W 1rVHNIReyq
Supplier#000002630  ZIQAvjNUY9KH5ive zm7k VlPiDl7CCo21
Supplier#000002669  GG1GW2tM6wvOW iIPblxxmXj2g
Supplier#000002730  lIFxR4fzm31C6,muzJwl84z
Supplier#000002799  lwr, 6L3gdfc79PQut,4XO6nQsTJY63cAyYO
Supplier#000002853  rTNAOItXka          
Supplier#000002875  6JgMi 9Qt6VmwL3Ltt1SRlKww0keLQ,RAZa
Supplier#000002934  m,trBENywSArwg3DhB  
Supplier#000002941  Naddba 8YTEKekZyP0  
Supplier#000002980  B9k9yVsyaXvWktOSHezqHiAEp9id0SKzkw
Supplier#000003169  ODz6ABJGTs8Qnz      
Supplier#000003201  E87yws6I,t0qNs4QW7UzExKiJnJDZWue
Supplier#000003241  j06SU,LS9O3mwjAMOViANeIhb
Supplier#000003275  9xO4nyJ2QJcX6vGf    
Supplier#000003304  wLN88ULs9Y          
Supplier#000003314  jnisU8MzqO4iUB3zsPcrysMw3DDUojS4q7LD
Supplier#000003380  jPv0V,pszouuFT3YsAqlP,kxT3u,gTFiEbRt,x
Supplier#000003423  ,,hFmixRsUfI        
Supplier#000003448  eVa5XwFZOM6p8d9g6Pmn4YhbD PUnFAI
Supplier#000003454  AE2EfmgORyk26eAgr   
Supplier#000003528  qJB,nuoxi0AGuX,9Z3tzDK
Supplier#000003561  Zc9L62QD0dCSXxykBJS1K
Supplier#000003652  BJVxk,zw5nau6FCSum9xWVZ
Supplier#000003656  eEYmmO2gmD JdfG32XtDgJV,db56
Supplier#000003782  iVsPZg7bk06TqNMwi0LKbLUrC1zmrg
Supplier#000003797  UuWXXv4ID LLOj      
Supplier#000003849  KgbZEaRk,6Q3mWvwh6uptrs1KRUHg 0
Supplier#000003894  vvGC rameLOk        
Supplier#000003918  meRvRCsJoAbfqd0Re4  
Supplier#000003976  FXTXVXGZecnK2LMNzyv,suyHOxJ hQ
Supplier#000004005  V723F1wCy2eA4OgIu8TjBtOVUHp
Supplier#000004059  umEYZSq9RJ2WEzdsv9meU8rmqwzVLRgiZwC
Supplier#000004201  C5x43M76dnb1w2LFbhB 
Supplier#000004207  tF64pwiOM4IkWjN3mS,e06WuAjLx
Supplier#000004278  bBddbpBxIVp Di9     
Supplier#000004304  hQCAz59k,HLlp2CKUrcBIL
Supplier#000004346  S3076LEOwo          
Supplier#000004353  b4HfPj9UX35uP2H7a6xohz7orfVX
Supplier#000004371  krCpx7vN0eJ06aMie Lh7VwTDz
Supplier#000004527  p pVXCnxgcklWF6A1o3OHY3qW6
Supplier#000004542  NJSbLJDroYG2y1r3rDiKg
Supplier#000004574  1HvGwnVueZ5CIndc    
Supplier#000004656  O5EOVs9MGfEMxSJyvL6Ty9DDRdEs7CTx7Okwwf
Supplier#000004701  6jX4u47URzIMHf      
Supplier#000004769  Iom2IeCJ44BiWH      
Supplier#000004961  HTHQsovnuqEaKFswci8rS
Supplier#000004975  GPq5PMKY6Wy         
Supplier#000004987  UFx1upJ8MvOvgFjA8   
Supplier#000005076  Xl7h9ifgvIHmqxFLgWfHK4Gjav BkP
Supplier#000005100  OfvYPs3Io,wEvvLHNaLuCX
Supplier#000005196  EKn1rQDs252VxJ5GGcaZ8yu8DWMiaadb
Supplier#000005256  Onc3t57VAMchm,pmoVLaU8bONni9NsuaM PzMMFz
Supplier#000005283  5fxYXxwXy,TQX,MqDC2hxzyQ
Supplier#000005323  tMCkdqbDoyNo8vMIkzjBqYexoRAuv,T6 qzcu
Supplier#000005426  9Dz2OVT1q sb4BK71ljQ1XjPBYRPvO
Supplier#000005478  tk1HQxRxeWlaO       
Supplier#000005605  7Vj6Eil0mThqkM      
Supplier#000005686  f2RBKec2T1NIi7yS M  
Supplier#000005730  5rkb0PSews HvxkL8JaD41UpnSF2cg8H1
Supplier#000005736  2dq XTYhtYWSfp      
Supplier#000005737  dmEWcS32C3kx,d,B95 OmYn48
Supplier#000005809  OS,jWuDlF0msPmJVIXAFsJVGjRs
Supplier#000005836  tx3SjPD2ZuWGFBRH,   
Supplier#000005855  zz7AA867zRvbpsZIRmoiQ5
Supplier#000005875  lK,sYiGzB94hSyHy9xvSZFbVQNCZe2LXZuGbS
Supplier#000006059  4m0cv8MwJ9yX2vlwI Z 
Supplier#000006065  UiI2Cy3W4Tu5sLk LuvXLRy6KihlGv
Supplier#000006070  TalC5m0pDrO6DZbngfmGmqe
Supplier#000006084  gv,vfg,ApqCQ37Sy2O0v3Gsr
Supplier#000006093  KJNUg1odUT2wtCS2s6PrH3D6fd
Supplier#000006109  rY5gbfh3dKHnylcQUTPGCwnbe
Supplier#000006215  j2iEbTsl,5PWdqWZ7k1yiISb7qtiiZljDIPEo
Supplier#000006217  RVN23SYT9jenUeaWGXUd
Supplier#000006297  73VRDOO56GUCyvc40oYJ
Supplier#000006435  xIgE69XszYbnO4Eon7cHHO8y
Supplier#000006642  N,CUclSqRLJcS8zQ    
Supplier#000006764  caeE02gh59 c7Q6m9LPAJV f0W,OCVWjn8I
Supplier#000006808  HGd2Xo 9nEcHJhZvXjXxWKIpApT
Supplier#000006861  bZz6ZxOpgInQ DJ6    
Supplier#000006863  ElFcmfHn2n          
Supplier#000006872  XIDPiA7PLXCWK6SeEcld
Supplier#000006946  To6Slo0GJTqcIvD     
Supplier#000006961  ctlQlwwwlE15RbfayrBKteB
Supplier#000006985  PrUUiboQpy,OtgJ01Z4BxJQUyrw9c3I
Supplier#000007072  2tRyX9M1a 4Rcm57s779F1ANG9jlpK
Supplier#000007098  G3j8g0KC4OcbAu2OVoPHrXQWMCUdjq8wgCHOExu
Supplier#000007122  xMKInuZNsJ,gLecTyT ROceYfx
Supplier#000007132  xonvn0KAQIL3p8kYk HC1FSSDSUSTC
Supplier#000007135  ls DoKV7V5ulfQy9V   
Supplier#000007146  J8I3Pyfc2Usr2tJMJLDbsq7
Supplier#000007147  Xzb16kC63wmLVYexUEgB0hXFvHkjT5iPpq
Supplier#000007278  I2ae3rS7KVF8GVHtB   
Supplier#000007299  3WSkVU1ME,JrAaMCJhHixzzzEMY0eTBWpvDX7Lif
Supplier#000007304  n 2pSn2qMg85wHuzOwsTRs0G73Ni
Supplier#000007322  wr7dgte5q MAjiY0uwmi3MyDkSMX1
Supplier#000007365  51xhROLvQMJ05DndtZWt
Supplier#000007398  V8eE6oZ00OFNU,      
Supplier#000007402  4UVv58ery1rjmqSR5   
Supplier#000007426  4r0HDt85zLPoM       
Supplier#000007460  s4ypM7SV1D6ut8gtn8OtxV5
Supplier#000007536  c9HkDsVtkhjKrW      
Supplier#000007561  rMcFg2530VC         
Supplier#000007760  JsPE18PvcdFTK       
Supplier#000007777  nAyZoZF,GfnpEtFRV1yf
Supplier#000007789  rQ7cUcPrtudOyO3svNSkimqH6qrfWT2Sz
Supplier#000007818  yhhc2CQec Jrvc8zqBi83
Supplier#000007865  5cDGCS,T6N          
Supplier#000007874  pyghw9iRdkGvkF0Yf5HEqJvmSOohAPFx6U
Supplier#000007885  u3sicchh5ZpyTUpN1cJKNcAoabIWgY
Supplier#000007918  r,v9mBQ6LoEYyj1     
Supplier#000007926  ErzCF80K9Uy         
Supplier#000007957  ELwnio14ssoU1 dRyZIL OK3Vtzb
Supplier#000007998  LnASFBfYRFOo9d6d,asBvVq9Lo2P
Supplier#000008109  aWXR91ghUYjN4xaSINKO5FBKbRrNg2g3HH
Supplier#000008168  aOa82a8ZbKCnfDLX    
Supplier#000008231  IK7eGw Yj90sTdpsP,vcqWxLB
Supplier#000008410  9riCCazinZsgc8mbjKa1wEfbGv oVlgKhanGW
Supplier#000008549  FMsXzKfMDnRHpsjdVb  
Supplier#000008559  IvHvgZ0TtOMX3xFOW9kgYDNXsZv
Supplier#000008595  MH0iB73GQ3z UW3O DbCbqmc
Supplier#000008683  gLuGcugfpJSeGQARnaHNCaWnGaqsNnjyl20
Supplier#000008742  HmPlQEzKCPEcTUL14,kKq
Supplier#000008753  6GOqHvcUSO18Yc      
Supplier#000008895  2cH4okfaLSZTTg8sKRbbJQxkmeFu2Esj
Supplier#000009032  qK,trB6Sdy4Dz1BRUFNy
Supplier#000009043  57OPvKH4qyXIZ7IzYeCaw11a5N1Ki9f1WWmVQ,
Supplier#000009227  dvYajYNbpz          
Supplier#000009326  XmiC,uy36B9,fb0zhcjaagiXQutg
Supplier#000009359  3C6cbvoRrnGxmBi46zAlrIbzS8
Supplier#000009430  igRqmneFt           
Supplier#000009460  j4O6xdqHc029jy5iPBgNv3E
Supplier#000009506  YqNm9Ml0j,8NhZntYZKzJgWZdrUxX7t
Supplier#000009753  wLhVEcRmd7PkJF4FBnGK7Z
Supplier#000009799  4wNjXGa4OKWl        
Supplier#000009812  APFRMy3lCbgFga53n5t9DxzFPQPgnjrGt32
Supplier#000009846  57sNwJJ3PtBDu,hMPP5QvpcOcSNRXn3PypJJrh
Supplier#000009899  7XdpAHrzr1t,UQFZE   
Supplier#000009961  mzznwxAlU97eIjL5Lj87oXPVmmJpANU
Supplier#000009972  Gf,aDlPGBtXHSXpdKR70TWzSela,Yw9hLl
Supplier#000009974  7wJ,J5DKcxSU4Kp1cQLpbcAvB5AsvKT
Supplier#000010030  XIjCJB02GkhyDsLtZYoKCf
Supplier#000010076  UvAlzXRoFUhR0B      
Supplier#000010232  sJwfSOA0raa64TVBxHWoIJBE kOMUESrp54Bdx
Supplier#000010254  OInOvJBToGLf,TjMG   
Supplier#000010390  mV7IVtTHTorQwikuBJHnGvU1kyK
Supplier#000010477  asi8LzAvygFAUkiUqevJPaS3a2
Supplier#000010580  Fpd7bOP8giWrtYbcTdYTT8u7kOcEWQ8dt02ILvQ5
Supplier#000010694  TZhYvpylYl,XTyuM,lq 
Supplier#000010818  v7AqbqLi9ueCBsGv77wvgb1IFijOfqI4f
Supplier#000010831  U 3eu8H9dYazyG8j    
Supplier#000010930  gtaiMhO4ToOxKP      
Supplier#000011059  jxO4LCwFQY2qnJnBLO4hUFsP5oC1lgQI9r
Supplier#000011169  AHDmPndgp 5nxKz     
Supplier#000011241  lrWx4OI3YEzWHqxBA8dGdL5a6YGMH3u bHz
Supplier#000011360  Yhxcy2ILS5ZL,mRIii  
Supplier#000011373  TDMCgDAxsYRytTdNDAmBSISQQoJEVljagztCU
Supplier#000011564  nZcaFetblt7YyO bZqwsUMWa6
Supplier#000011767  cjMTk oyq8VzuWL8N mjiSAld2LmaxYtu
Supplier#000011861  h7CY3c6zFDs9IBYaj9q,Ay30GuSHxr
Supplier#000011871  xItX4FTnuyJtsimu5,L5xeM63TWmE
Supplier#000011896  hSIRYZcc6HF1vJdaiDlFngQ5
Supplier#000011951  XRnC1A6qFa8MOH6lRCex
Supplier#000011961  bEyhUCRCwIyiO1iq064nSnj5P5kuys0
Supplier#000012009  Tz UKOy6LSSFp6U404,,7nFO960pUtpu ka7
Supplier#000012014  HGLILugwb16N04PbIyE9dP2pXeSoNkT bvXWB0
Supplier#000012124  ICA5gQPpqGMsYOyG8aeWqaG73YPSnk
Supplier#000012173  5f0ThrbR5aSLK       
Supplier#000012311  hdrYQujROlrh        
Supplier#000012319  0d2xNmvz91u9V6PB9ag2boppxWMpnksz3Od5
Supplier#000012356  XB7ipQ3,bAjs5t      
Supplier#000012464  s2FMk5GymXABuG3w,wMed40fIrbfqZds08s1dGG
Supplier#000012499  BkBRcfuD9m,rozWZLqB8
Supplier#000012562  sYfb,o2fczyMS0yVmIRirUm1tIp0 fLhqATK1
Supplier#000012684  ,KXzpyVrBK5lCHmk,   
Supplier#000012716  hLrr5d8ulC1o        
Supplier#000012739  M7bRxIjxype         
Supplier#000012777  w,WWMFfw7OS0I SfqXD7xAbghdtCiLIwASDGmH
Supplier#000012816  nFrBaugfFNCnGcNtB4hvx6dfXpXEUXU2N
Supplier#000012932  wysYo7J hLIc62noELECHG0B7OTcYeaMj
Supplier#000012935  SLpu2,UE,YibVln gCwVo
Supplier#000012990  TaO,rZFEmfHofp5ifonC8aiuHQiwN
Supplier#000013065  iPM Ki1omzUvQY8     
Supplier#000013074  z 8tlL8NQltrk1v1pPrjcVjrJ
Supplier#000013082  4uIS5cQK5E1LQj wqh8mCO4lmZI9xTsA6,9gIfqq
Supplier#000013091  VxRSXX,1hKX,Vz      
Supplier#000013222  sW3gOVrISZ2qWXn4MKk1SgWbKJQ5T pbt56rro
Supplier#000013292  SixcHU0vWbVdxdN4uaeXpxqvGSZO
Supplier#000013297  IGiMSzAixMlE,ntu,Va8sEI9HmfsNFUJ0m 02p
Supplier#000013307  pvKDobapfOyPYnfZDHGu8FSnAg
Supplier#000013425  HUIlz1n79s3ZGGtr,MCWv26U
Supplier#000013458  vEGDyFfquE5I2ZLetbTPrIz8dOxEp2IpDD
Supplier#000013537  QIdKA80WVh3jq       
Supplier#000013539  OmmKWmyXnfFrtq      
Supplier#000013541  pVs FifE a4fD9tEo   
Supplier#000013566  w4836CTjXuY5R9LnNisEL7B95eiUUq8bsNpvjH4d
Supplier#000013578  QTCW,SyVC2Brm,,9oDrlacq8bEEHldLyC0Y
Supplier#000013598  JIhXWq,Vfi,B        
Supplier#000013667  3cSfdJ,VA0E3KCBWf Rc2BfEdCH8Z9W6Ut
Supplier#000013680  TBCM6r3eogM5        
Supplier#000013722  qPC1f4LK,NMfRk2le ML dJvDJTFwyyW
Supplier#000013866  u00SZY3Wytc         
Supplier#000014000  KPcKREfHgA9xZi2B0Iv5
Supplier#000014044  ksHAbGsYUnEaMSQe    
Supplier#000014198  cLa61huNMVmPCYDaeyzenWKK
Supplier#000014220  xLVaAMKncm6n,KarW7D09F1VDPJu9
Supplier#000014432  mRc8JLBiBG6qWvkr40FcPx5TEkMMO7
Supplier#000014499  rkSAWrQjyk,DJ6ZdMa2p,XYp8miosr71R
Supplier#000014507  nrTEH2amxFSzx1rnMckI
Supplier#000014530  IHsMmz5sCjZbM0qRTXP, HOxFBNTek4X
Supplier#000014622  zPYoWA6LipRbcmbA    
Supplier#000014650  D inPxHfegODKWc1YZqto76
Supplier#000014710  sgLLo oGgG          
Supplier#000014735  f1PpRaOIGPAHi84JIRAtt4v30c
Supplier#000014802  Cp3z7FpRh6TF7AUF7a13vEu8AN
Supplier#000014830  g2kTBW0oleMs        
Supplier#000014889  9LXmve53H3O         
Supplier#000014916  8GzsfZqesk8O8f0MOAf78
Supplier#000014922  ZQ0ardxrzyetEf6     
Supplier#000014991  Pew4JChfHwf         
Supplier#000015118  4NQ3W0GGwI5CDHxAgGsg03d qV bup0E5N4x5
Supplier#000015181  HmbMTGFLsVQRlLmo0JWLJ,zJiaHLJ1mRpPum
Supplier#000015198  vpSNoa82NlvzFc      
Supplier#000015466  tCtDGU6zUe0Z NFw6la8E7qGgVZaoSnsbHH7M1
Supplier#000015509  Qo7Secu5QGEPSK1     
Supplier#000015571  mACWwoMXn8dw6o9S5Mjo6tT0KxHtEgFEhQT
Supplier#000015593  9VsUBHqAmUT71Xp3QUaw
Supplier#000015685  VBild6uz9iBrN1bvGFy2
Supplier#000015711  ExtIkTUE J5VqTrEE6y 
Supplier#000015772  LEq2ZfT9AH00c5hLvii 
Supplier#000015793  6XOYD7pCi0hSJBofYKszAOTQiCp
Supplier#000015889  rj Ir1dCorcO7vstbiULHdYkjb2kn Iq3eByFozP
Supplier#000015933  uqak,ASFV7wyCf0qWgo5iIs5C rPQ7rk
Supplier#000015956  YShH1mPV9jqx6Qh8kI3gxuZ
Supplier#000015994  WP,XwhNxtNi         
Supplier#000015999  b,93WgkFOULAEIIsSQ4K3PJtwQWyLvapcB5ip
Supplier#000016007  FxkqgFSe4LVlUs      
Supplier#000016073  JfZODa6fvDSWoQyHHeCN3TR4s8iSB,
Supplier#000016182  uyIUpQyOA21bW2mfq61qebiVmfQZVzzXcamcNHdh
Supplier#000016191  TMyYzjHkTRTuX11X2eNAN  6CpjRJJPBtRgZ0V
Supplier#000016209  U55o9GbcxiVGb6atqOBt7KB7Ua9tdX1m
Supplier#000016219  n1nUg5ryc7x9OzI,f5dkfcAtSDA
Supplier#000016269  JSxw79tIuKj1YNEKOsR3XXh7gleoWC7Tnmq
Supplier#000016358  VGXtBGkGG27CYYr3iBZHwCaSF9pa5Yd1
Supplier#000016419  0ycR,pFNkMQEn4bILCvDd9B28
Supplier#000016431  FP4,g9xub r9gW1OemdKEg79q
Supplier#000016556  TI5a Igfzlm2FXo,ba3 
Supplier#000016717  sjKUemUnQsZPgm4682tNT3rpBjKjh
Supplier#000016749  JI71jLJQgb4j6eOWxQnWa0tF
Supplier#000016754  Ov,WDMqRvymYIbqxb5iW
Supplier#000016788  8kD7F,jXGUtTzG2 6VrYHihSGdP,t,yYzxu3CNF,
Supplier#000016865  RqviuLl1U9          
Supplier#000016973  uddKqyM8RyVr6VRI9aLjmFRUbycD16NYLyloZ
Supplier#000016987  OEX96qp2nuQQsROooWfwv5YN
Supplier#000017157  o1HtVZRqjaDAnNMWangyDbNPR
Supplier#000017176  rilPgncl2v6AtbtW,P4IQPWU
Supplier#000017233  gGGTuxKClS3JHSe     
Supplier#000017246  pU ohjMn1d0ch9      
Supplier#000017253  UOaREjg0hgm8PpxEaV825mZyM6qlynEaRzUN7 AP
Supplier#000017262  R 5F PDduDr,nfmNQeAvZqcsFgw
Supplier#000017271  2j7m830lmCYtX ojIs3 
Supplier#000017319  021OG  OjyJE3c,oI0jSu 9vxH37aWAan3sOLpT
Supplier#000017371  tNT9mx46wZ3ObquCg7  
Supplier#000017497  3pmuArHaa5sFjZLXXFtVVxBV5cfgswhk1HrTMKd
Supplier#000017525  RDUkrGMjHd0         
Supplier#000017533  wRg7Wb0mqLKD68msQK6FRrSWhqzKq0qZTYJBS
Supplier#000017649  4Rne7FsNnfQQ11Lxg   
Supplier#000017651  fmtHwCUReW,BiOVKvWrO i8AG32
Supplier#000017683  GnQyrriqIozsoi      
Supplier#000017721  akVCfRF13VIZpGLHTuOmjmSOE4F,bOSyXUiIUya
Supplier#000017784  Fa0LctNHWhb         
Supplier#000017791  etRwroUKXf3G26q4jQCDvfwtPWV,YKMS7t2BB3ZI
Supplier#000017888  5XF96oe5GlvBZD MuG  
Supplier#000017950  FvQuPZRbNdMHe8Rkwbc 
Supplier#000017986  CWeh3TZ3Dy  MI6rPRPu6nYC
Supplier#000018056  RLgRnfv7HF8IoyCpqK5SF5UA4JuVNV4Pm
Supplier#000018094  5HNxb6Bh6nLtERLT513vyMHjhDP,ickajRga
Supplier#000018149  g233s0J2i Q5W7ZttSJiPdmBhc
Supplier#000018160  zib6eEWKZSyWmt,CsGLRPNAxEA72cPlIj04qCwS
Supplier#000018165  ZtmdgKym7ylC        
Supplier#000018169  qW bgs3Eeg4c4,PzkU tqE,843L
Supplier#000018183  DMUyosJlNQPyjCR9KoYb
Supplier#000018190  t bfDD7fCFdFoOAT2LgpFL1UYZteYaZnuykk
Supplier#000018202  Kb4B9JLxkGCl0JrmFEqeoeGNTRMbQ3uwcD3
Supplier#000018322  c0oC3sjngpibJn      
Supplier#000018541  QKZibbr0sAeKuOt5XZcVSQg C69I
Supplier#000018570  v,0iWVot2T1nSOdEwWeKBcTIUZZL
Supplier#000018611  rh V29cpby0f04uo3ypIuIzYbyRSHi
Supplier#000018614  PRkM1Je2s0EfAd2WlFKX,Jwo8,HeXsuc6UcsMN9B
Supplier#000018698  eqr6qN418ea0        
Supplier#000018786  Pdde6RoyLXh6FmJSNg90x6qp0D1zlgB
Supplier#000018822  rGQM,0,t7UUabjo,ElqjW33IEV9T
Supplier#000018891  XFbpPMqT71 QTLX0SStabOaTFoy3s4siR ztUwHx
Supplier#000018983  V8e2DT22fvVX,x      
Supplier#000019032  J1uKOAViRRNSkxHd02LzZr2uqOEYh6nmCln
Supplier#000019120  0i1U2lYp,b6GRUS3 J4VG3XvKnKCkHml3gr1U
Supplier#000019122  LSPo77Fq 8zyBkjGUTk7Xm
Supplier#000019223  vv1QdFrKqvLK6uCXO   
Supplier#000019320  uYQvFbAwjgS90hO6Iq,QQFQYwl1,of5
Supplier#000019331  NhqwarLKk55aj9bCVU5Sw5eHKL
Supplier#000019347  oAIGWNTMfkqQNQW1O TG3ve
Supplier#000019367  sy,vpNkEBwMidJ4Y4S 2SI
Supplier#000019379  hljiGTTPij7r0,PoMc8e1HRhb9btLYUzoY,
Supplier#000019513  e3bclIUTEKURTtx6Pl  
Supplier#000019541  pNJBZ5YL8I32QKojhGfTG4bHsMKRfk7jTMf2IuS
Supplier#000019556  OXRSHzal,0LD0fSi3dL6eOk
Supplier#000019621  FZ4aTxSxxu8OR4SACGis,ozXIn
Supplier#000019634  V11HMH5p2uRsxa6YJpmQ2XR,dl7bPXhlMi
Supplier#000019732  KEmlLdiCKSH,        
Supplier#000019745  r620PR3 CPh,FJ1k68r7PRIG F
Supplier#000019783  A5saQlxXl8ksg8WUVTlQTTLm
Supplier#000019784  ZpXdgUV9N3Ud9bpmZuxE0E7djzzyhhO8
Supplier#000019833  rSJcCAwrC0xi6ENqUAN6vA4Z
Supplier#000019835  PooaH0nraq5LMmDfY5zQI
Supplier#000019872  Su1, 66euy5lx7JnKA1U
Supplier#000019983  Wo55oLogavTxilZJQYP8zeyrdiumUUaUCX3BNegA
Supplier#000019985  ywux 35Jij7WI2pmrXEoHtKWJPFsIa4
Supplier#000019988  3foHdDQlg1FqOmFU    
Supplier#000019991  Hsv1JEZzE9cejC11JJDStSQ4EEMPt
Supplier#000020030  PngUrDesVoUm1brT3vhGCXMOXWr
Supplier#000020035  fULwpT,28GkwjbeGV6KV7
Supplier#000020078  p2vh3FRFI kkPglxT0rO05S4WVT1sUAR4
Supplier#000020083  wVpdBjMega13LmH     
Supplier#000020245  FJILFJDPTu74L6s     
Supplier#000020443  LdkNhspAqPjLViMrKw3v k2bjZt eS
Supplier#000020473  UHYLSzolrr01ucCPLluW7r3Asj,0B6PwHdEE5q b
Supplier#000020527  WUW,e8d cT sLSGE8sj, 5x1ad2Vnkran9ip
Supplier#000020599  StPKTE7dWlG9gNJBkpKeOuGy0Uwy8
Supplier#000020625  Wcm,pG8ovarBbWQOCmz81dE9XJUoz8iIrw5Zp
Supplier#000020669  rIFxatsVmfAs2eaeat HoSzAp
Supplier#000020692  IiNeVjobU0PwlrCZ1pJW1TjKjPO
Supplier#000020728  o71omfqRcY6gx Uua9oAGlreC5plIY3DFc
Supplier#000020729  9Fcby0xbEF          
Supplier#000020757  xhklbM10,aOVbwBuKVpey96hTSKLAhkQB jKTRhN
Supplier#000020769  QyzIuI4chdmtAUsqP   
Supplier#000020873  2u2832vo0PkFVtgG8Xnwlj8MJ999WC
Supplier#000020925  1e2J ELI8QI80E3BAGy4b r K0zS28dy6
Supplier#000020956  QgdVm0VXLf3Oxa0TlyMcKTqM v3Bb
Supplier#000021091  7t5lHWLublOVYWUEqr1OnFL6X
Supplier#000021094  osN3XzqUO60DDFB2 vi6QiIuyssD8
Supplier#000021197  YQrQgr5Py0ZKSrRSGjdhxo
Supplier#000021286  SytZqhaF09g         
Supplier#000021313  1OZW49f3DzZ6VEF0oWqz4FouPODdtnVlj
Supplier#000021346  dAY2WMJPU6Jgz6W     
Supplier#000021388  76rQxpqwukEZJhnsI28NCSE,tIp7cS3zHGeF3
Supplier#000021391  iLLTUsVmbEXs9JAFqdPUCWgKYQRj77BzxK
Supplier#000021418  k3eYH8i7Q0iMBbXRylNbv ISf
Supplier#000021451  hE1bEy0Wse5W6cdwN0JBEYchY5hdzL
Supplier#000021457  VwxqOy58nVSkycf6gga 
Supplier#000021507  6btAFrA9giCS05f6W7  
Supplier#000021524  kRIHxJXeXAAuFUH4s12rB
Supplier#000021629  W14MeE4hpRinpiAb1L22B
Supplier#000021649  FywWZq1IuYoaa1aTQDjRgMrav5qv2IaL
Supplier#000021667  wGC,g40fdOd         
Supplier#000021672  e6148ug4Xm          
Supplier#000021719  ,Lyk6LREQXMLD2J     
Supplier#000021734  ZuO7kue6xdqYYEJhj8efjMUA7zYXA
Supplier#000021817  JGcINMxHtWgZkoOS1CGU 5pmGi31m5lL0Joeai8r
Supplier#000021855  y8 c osU v7w9EieMdZO SQhn6TepeU9Gh4dtLr
Supplier#000021923  ,IozWiNjL9oyQrIzBl8E7
Supplier#000021948  eQfRFR0uSbFRGFjmMqyJi
Supplier#000021956  lBYYkeUoWrfZm69dxIV nAE7RLBhUiJF
Supplier#000021981  HQe5HYcPWhG8P9O     
Supplier#000022007  K93GlPZK8sPXkLYNOGduaaFGrBYfcB
Supplier#000022010  Q,nV rXSOtkgrDxUQnd,P67LgMwcqaCNHbALDtv
Supplier#000022015  PX7,imvM0,55s4 LFTE9MO
Supplier#000022017  I2,Ul4xtqJnYkYBEKXaOGt2m0C4XwrWit,
Supplier#000022026  ZiuTS977sf AwfvsaARxWY
Supplier#000022111  hh,rk0Jd42E,BJwy f2LGT,6tlp
Supplier#000022323  yBYtc01gsgs5QMFfd G36vbMAzCf,lR
Supplier#000022353  WnJT3l88qAX80dLa FvBN9Xy5gJ
Supplier#000022585  pBix9u,tr58         
Supplier#000022722  POl60Bpn91e90w24VL5yNKsJnzt4,BIr
Supplier#000022897  mG0vfASNFo 1        
Supplier#000022965  5yiSUu2OzBOsaL      
Supplier#000023017  VjrXxHB7D3YL        
Supplier#000023093  6P sUe6H7,          
Supplier#000023150  ,1URkAGPVqvQuw      
Supplier#000023193  2DzaJlYyhmd0mOpg4cnVcVKxvIyoHns1Zw8X
Supplier#000023196  iL9U4Id LXNtaRQmtgRyjY6smkO9C
Supplier#000023235  jetMWVmlMTxa        
Supplier#000023246  1CXvqoCBAWi3H,fc6e9u LSk7n6
Supplier#000023288  e6 7LYAsoiBoMXho1JcJ7xF9e0frXbd
Supplier#000023390  LLY70V69HGoXMblOF D8c2vQmS8RDSoi
Supplier#000023463  5vDhz8vTuGv0O3Wt,18yprY2GYjxhmhv
Supplier#000023465  nQRRA5NOUD          
Supplier#000023475  1yXz5o5bIryQLUGjyW  
Supplier#000023501  KJJuMznL1YfyS4of,Y  
Supplier#000023614  z3cz4nyQNP2K        
Supplier#000023639  yR6D5FvmvCksicqDV7,gWYNSLWMyEcC
Supplier#000023669  63BjssjQHtpk0yD61F1V7,
Supplier#000023828  ykkjYcCrYroReux0qDdaF72J1QBBJvOyrs7L7
Supplier#000023852  siz2t3HW09JjDVjBVgK9Rx93rOsjWnT2JLmeDMbk
Supplier#000023861  Te3T6XuQoETH        
Supplier#000023940  jQ8zyakz UV02RI7qWa8rJ1SIgf5Bd
Supplier#000024014  Ntp2ga5uIK          
Supplier#000024176  RnodZfytWGZC        
Supplier#000024273  sJEy1DStWNhbTwunlj0c
Supplier#000024324  1kH6ZKeXufP         
Supplier#000024424  IeZ58rl3podkIVqzihiKK,qVBbsm7TyX
Supplier#000024781  urXlRbcfLXLi3AvsQI3WDZEUczhWZTEHV,
Supplier#000024844  VPOaPNf8L2xi 5I1JSXgN h
Supplier#000024851  u78rfDOvLs55IL3uDeeGnLy AwJ6
Supplier#000025004  4FyHb9li1uuAFPzvKkrr CZz mz4h x
Supplier#000025052  nQbbnYjBgVqH1YsEkM7uvlyEas
Supplier#000025060  rv1CuYBxTp,eW1brioFBbUag35WEsbfNn5iYy
Supplier#000025071  ejuUR G64KUknRuK0   
Supplier#000025078  QriErqI6DSGQYU4ZQnuipfs7BQQa9H
Supplier#000025123  jQnxoB,GUzen6g2zrSRhGAxmvW
Supplier#000025173  LGk51T5EVsRE2YGN    
Supplier#000025251  q SGWHrSdY7V        
Supplier#000025254  5dR5CEAxtL7izvphtCFHIOQvG41qGR1Ga
Supplier#000025314  Xtb6oIAxIZv6N       
Supplier#000025346  guVX5F4sv, La5p     
Supplier#000025417  49rM766Ce4K         
Supplier#000025422  TjKzK6N9tieD0PAPZ0hYN0I
Supplier#000025460  5,t gslsZo0s03RBKTCfCYmBO2LaouXk8
Supplier#000025490  WYE4MlN3EYZzlxEnYlA 
Supplier#000025527  t8K rYHjlcT         
Supplier#000025584  XqVolaGRl1gbW8inQ3HA3QLylrcS4
Supplier#000025588  JtoV8JBwJrkHkPiwr,AFi1cPuUpz0rRWyhJzY
Supplier#000025603  XCZ0b dBYIE0MYaTu   
Supplier#000025659  hZHeoMgi4YRILnLRvmVKVX3F4CE
Supplier#000025689  PnMHCyzxpuOLTV0nsigDkGkrd9BRi2B3m,
Supplier#000025778  nHZ8dowK7M          
Supplier#000025797  lpyzXsfCtoFI3H8PW63FF
Supplier#000025819  YUDZb9k7DJRzUoDu9OOyqEVXg
Supplier#000025824  P,7 5PT4LhwYvjDUIeJo
Supplier#000025832  LohhJAYSHUlK9sSXuE12rvUPZLADAQB
Supplier#000025835  FB u2oxxuFuU2QQrw1cYp9Cvwj0gxd1mXMm
Supplier#000026003  pXpIi1EZSh,B3z3oJL8GyNvO9fcbxNcoS1BKZIQ
Supplier#000026056  b1xRS0vVodTdvB9eVLfq5
Supplier#000026086  QRCrvciH,euAo6T     
Supplier#000026255  9jlQWEkjHNpXe6gFzhZk
Supplier#000026377  7qlSGFSTmgSkuLFE8QGvp1IeKyB5hZSz7mUTNp
Supplier#000026441  ZXM0mm ZYBLmSUtkhRS6HyTcPkQqkz3pzi
Supplier#000026456  Y2qxxmvVZbHvWMRV8ZZMjniLfjowBhp6b1naWU9Q
Supplier#000026457  3QgIvixnuC          
Supplier#000026507  YFKNZqOR40pFMjW     
Supplier#000026528  cVxrceTOAh12IqwQjGC4b6wufafOZ
Supplier#000026548  Ai5rKzghaMAQdV,     
Supplier#000026553  I5SXoksUBmiOTR08SuZdgKsqjiSVL6zy9NoT4eCp
Supplier#000026639  1 LK,622VmnxN       
Supplier#000026796  CgTf38Qf,ZP58m      
Supplier#000026810  4 iCJNNWWf 2hj4u1R  
Supplier#000026835  Cee1Rjfu,V0U0uN     
Supplier#000026992  30mjDezARK7d1,CIPmlm
Supplier#000027012  5ACTvb2UxdSGA8,sOuwDTdlUEvXGNeE8lNwF3d
Supplier#000027128  D,o4xDuE,7b A       
Supplier#000027140  sWnjZiKSLh71wYTQ63zuG3Q46oql9u
Supplier#000027236  MkSAwrfIzS9FHY1eyHqMkEbApoPclO
Supplier#000027259  J3Gil7aqEqECjkLxscH Ny
Supplier#000027284  fN1yPkBH2k1P,dgidMLb
Supplier#000027294  NGjKe7KaqEDAmUmLjKqKXXDY
Supplier#000027333  VR8FePg7XrJYen7y3JqBfxwPN7fS7WZEuVd
Supplier#000027457  3sqBv4iTDwOkckfdUCL,81tXUt
Supplier#000027471  VTMuPJKm,ZFjbJKdpmr7SLNlvxTW5k28
Supplier#000027520  Mt4p0nHyzSIVJGmnCRIRGNnx38ZU
Supplier#000027585  7Mo59jM4GAAZH       
Supplier#000027623  ,DyZHohTVrkDnf3fsn6UHlQQRJ,faOIJAJ8KR
Supplier#000027646  Fc8LmZkNTT          
Supplier#000027648  lnh71Na3xsG737Gn2j  
Supplier#000027686  2MS8y7kKHda5cYamVuKeVfHuUF
Supplier#000027807  yoRnUQSxaB0795nLU9r7cTq5HaGml3Eit
Supplier#000027861  hjGPhDRenwu1FYPEmCBG9,EDECB3FO9K
Supplier#000027885  Yvmx9qsvrlxoruBta0E0p0
Supplier#000027926  lrkuA5Jh6YOppnWhj3gYKfT
Supplier#000027944  LzJ5si5G5 qYPPdVfD, 
Supplier#000027961  YTR2epMysg          
Supplier#000027967  NZ gyaXvvKW0HXTwSAa9I0euXUuoMzxdlkYCfg
Supplier#000028224  U7d bbuhNgzR6a2avqdHc
Supplier#000028276  oinCPi5qkdHetdF7o   
Supplier#000028311  xez8,mVTquevunCIvl76nDPt
Supplier#000028336  IDyol0FIKvywIZFjiSwV2Izm
Supplier#000028401  j0Eu9KdbydP60K94fU4m8avi
Supplier#000028428  h1KJwVjNYgS38Ch3ZEQUU
Supplier#000028480  yrei,YTtbbPJlmLiRQ Vzy,Twdi6
Supplier#000028547  gJg8,ZExvirWi,kenM3V3e6oPHqg9 nsdRV
Supplier#000028644  8dc1fpb9H1qicuKE4OHxxE4o
Supplier#000028670  loVLjLk7OhbCm86G,4FWjHH5CvZzr9EbF4As
Supplier#000028741  5UJBs84c ,,ffsTUpJD,H3fNvKlgg1C
Supplier#000028752  JFKG8gxSNnZqUhKcFmZ4WTsLiQI NM
Supplier#000028774  M5W0PiJBtu          
Supplier#000028777  cTZO,Djj5Hx46h eYah53KgkwyTKRDXQzo17
Supplier#000028797  Y6FpCJa713DQb       
Supplier#000029106  HYok7yUICWs3t6WJwKSrC2Rtb0 Aqa
Supplier#000029162  JB3B,VQFXys         
Supplier#000029167  HiI8n,c5JKHfioJG7lvGQ,ezLjkpSPKNwp,
Supplier#000029320  xc4ihheMbv3foGbcJjEHkB3VjrLZ6
Supplier#000029539  aUdxhKhr7FLwdc4zyhLylp6eOA, MWU4PEoJ0
Supplier#000029549  AlZaEJTjT0zRhJ3ny7iJG
Supplier#000029576  HSjlbuk1l9PuydKg79qcVgdfAs
Supplier#000029640  4mjz11M2ItgSkMvE8TtihBx0 X07S5jl5jb
Supplier#000029660  xBG,WBodjgj1Pv aH,lu
Supplier#000029813  4AOcdWh6YtPj9       
Supplier#000029917  GcQk920huY38v2nwPRWdvlhUx92wS6ZgeYoH
Supplier#000029935  CwJiXbqQOp3IDe      
Supplier#000030012  UbbofHZrxlnVCV,RIe7X
Supplier#000030038  6SiZ2a8ZaQA         
Supplier#000030057  PGLEfdZYKv          
Supplier#000030142  wJYWKgMWeHVP,M5CLqLclAf3,SGjMHMd
Supplier#000030147  qkdA B,DcCixjxDwa6d2JqIdYlw
Supplier#000030156  g7dER CFNZapUlGJBXi3wYpE 5zywQywEgPmAr40
Supplier#000030216  W5RIT1VcofSTlA      
Supplier#000030243  1mb0bUO0zrFKSE7I7   
Supplier#000030298  x0XEQU4Gdo73gGJK,v3w
Supplier#000030376  dGnhyXAhw,gG,GPgsPudP2z
Supplier#000030506  4 yBk7VDZkI         
Supplier#000030539  Cet60otzAvQ3P2,2enQW
Supplier#000030569  VJtmrSN5qDPlHCr40jIklZMo39YyGwf6ADbJx6B
Supplier#000030592  0npMawgzVMkz,07,weMltBPqNxFrGxCZRIk
Supplier#000030666  xiPre8KB0GxKu       
Supplier#000030689  4odSHTnCpmNtINwtQB1A2osY8j4EB,M
Supplier#000030700  zJLagU3c2VwxhIkH1OkY21Z
Supplier#000030706  72asL3pIeNi3aNPFhxIvnFyYF fv
Supplier#000030831  T2WiEzhKfDBdD7YgL   
Supplier#000030853  dNZ72GMITYTefYTo29Gp0udig7L,eu0
Supplier#000030898  Jl7El9cn6wKaNOBZ8wW 
Supplier#000030969  cMHPFTqDoQ3fCunI9vh 
Supplier#000031025  GiamWFgIDTwRL5aBrPvKkRU1dkiyZ
Supplier#000031134  hGDfnLET2bCfqGyCeTTQ2f
Supplier#000031246  5HcKVhabI0dMLdng    
Supplier#000031369  SnJYbtZSsZwJMKg PDGNkW0Ix23neP4Fs6
Supplier#000031376  pFD23bei4EFW6d AprnJ5snsaTOafvCLUv8Vv
Supplier#000031425  1xME diiam6ZD       
Supplier#000031454  7QqWOwDL2UftrM3AioxEs4R
Supplier#000031482  QHFMPZSv4vfSxem9GHu1e8
Supplier#000031484  EhpgVdqCtCBphoihEk1 FNtkn9wwr,1nmPgPBP
Supplier#000031507  nVyOd37alrjmYhhKSD53Gq2LYBdFai8omjIx
Supplier#000031561  hKW1BNwRJ5XNoIimaAad8KY lz3vguO
Supplier#000031594  Q23oM0bp7ypHkz3etjfMgEtZEAWVqiK
Supplier#000031632  jJcm738eCmWRxJlfEsYIQUdIzgjcuSh
Supplier#000031640  YB454XudYf0XQvjI8udflYY q29Oa
Supplier#000031663  O3H,c9qlbEn,0zvsJYo r2IUncJl
Supplier#000031692  4cLmcv4J8G6ZqVZ8    
Supplier#000031879  6k1LIee3Et3T9d7kCrsfAhKn
Supplier#000031887  AoDJv3nbKeuHdg7 2lXNSth
Supplier#000031892  ,OEN8QLe2J96RNbpV4slDwZd0e
Supplier#000031918  tmNE1umyA46zRvt     
Supplier#000031981  MRbqnBFpvt4nYcxYoL5i,sCBAgJG20
Supplier#000032005  gt8x8DvQOP8C1AoIh6azY1gRLNnJGRnT
Supplier#000032035  ID34TRIOmM u9Csm    
Supplier#000032063  xYZXP9baVV3uO5,GwlfdMgO
Supplier#000032081  5lpQJyIGe8k90U7NH9la4dbBTY2h8Mn,
Supplier#000032258  6dWgn6fFGtYBuwPj256Yl2sk7exze8PI hBCVS
Supplier#000032447  VTIVSMRVDskQ2TYRiZK8gJ2gJm7,VRvcv
Supplier#000032463  I9yi4Wdw6vu         
Supplier#000032469  SW4inHh0ecicxFMhFtNkq
Supplier#000032488  Krw19SyhHFwFmOgGoM4u
Supplier#000032533  1VNCBgAuEsW05ugt ORamb
Supplier#000032581  f6 NQUPuAMb7j2FmEYD1ugNkHWd2q6OakXuhjuk
Supplier#000032676  icRz,5ajHurv        
Supplier#000033016  wrUId36x4gdoSeiJsMLYtKH9jn9u4o6AF8Z
Supplier#000033078  q8xveZVyQR,sGACkN7RnPfHR5qEFt
Supplier#000033100  f9p4Hgp7CQszS6ODOVBgRD
Supplier#000033194  RWamu pBhg2r1WY     
Supplier#000033203  wb3CpsJYOtWPHmUl YlTOOcrf8KN0LNUNbwUPw
Supplier#000033253  nXZYlOArs8OZuhy66XutRazSCqUOPH
Supplier#000033272  w,a2oxqDkyWf81oXXbt 
Supplier#000033274  FFcrIcijr1XcbADxLMwVSuWFQ2AyFsr CuCaXcEp
Supplier#000033388  rWmgGB1cQkB9QDr fEt,zNOU1D2rfPgZd
Supplier#000033399  DY4WzumgkK4         
Supplier#000033432  mWiU0Ycsp6II9Y2U3Y19FU
Supplier#000033506  3jKrIsfLxfDu 3E0DzwDPCsGYD0pEsR,MBUOL
Supplier#000033675  u2 ldmH2GpNR9gRbIeccrUREvOrufE6Xi1vI4
Supplier#000033784  4SIecfhlIHhfuHPTuTTaSjLTvEeJmM
Supplier#000033852  x kC,1i,aK6y        
Supplier#000033884  tUiUpdtFhlZAn hytNKA iBHDQThWn6kxmgC
Supplier#000033887  od6lNBYxh2e4NI9b9   
Supplier#000033918  9rE IHNlVNFyKLRELQkVmjT
Supplier#000033936  Af9RaddmQgSHxqET    
Supplier#000033969  AjS8v9mQOgoM5Zrq8BteeZC8Zq72U
Supplier#000033972  rw9WEbAwYGj,ZRAFttnahfjVmMxaiDVmBa
Supplier#000033987  oHFS5orEHtYMgOS3RGWR
Supplier#000034032  1MENMuw6RHHWQBO63bttvim0
Supplier#000034083  7nvm5YRG5lRMD08KAQkvCm75pWb
Supplier#000034104  w,6ym8kaqnCIEanH    
Supplier#000034128  vvuFfKysIrU         
Supplier#000034252  38l1e,xLi,          
Supplier#000034283  kuavFLBrStf1s       
Supplier#000034342  s3H9SCoTfhS95       
Supplier#000034405  v3tyO2AWWs, R       
Supplier#000034417  i91ibxBDFDXLnckH2OPXkF68dxZddbOvqhX
Supplier#000034484  hToItr9yw8s7qC83DnW5tamU
Supplier#000034697  RAzJdutz4YZCdXRdTVtZvnWgzEfhmNGTva
Supplier#000034713  vRfa48cG8vt5X5vb,VAg9YvAmyMKFh
Supplier#000034742  A2T7UtPHd3GGZP2qDVTB2d6IHlt5TR6
Supplier#000034836  LStDZtrrXPH247ES1tRYPah1
Supplier#000034966  Wy5QpFAk34kVDj      
Supplier#000034968  joyqUMkoVCtuP9krPAOu3nBgZ
Supplier#000035146  ih3dr3wMlxdvoVB9mHPF,JHER0eEy
Supplier#000035178  4h1xIxbCjVsW0mP     
Supplier#000035184  0VTxxwn6CaGz1Ux9LW76th
Supplier#000035220  KDuYl6QnT3l,        
Supplier#000035271  fpn6zzOwEsPz,ApBqim 
Supplier#000035295  PQtdJU2sni8EU59W,q H6S7JgGC
Supplier#000035391  83zx4SK7W5otCKDCmgzL5XwrVl
Supplier#000035398  uMKh3qYzoE95gbM     
Supplier#000035413  w87qbjs57RjI9BZqik,kjeF
Supplier#000035440  0GV7NfIK0YJPdLeIObZn
Supplier#000035626  ,lD01SexycXz35YAriFVj36eSht
Supplier#000035642  zZM8rqatXuKFkem     
Supplier#000035674  B5hrc3hg ck1GG4wMzJDtnpPqpPsMQhX17dFDQ
Supplier#000035789  vBhJdLKfgOO82nKYBjN9
Supplier#000035813  yK09bit0yGGP6BK BM90FM117pkjUu1Fc0qFuH
Supplier#000035820  gjaCbZv12pR2MnyQN   
Supplier#000035876  eQQo0JEBwWQAl6KlrZfEQQSiy4Ml6a v3Z6EJh7i
Supplier#000035897  96WneoX5wHl         
Supplier#000035943  BjJfng9o9yd8yzcp    
Supplier#000036056  j6KAv6AtOJ5 QscjOjRDNf1aeeIldE
Supplier#000036086  wJ2ekoTYIOsdvlHr8,RZP VXpE5oVb
Supplier#000036149  eAbvtKTpqCV8,37f,SUCq7Xtf
Supplier#000036215  lTmswLevXRHcqI6ZYQVZAy NejVLp2VhpWWHaGG
Supplier#000036269  cEB2G0ucNU,1tD8uJSvZ4DczpSIL
Supplier#000036370  mxrMq2cgNFIQ6UNfuZNNLmOODGCq
Supplier#000036573  jda4SgBEkA2YVShiRIqPep9ZjVdVkAl
Supplier#000036580  EjdaPIrwH 7         
Supplier#000036609  1DFIWQlNkltRZK5SZ9y 
Supplier#000036690  Eao cuGg6A6s66fl    
Supplier#000036701  GU1VX 1e9GSB        
Supplier#000036774  M3e6GGaXlJ,YlG3EK6mGka65VLVWkg9JY2F
Supplier#000036838  MMBDKjpmvgPC9NoXPNXpdCD7HRqcV8
Supplier#000036876  ybzL8psCB5          
Supplier#000036881  e,rMTqzPHZTVWsH2wxWyiJvqYnLL
Supplier#000036890  R7HvveOZWV          
Supplier#000036891  npAdJy2BnMqdw6GGTtPTbibk
Supplier#000036982  vKiqkbpLK4Rqudp28oKxR3yDwgms8
Supplier#000036996  Ps2owxnpG8kBFiX     
Supplier#000037038  ytufKmEs89RvGq9WIQ  
Supplier#000037136  aAcZa0QIpjxSSh6p1gB,78rUlUfI
Supplier#000037175  q12ub5CY WG5        
Supplier#000037206  ,akl4,Ge UUsZcp9Ij uVhNNgdNTM
Supplier#000037281  wqhnpXR2uJjvB0klszWEyxzom3fSoazGc
Supplier#000037332  mt5A26WoXoyk5Qquwh8F7RyIycHJpBw
Supplier#000037383  pVO1wEUECW0QvHFjCmqbH2DDQ
Supplier#000037414  Ek2IcLMTX6          
Supplier#000037625  8v1pIq4il6fe,W      
Supplier#000037637  vLHHuhlItHiWFGIpeQlCFklcm
Supplier#000037642  djYAiuqV4JekV7cOVfzMs9pEvHlXaKjOyGy83a
Supplier#000037681  JPgb8xE2K5iuww4CbHKPHnsWnjednW5mAhbAb5B
Supplier#000037698  UiLnaq5Ib NQAHYtlc59IZhFNLXBnY
Supplier#000037908  G0dhHrLDKpZO2THzSsFMWFZ23VJSn3Z
Supplier#000037921  Y10v4MXX0EITT5UgzNtUmM66Zw48sQRp
Supplier#000038025  CCHdHcal01MgyPYpKw  
Supplier#000038173  BniJScGMps,f14QFfa  
Supplier#000038174  p4d7bshTTg7HC       
Supplier#000038179  GVKpq5AnRvNZ6F      
Supplier#000038405  meEEO5qQ8YT         
Supplier#000038420  881qoFrWtoc         
Supplier#000038438  aOwJhbDoCd2RpPxk9WJ8wJ6Jq
Supplier#000038445  KNS,i1QDk38tTIwIvC4Mw0PvOzRHiCEJC0w
Supplier#000038535  Imh7e5tvunWTb       
Supplier#000038565  mDpPFYYLRB          
Supplier#000038657  m4qImIoEoJ,EjsaxMPIf4JQYalHfBQu
Supplier#000038666  IHoPa1I,13y 401urjLUumiZW2
Supplier#000038696  QJTwpmhgibhXTJB     
Supplier#000038713  YUsG11,NOUCf0ihW    
Supplier#000038725  TQYnmKKdMK3WKgAGmTohAm8Ssu6wNhbe,
Supplier#000038735  w13ynvCY7JWl9       
Supplier#000038779  q2649R5udiG6dpfcvf0 Ab4zW7lVuQIb
Supplier#000038842  23vplQFjDnbJg       
Supplier#000038941  cD4ipAkiYotLom6qpq,wWS2IH
Supplier#000038975  SDm82B42Mv          
Supplier#000039093  7CqezXwhJu0AtU9ILr6hdph Lh5Mj5YVrZ9m
Supplier#000039116  1iy43C7C6s89ZaczEc5lieMX7,AryCVdhX25Y
Supplier#000039187  RiJxIIUj4OUYl6MbAKNTDp8IljYYTZk6Hmy4JF
Supplier#000039332  Ece3bnRn5WD         
Supplier#000039342  ,q1ALMRkoazcRcVsKoH3mBflYEisOl7OvaTdzB
Supplier#000039501  Mrh2VlhgLFVNO0B2DXxu wOS ,iESV gRYFONRO
Supplier#000039511  QXPsczoglBonr1oka   
Supplier#000039564  nGy51Ew lmxpRBVLq nLTfFsYUQ
Supplier#000039692  iX0sxZojW3          
Supplier#000039733  LuHJQcVZyUNkwRhwPIy01VMJsYgSO0y13RONJ6kR
Supplier#000039837  L9w7eWQuckNWuSpfUzsUI4bmWAT
Supplier#000039869  DUx6KJkzLr          
Supplier#000039891  M9eEoPez3M2r6pr8vzAsWx,9awuza6zGqFYfH
Supplier#000039990  mBRjWOhfCq5o7       
Supplier#000040062  o1ZyhlBpdRqYtYTqDD6mUI9oDizMvuX3AdF
Supplier#000040090  dunck3eWCWSHALM0, XeoPqk6,gHe
Supplier#000040097  VCg02SIrdiiA E5YuR5D8PUB
Supplier#000040249  lbK1UcB5cSg7Kh753lG2gop 0kcG4mb2I
Supplier#000040378  0 1NsLOjTkOEUpf5EbOqKjfRR 55Jt
Supplier#000040525  whvqC4TGat,qe8xLjd3 
Supplier#000040527  VpipjRNfLlXDI3MC2n66,oHcLG itlW
Supplier#000040564  Wmm0J3WsKtg7j       
Supplier#000040583  jU2joQnhtMaZ5YYVK5GRVhANI,L0
Supplier#000040706  vlMeaieYYHD         
Supplier#000040805  uPuYPEr DYQzkSDR3cTnj42C 6uOf6T,vlwS
Supplier#000040993  CV,2Qj1TuBfLr9RDrlnCRN8YwW,sgn4
Supplier#000041102  KrZYrJ9 mLXJOKQfRDVtWjSXhc9dx65Qz2VQC7
Supplier#000041190  hKlJAawHeHfRI87vDW,1HA25XNYRFf1Km80AHi
Supplier#000041202  kbxH5hRtXIl5l2y2dCJh,
Supplier#000041211  Bq6Dan0JHDV tAS6F6VeEAkFXRCB4ebHAVqDL
Supplier#000041268  AR1IbY,v1uuBi       
Supplier#000041414  gHoriYX8MlywYAr2RDW 
Supplier#000041478  eciSxIN5aYB16S vFbf05L,,iKkEZzS51mo
Supplier#000041500  bvX1wPXqOuBSmFhOUtra
Supplier#000041692  5o9rve6hWh1DR6z2w3Os0AfszrDXZdzwn
Supplier#000041731  yMDl3hrA6CiqqeNJgGUBfELf
Supplier#000041743  o9RnSDDlcnFcu5EBVcYrV3HaAjYPTppV
Supplier#000041789  U2p3vR,2BOax9tcmvwJVB,6mb9D 6rv4BXq
Supplier#000041989  4juZyV3v64aRR63b,5IYIpe,cucXuK6QGhBU53dJ
Supplier#000042010  9vDj oT6Iv4xWEZHuCcQnrEj4gSb 3Me
Supplier#000042126  ,GLNyvMIf0OYpYu0lLIfEcnJTM
Supplier#000042154  H71EJVc7Al1Ua65MX0mntkkjm8R5YFI
Supplier#000042162  r5tjRhuTVJ1sh4E rj,wlbF7ghi1lbj
Supplier#000042174  fK8IW20Fha0vHHyUX,l7wDd
Supplier#000042176  W1 JIu7PSuljknjWgskg9
Supplier#000042276  aKQFA5QM5l1sDww1akrpbVeakM4dhbH
Supplier#000042295  ERA735cJAZaNA4 OBluMiYZWlGGdiWyv77HWL
Supplier#000042343  KX2HjK,pVjdQJ0f81ia94Dx1Gq7v
Supplier#000042370  ihWAs22PKGoJZ8pCd1g5X0pJM,G2GdR2
Supplier#000042446  ko9ZwyHehwDjfFc34EpDr,
Supplier#000042467  cYjq quBJU,LVUXLBjSd6txYRPXssmsB
Supplier#000042501  0ySKfI7ZvzY,nNw9HqXcL6X4eyYc4OUd
Supplier#000042536  YksDTMc0C4JqkAubuMkqrdEb5vM,NPCEp9X QW
Supplier#000042583  716cqI7c0uoMSJ3,p5T9n0EjC4yq
Supplier#000042675  ghV 5B542whUl,YgrMe5TaClFHbo
Supplier#000042689  KzG0e6AOJkBJeGfJm   
Supplier#000042697  7eY7fHD0uN4vXTBDsZjP6Mc
Supplier#000042724  R4Qoi2w7qRgmFC4     
Supplier#000042825  tJ3v5l6obvaJyA Sb61,dji,T
Supplier#000042829  LQzD37hPrgowQVT7L8Uyg,eEajl2
Supplier#000042854  cbHq4MZE6YWKxVu5G   
Supplier#000042876  1pa2XbaIRrz49dWwU89T5KM,CPo1utz
Supplier#000042948  Xjj,39OkD m81JpASNF3umtkr2lRCpvMbHKs
Supplier#000043016  ,zCJH aon6pVUaAd4kJiKhon
Supplier#000043125  uAXcNG9hVAH52JDLNwBg1VIIM0XrNsM
Supplier#000043138  SLj L o12fbJlUrE0fSJyD
Supplier#000043151  LRUN,RRoSgVV        
Supplier#000043199  8VjNgJB1acocrGsSBbNfCi863x,aGZ6IGjWK
Supplier#000043285  KUsMoblXsyNWoCu,2V4VXuzCu5q
Supplier#000043299  uYxJyflkoEs h3M6jQ  
Supplier#000043407  1kprHaCkkebdQLVFQj  
Supplier#000043444  pm62wFYwh7eHt       
Supplier#000043656  9UdtPPioG lqMTWnTTSUtjoV3qEq4oDlHMKOmwNy
Supplier#000043799  RkLOOBkKns4Z7cu57V02TNm
Supplier#000043819  wDl3TdrZAPeonHwk    
Supplier#000044004  hI22 HeVkkVCz7,zJ   
Supplier#000044005  rvfw33H048MhGglc35le7r4x1
Supplier#000044057  RpdHUGzWO8GXgtY0WHdgFnRfZ0jZePTcK98g
Supplier#000044130  VD4 G8FfZdXLW1lq4KQJE IrxicLsPZKBOFk
Supplier#000044139  TnAopVzvZ6nvci5 oYdI7
Supplier#000044213  FXlLBw2EjxyyeZHHCds9UzKX
Supplier#000044523  6u 25pYmSADViJHyOuEM,4Ho4NZcvK
Supplier#000044592  Nsb0TMVLZR44mwsk    
Supplier#000044618  DcLLMSW01Vgs        
Supplier#000044627  a9t8MB2ftzCeMoiU2LCBof4VgJ3uK0YvuZM
Supplier#000044659  cC2,yO407p,pD Y     
Supplier#000044678  akpmM3LWhLi0        
Supplier#000044713  6gYUWYbb4MyxKl,oBeOBDMXZmfGaaI
Supplier#000044742  3LcA5,GrSGN0U7FBtWcZbvmjQ
Supplier#000044810  ZUWe71hLlzPy3RA2gFsm,Cmr0GbqifZxGpGe
Supplier#000044849  xlZXYW84mngC        
Supplier#000045009  SNHUbEuuyt,mYM879tDSOT0Ywpp2PR6unxrxGs
Supplier#000045057  WEoiQGGB8KC6mBXvx   
Supplier#000045143  5t RYm4ev5oQkC9LZ8gRYnkB8xysL6GiFm
Supplier#000045308  Dz8kxru2jJ9w2K9     
Supplier#000045410  ZcXmUSsKrSEq1am9KUUxLB9EHfsspFQVUW,
Supplier#000045572  Yp3Ct2OmKyG8QbH2uVJMdjCXCP1CPqmufQu
Supplier#000045614  ezuCEC3N7ZWNhFI2WgCU
Supplier#000045739  uQL8hRQAgkTqr1ht4G7e3Nq,0hI8i
Supplier#000045751  q V,7FMFIxabjXvlIlfk2
Supplier#000045757  L5h5ldDWaqkwULHKXjdtZfKMi
Supplier#000045829  LmwhDizO7di         
Supplier#000045887  T9Ni9BtWLzXDlf6MFIWA5MR
Supplier#000045905  xXliaWf51nAS        
Supplier#000045915  ngpExL9mCY4koFCdMUmFywCs U4d
Supplier#000045928  KBeEkp qVmYc9n6DI MCoJ6wbWPV5sjDurm0
Supplier#000045937  yuE8kKof4GpLA B516Si9D
Supplier#000045978  xtFN ,9FHPdDzNWjAiF 
Supplier#000046303  qmz6lyFdIG6trvJsGNy,Q1GF9QlG9Aeq
Supplier#000046327  62RsmrwuMLWKh2hjbX2II3V8vInv6sNw
Supplier#000046333  WBaAKZFL497fy911OEYJGDjG0,JpMH
Supplier#000046383  2Rr8WfY98 ZPJJpZOkb,Op
Supplier#000046430  eCK,OVPzLDGWpgDcA2aH
Supplier#000046507  z9C9JquU7umTu6HBLtnqFV088FQC
Supplier#000046531  XwbE5RPPe1          
Supplier#000046619  a7FYhmMUYmfPbeqmZZ03,2ypSLsYWhLy76ps
Supplier#000046704  j1r8dWTIKus6XW4     
Supplier#000046707  eNifILg,db          
Supplier#000046812  eKScHWsg1Dtlo7yoQD70h
Supplier#000046817  IwTIaPogjnUDwP1     
Supplier#000046904  d8fOowYM9SncdvEyVA12ASGb
Supplier#000046922  m9CNZXI66tFs6eJPMc  
Supplier#000046928  aTPl7qq9MO5ZQu4gz4Kq c5kLdGCwAP 5
Supplier#000046965  yQw0lxr8KUhFMe8YzgjwRzeyx7TztzrTwTCG5
Supplier#000047009  ekZvCZNHAYyKVmS0Tnsz7aL1LwjJds6K1Wn9W
Supplier#000047099  2uKrdvSQeLgaWz9MXX4UnmSx3YQeeNV9VrSNc
Supplier#000047144  ejADZsWnrjknRDU9TzsmfJFhBoLiFEwYqzxKs
Supplier#000047187  ebqS9uqRVQCCwCMYh,BZlC3PLmpaxRF93MZMJqN
Supplier#000047192  IducZrtuiYBkZXZI1giZVcKJFJCAIn5buN4
Supplier#000047195  qIWheRwfn7JgTFDTHGsku9ioTFlP5MIBwOJa
Supplier#000047262  vw2vqXvvbd0qTX4S    
Supplier#000047317  KLVQHmvjq37eaPLPIXChzjxUhLI
Supplier#000047318  rd3F2CKSLLd8QZMbMXMF
Supplier#000047337  ztbGIsEUeBV,I4jTTAbX0KTa8aOVTyobf
Supplier#000047449  tm8p9mBXvBOzRyfo,JA9I41nkBDRqDvvr1 c
Supplier#000047528  4JxMm 44eDS         
Supplier#000047536  Vo6zfY3Qyadnts0ykRyM4
Supplier#000047574  3LVY2kzrfi          
Supplier#000047603  39ogKvgKOQH f,AaBDi3gcTyidtli
Supplier#000047638  ugynVKFiAVfei9n2Jkg7wn0MfzMpnewT
Supplier#000047696  q3yAz BGhl,sohmNeyHJZ8nhMAOOj6U,E
Supplier#000047793  ZLfJxnD1JS2vdJnBOenD
Supplier#000047838  meblJSbxRVFaK43CulZg,KlVxGb
Supplier#000047869  uEgzJcuSDImTl,6t Ya i,HJVS1sDZqcFoIFpvL
Supplier#000047962  QiSmuinLi6A1LqC8EIUxQN71WNJNAz
Supplier#000047975  VGwcaFqBrrA0x5Itasv3f
Supplier#000047984  Uy41fg2AgysSJIKnQtJiQa sD,OmuAGGFT
Supplier#000047989  FiDV32lSFpiJLC7k58HqmSCZULyPmHY2h0topt
Supplier#000048031  8UHbnRcaV1eRJcguPuy,2JybTc,AavFxMYm7
Supplier#000048068  WsPDud2kBMp         
Supplier#000048115  09oKIzUyHP          
Supplier#000048147  ZBJssznTjXutI       
Supplier#000048357  y1FiiYERpx7g0wckM2yDL7x54
Supplier#000048410  htvxsAiYbvfKocY53qP,Hlu rN7er76 ppYlul8p
Supplier#000048504  EBgZ4AsfVU          
Supplier#000048514  Gm539b21O8a         
Supplier#000048565  fArkN5FenjuGaaUg5tVs
Supplier#000048623  jrnd4Wv,2io         
Supplier#000048637  DGGps39ausEBaUORXBf 
Supplier#000048653  egPEVhZcpWClMtnCxw7bisoJw
Supplier#000048661  VJzTRmGLKZyo4oLGD5C0aNUToSfxe
Supplier#000048766  3A37v3LNXQef        
Supplier#000048768  4WICom3JcBvh        
Supplier#000048933  elpGt89i9K0JnWJGrJhEBa TIHonxxjcj41b
Supplier#000048959  TYZIf5qENPLXXnwowP6NQuv6tqAl
Supplier#000049059  SUaIjmXsaWcDDRQdffCu8nuii6
Supplier#000049070  Odlh,Baqqw3YgdSOcfvXAqCgK
Supplier#000049293  OjTr0GOkwpficTScd   
Supplier#000049351  1hyjF7MxbLx1Ag      
Supplier#000049390  Ui8,Cu5orOwK3iqPG   
Supplier#000049426  0AlinvfBwgaMDqwj    
Supplier#000049434  CV heLMpQEN6n47G,OfaW
Supplier#000049459  bX3t ULGQbJtNSZJoqAHdLgPkl
Supplier#000049484  70V6mloMEKZdEB2xjfiN,ydMjmLqswGwcR6
Supplier#000049510  Qp3aMzbM37xvdDJbHcK1ZXxIhQugKbN1ch
Supplier#000049555  dHMxTjSc0JnRaNRPW6,LBN2RcVHLm4,TufQ1f4UP
Supplier#000049639  UD8maFyDRV3U gx     
Supplier#000049748  ZGTduvxxxgcKsFj     
Supplier#000049787  XSyWurBc3CZ5WxTaaqAk2KvTGF9
Supplier#000049855  Keh8lpYL Jc97QTk    
Supplier#000049906  OnPc1ghjddglj,v     
Supplier#000049941  lK8vrBA1LdMOOLZ23tQ3v33va7k6rv
Supplier#000050028  prZwOlA8FoNp,OwvpafQP5FOwIqrN
Supplier#000050167  NyoNToBjbSej08VvQR6csQlFsh01cONiFro
Supplier#000050288  xyt4ZS0hE5wLPNn     
Supplier#000050330  EMoVPXGh0haUC       
Supplier#000050337  XT9lBBs4oYNU        
Supplier#000050416  SRt7dQUIMz6gFdlT,BiReSf,gNpFuh2Vmhb
Supplier#000050543  Vk1z9ErnMbyYn0hkb   
Supplier#000050547  DOlEqL0Ctu9QNKMgMwdZNpzoeHO5UhW55 C
Supplier#000050558  edxovDklTvcfoC25nTdOy4Nb2BV,9 2oO
Supplier#000050573  2XVMW DFHNFF1LKYmB5Io6l
Supplier#000050771  8v3lF7Zv6,suKQ3mcu  
Supplier#000050787  U1bvuHnq9c8RZGW2BS4ru
Supplier#000050813  I5e6FcXTt7l,3       
Supplier#000050858  DZdEksxSlkczFCVi    
Supplier#000050871  8oupzUueTR2ThzCMveGxmWPGu
Supplier#000050889  r7fEWyVA0aF4        
Supplier#000051044  MbrUcJ4GhX61y65QlbfRZUeGbst
Supplier#000051121  H0GJzxAZwQj GjCW68mx4MgGUu440
Supplier#000051149  H9rcOg aJ3NBMogONYa 
Supplier#000051165  MqosCc4qgeY1ZHR7CNl 
Supplier#000051176  ex8UG,R8HDhCsav0uawLVJ9teIrWB
Supplier#000051211  J1PWhyTIrNB9mJcFIIVuKHKV
Supplier#000051242  G0TyDNDQyuRtCOeH    
Supplier#000051346  y0QVX6nsRXdyPhY3W,Vi3MCD3,e,ywT1Sb47
Supplier#000051390  hQbDB1ceW21qMae5jzPJwv
Supplier#000051401  SkWLFF8wGmxQY3VXwLzC8
Supplier#000051452  wQ03QgTzgGE7cZck    
Supplier#000051530  Y3FmDnkM,lRdoLtFpqCb8U5
Supplier#000051577  nlU,zhelEw3ik46GnbFntaPf5Q9xbX
Supplier#000051607  9jntSZezh03UIW      
Supplier#000051613  KjZDP21J2PHrg2RoGmEabZm2NMquu9
Supplier#000051690  Mk5qfTDcHatpZFsd6dDpVIk7
Supplier#000051724  4owSqYNbnBAXLqi2    
Supplier#000051792  VNiHxbvQWRPG        
Supplier#000051853  0BJzehxUw8y5dxS1fAOLsL9SUvXez2xK
Supplier#000051895  vEsw2Kdg3nEt5nnkzCrKUOCKY
Supplier#000051937  eesKpKHmsUd         
Supplier#000051956  1F jobrk,WvtGcMem9ETsCElYC Oz0C
Supplier#000051987  AbbK51FbxCpV5XVzIBPVJS2yc9 Nv0
Supplier#000052024  rFfToU4apqB79A4YeAYQit
Supplier#000052036  VbY6qkrZIojdO hm    
Supplier#000052040  o5mxi11qJNoi0NTQdpEj0WVsr2NqQ
Supplier#000052141  FIdQ3SMc bEOQnfe    
Supplier#000052191  BtM0 sEfY623        
Supplier#000052285  I 2,wOAOXag79gBD2c9pF64UWb
Supplier#000052301  tEE5cTg1Xv3tOKaAhfMfCDfybQFISdtt8V
Supplier#000052442  rw9LsR6ugDUqkiYbExLl3M1jVQWPPq2faU
Supplier#000052461  DUKjnBw283huWaP6F88yogAp6
Supplier#000052463  RHfq8 z5h           
Supplier#000052485  Nf8j2UkBqIkrQ6 F kTZjfByTiSVC5dw9jR
Supplier#000052492  dqgOdExdqf0KUlHoYyHGGXwg,pWqX92Lu3qofm08
Supplier#000052510  2uSgdQOGm89M        
Supplier#000052538  BVkmu8cBeUHSSeDLfZMpRSohi6DKqkgB8hWLBNDg
Supplier#000052558  Xq7CdcrMdrRw        
Supplier#000052591  3qMR7mjGD0qPy3VFbLHTkL2xL
Supplier#000052674  GLcNuM ZPg          
Supplier#000052808  1RaciDyIOUGEvXVRgTr 4pckl e62FTypMc2S
Supplier#000052821  MbCKsyD1rrHIU9mG 9j2kmURNf3ieJo
Supplier#000052836  EuVxtZm14Q3qP0OUGx2sFT9srBiXCZ2OP9GtC4
Supplier#000052865  LysS0rBADw7XbF2rkkAk
Supplier#000052987  cmAdcMWxa344kl2     
Supplier#000052999  FVKPUXukjb9K4DZGxSOdfXEVKaB8skrKo
Supplier#000053140  sjS5Sv8fZ tdXSjRsI 79QKrU11HIAHSY11D2Eu
Supplier#000053172  DzxU1GqerEBwWBH5LE  
Supplier#000053186  8jF0qE81 zm91B7HXVRg7BlN
Supplier#000053209  zHAadKKhMn7ddGd22Ho 
Supplier#000053270  mk0SV fsP2rUT pDiJpBShsbIVrlKnL9iBfY
Supplier#000053297  p,FqrcOGfUa3dS5Q,Q3 GV9pI2ceWDU
Supplier#000053370  pXIAOuHb4RVAar4     
Supplier#000053400  ff5ZAsOwhigwyYP7O2Lc8aVJ
Supplier#000053425  RKdlScuhdtn1iCFaO IOQNTqXn
Supplier#000053523  FRDbfsGClUqT,BsXCNh56
Supplier#000053529  ,7Xo LTjlhxAqpOYvKknK
Supplier#000053602  Nug5qHe2GqXPrmr5FCAwj3oh
Supplier#000053713  AgYXxVBbWeG         
Supplier#000053716  muuxzHAK9H          
Supplier#000053772  qQGVGFlld0r2BuIan   
Supplier#000053861  YIxJy8NEoD8vC4yv    
Supplier#000053934  7PqzvqkCmeHesKk4HjuRVVn4hMMFAjtsK
Supplier#000053939  fTFEEjYkWY21GXByYo47DO
Supplier#000053998  FI56fhcn68GhkPZNLHTss
Supplier#000054021  U9cNJrPTlZLncXAO8LkyU8jISK
Supplier#000054044  FKcLY,URyXk8Q0BA3n0 PHEBqZZQgsu2Fgb
Supplier#000054045  Jx9vTDCQZWQIRNNeuXZ8nVvV94,kix8MU4kMh
Supplier#000054051  1db9TcJ4tMvOX2aVvLIcQb7r
Supplier#000054245  ZPyWMDA1Sb7YW1vlNECQ
Supplier#000054394  0BI0VJYl5hNq1bityuxc
Supplier#000054492  aqJWuYLjomOdrJ9rp0IZOZj3tpWePg9ZaX
Supplier#000054503  hVSZthYycFEe6L48    
Supplier#000054622  DgcZ8c4u546I        
Supplier#000054673  76Y cuGbDX492jsd    
Supplier#000054696  aJUnqBO4SVDQ8flm0SpV
Supplier#000054836  5001kx3hCiIJJK5CLBoUU0AF
Supplier#000054865  br2AUflGvITHiHpyn5zZL
Supplier#000054939  sLB2AMhUffzO anglp7q2fqdcZGv lKfi
Supplier#000054960  5OPL8KPfUdzTt       
Supplier#000054978  wdljZ2bcC6c1xItGHWUrS
Supplier#000055046  035RmAwlCjcRq1,14aMdgTw9
Supplier#000055057  AdzNvbF,Xj2hoMRjhw  
Supplier#000055086  oHtieQyNOcj3pu4HwM4Xkh,
Supplier#000055206  NbhYkSrEGAyiieEHHY BF
Supplier#000055345  O8udtqZkAXyjeCJ3yFtZHZicwgg9cY0kai
Supplier#000055482  UIdazhlbofC,W7mS4XrZ11uYqlupl46vC
Supplier#000055541  VnTLcWja TIrQfwi5You1
Supplier#000055579  lmHnPXcr,U          
Supplier#000055623  H WQX2ltKRfIYZDDbK  
Supplier#000055810  qr4c7,gQuNFPZQZf,Q4i
Supplier#000055842  1Ettz4bYieuxyZjZ    
Supplier#000055864  hKLyvNmbIx1z81vYnyGyJkYfnsDaMvEb
Supplier#000055914  ojfGqLOA,gPxSxGIPfYajAl6qQ
Supplier#000055917  hcr R1MMwnzFYHw8dKQ,gH
Supplier#000055928  FzXOPEjSzQAu6ht,W4XQL8 POhsQYLxlhtZY9EOT
Supplier#000056061  vg3k2mZrzvzYd7jXiqzc1xx
Supplier#000056070  CapmtH0LFzpA1BKiz,EFTs7LUkEKPa6m8cxt2xz
Supplier#000056167  EPgXfpoJAqv06SDrt   
Supplier#000056205  Zj PAN5QGf3CY2,A,m1zOefYUpzPF00
Supplier#000056328  UAp k JKXxU1JpAVAP  
Supplier#000056377  s1dCj05Ocs U U 3y59c9kHbBefqy8LOgo4X
Supplier#000056475  xg bKk Fu6T6yXukoVw 
Supplier#000056478  0mDpevHGMbTUK97     
Supplier#000056542  YtglGugCnr9Gk6meK9vmoLdRev6nm,hNA
Supplier#000056625  FEwOKoOq30swCO      
Supplier#000056703  Eel78lZQnYr         
Supplier#000056721  ,xUrxpA8xACeglwwvEoI1zcTzCuXBVJ8
Supplier#000056796  KgLD4zERpF2VnuGPQ5oQBhPA9yyR2FHxA0j
Supplier#000056893  D9DoJX,Pn5iI0vPmVNNWNuSnobbOFzAWU X
Supplier#000056991  H9gObKmum0MawYdVvCai1nDay77MH
Supplier#000057015  qL0r6r2 zvBV        
Supplier#000057097  quCQmqEwhq9qmkH79F8kiOXNIljXXu
Supplier#000057185  EdZjfOyHR5O7 GurqTq2
Supplier#000057194  49CVW4MXXsz9SU93    
Supplier#000057284  GzbJC6X1tg7FaDS63T6lG4OD0
Supplier#000057364  SMT2rImHcj          
Supplier#000057481  HK9b3Jb6HA4CJbvP4hY0nN4fpcz1N5T
Supplier#000057506  D,CA7EIOEE9XlbykyzJgVd4RM0qtdItf
Supplier#000057657  7SQRCsqoVNWg4x1uNOBiS
Supplier#000057668  ,7dn6RSCSSW         
Supplier#000057673  fcWguDJ6DJKBYZAhb6  
Supplier#000057712  sR53XFCoQfNzkkcsQZyHa 2z
Supplier#000057723  bK6DCqXa1lnPU       
Supplier#000057791  FVtsdT3lPJT3H6Lx    
Supplier#000057830  iO3MW,Kdtg          
Supplier#000057843  AVkmcitveWTk0Cq     
Supplier#000057850  6 NGq7nzGxMI6jP 3   
Supplier#000057935  aWnOzY1If8v4oVjte077FEfc0
Supplier#000057943  JPx9ZXkphTq57iwNIr2PD9hXFbXQWTeuciGK0h9
Supplier#000057958  0L3VoO,LJR4n        
Supplier#000057959  3rnf15LYfF81q       
Supplier#000058024  YR9SP1OWY,zbiyxQllkNfQmLU2BOW9jD6FTx60O
Supplier#000058146  h319bWTZNH          
Supplier#000058367  80kNvvKEylNuO,ZrqoDA4K,yfKssf
Supplier#000058378  JJuQsBBWow01hcOKct8qFUSGya53
Supplier#000058411  7WKMOdibwd1ElOX4,5Tdk9LG5gDpL  6mqyXn
Supplier#000058436  4QRg6HO JPpd,3Op2jcsNEnrxt7qwqt0o
Supplier#000058447  LHUECk,lKHoNyS4k3pgm
Supplier#000058472  xBR3m5eWSdV         
Supplier#000058628  0jcvEPRgmZke        
Supplier#000058642  V4iw79 2GJEguJDXbxc4TZ3vOa7NeyJiN9o
Supplier#000058674  fqUZoO5lmIxFyX2S29ODD6bceU8QSuuEJznkNaK
Supplier#000058676  NA4VYTArbtHdRV      
Supplier#000058700  gKDl3jmeYBd 03      
Supplier#000058712  9TvFdesepj25jv5TkabuKTJ45L5OPt9VEkkTS
Supplier#000058726  McKn8syYGhL4rIKyPUw1ycgLCG,7ILQ
Supplier#000058754  o1tD9Nigtu          
Supplier#000058836  bKx8CpWCjLKZqqMJag  
Supplier#000058856  qvJ0dXTQLUu4Un9eN2cx1TeKxygnGVw2PDhp2
Supplier#000059104  9J3qzQ297g4a4       
Supplier#000059190  GSsL0tWtIOuzCeEhEgQ 
Supplier#000059304  N cs DacFD          
Supplier#000059350  eLy5DbTxE76t ,F CjZr2lUh7Sb
Supplier#000059391  zvBlBoDzKNsr,QBavW  
Supplier#000059405  1vuHyc0wUdyDf       
Supplier#000059423  5rD1G1juuUfujB      
Supplier#000059460  wyIuZ5WX8OG3        
Supplier#000059504  f8,duRlaYFsEGBzxVbg3cLKDfOTjkleZ N
Supplier#000059661  Y1VZDF7kUvsxzi4h2uJ 73yhCfIr
Supplier#000059695  pVG9l2wKFyLI1w6,uhy4qTtt4pR3imF9,LweMYn
Supplier#000059846  RcGKDU5SU,zWGNO,7   
Supplier#000059882  YZGK8xgt7zzbpkWK    
Supplier#000059940  MzFSuBhj9H8BJ ZFTr8vSmTiwu4VdZ
Supplier#000059980  y7I,hmjjxLmjVjUHDIOr LmlEsfFbCafW1C
Supplier#000059998  m 5YQwQ81Y5tnSQhSkLuS
Supplier#000060119  MBTI2Qc8Hv1LvtY7eTXcf
Supplier#000060143  KVe62EdwSN3KtHdDlHPnYDxCeS58OIc
Supplier#000060174  0w58Qp6ksupapyty RYN,1O5haCcs9b3YOblf
Supplier#000060199  0noE89cXWFZwlWy9Z3fcj3Nr
Supplier#000060201  PG622 ApERtVkZMBQ,AB3qi
Supplier#000060248  isr2fejsP6ecUOQErSKeE3
Supplier#000060281  n96oqyB0RIb24o2iokbYTlNkCxNdL3dU8QFwpAN
Supplier#000060345  roOHPi3iExpFo3wI9z1paQ5RAsv9Qv
Supplier#000060356  JZdi8KKflDNGYpzP    
Supplier#000060441  hVjd2i4BCQG         
Supplier#000060442  vuXBu6nBj5XHRZt     
Supplier#000060525  jckUeRHCAIQKJsNwGhT 
Supplier#000060531  0NyyRBaTrE          
Supplier#000060564  AVeIXw0SCaHywuECyPOaE
Supplier#000060678  kpFjBbrqyQggl9w6    
Supplier#000060679  JfmWjDuTe6 wJhJiBBcMjvcH  ZI3ipZ4venJo
Supplier#000060691  SYK9cacsjk9UTfYR AAn0eIJf
Supplier#000060771  YwBwfHfmyVCwM,hp3Ey2asSan2K, BM
Supplier#000060774  y4Ww3D0xTVUYF f5tvfC
Supplier#000060777  RvNUjs37XHZ6nwtJUzktBk7w2H
Supplier#000060799  zdLwFgRPk,4vg2R0    
Supplier#000060846  xEc,jPZDiUXW68eXvylOBGLmtNY4a4Iq
Supplier#000060882  T,UsFDrN2dyU        
Supplier#000060883  eQ8W4mRdc6whR8N4eI  
Supplier#000060902  IrmzxZ74oauU4zQzsdrel20Db3FvxQ2xo0KnM9
Supplier#000060926  oWtJTIcjQNryH4b L,bZf
Supplier#000060995  3cKItcu13mgbtSO VNeD
Supplier#000061051  FZLQ2P6ihQ          
Supplier#000061115  ,t845viTb0Z7XFKi9gjQ20QPifInaKCrCncz
Supplier#000061155  NroqkLa 6skR,30JSbPpp,hpnXFs3
Supplier#000061182  18 3jqyO3dm         
Supplier#000061206  Y7fHdZXKSrnLLhdY    
Supplier#000061295  Pzn48XUW6O8xGty,W4fwWoxpnFqmfKe
Supplier#000061304  F 9b6FnQZpC8mM3VVFGj8SfkMtPihXJwaA
Supplier#000061322  eskRjF2WMt6qO7x1r6d8RIshDWb
Supplier#000061450  rgdRkD6gjCqXTEL4IXD8S3
Supplier#000061453  zSDrhODh9Mj7JRV24Z7TMliWPRsfdYTv
Supplier#000061535  9DQrewFXvLqmVOl,GewOMj0MkSc38hnv 0pJYzJ
Supplier#000061637  bmI2tHnmiN          
Supplier#000061686  OkfWw2qrQ c8eLa5q6eY
Supplier#000061695  fYmy1HFBVAkjj01E L  
Supplier#000061765  ,KK9OKGvq4q9kR9toJ mpfkg6uPhOBiWB
Supplier#000061830  SNEx8InEBYxAf       
Supplier#000061887  RUYhRGXunDrcc0Kiwf2r9bAQEJSdQQTTwdF8
Supplier#000061964  spioITxl751YJB9     
Supplier#000062081  pIox4V2Pvrt2Bs,zce9JpjZJSiUlGgU4P2BcsIU
Supplier#000062101  qtuxvekW5gg6Ur4zpmK 
Supplier#000062202  wSMFZuJzdktJZwPPBmT0dwDTeS
Supplier#000062272  l2I2nu1W07oTXb3SERwS7pFLk  BcSAk9Aear
Supplier#000062314  3Hox,z3lqo7blfFDJn1wN8kZ7ecaqYeGeFwf
Supplier#000062324  qgsS4yymtW724apiE2E 
Supplier#000062328  DZJ JljYHL7dsmJ45R87NDEMzADjI3zd1,Jr,b
Supplier#000062390  Dj0fFK0xpao54HN13t hns18XMgX
Supplier#000062441  MHjcvgMd9p3h,Z2mFhoG7d66P
Supplier#000062456  ym1OV3L3DH6XY       
Supplier#000062479  ufJFNDLtlMjVbVWU7TdIVvtdn
Supplier#000062485  G488skG,,pW,3GPJ77CofLVZ6SVcSPGFP
Supplier#000062638  aCIyar54TxFSFT9A7X11n4Di bWfon
Supplier#000062718  ZDym 4UOyrFZcEigCmf2LopWdeWJ7EBF0PIRWLq
Supplier#000062727  tm5oA4zaAn          
Supplier#000062750  0bWA1GE1me2NybV,rZqI,j 27fd
Supplier#000062789  ,De3sEJGUjxRzah2P,c 
Supplier#000062897  qDuPpeN1o  ZCXx,urBSStzWcLIPuGS
Supplier#000062907  g94jnYMlAfzzIVmL ehkfshaTMjbFhv6L,q,FQL
Supplier#000062989  B,Jjt,cYpE36snvASPi 
Supplier#000063005  rScFIyFGoAPcGNPIkMJCl0MqGAwcW1dlYhwz4
Supplier#000063032  4QH8cK,uP02eMSmzn   
Supplier#000063177  kAJB2XA4j8,U2r8ot7oRANLeS 0NJ5
Supplier#000063201  r8fOG11Has6 YHVOohrQ6w4Oc
Supplier#000063293  HE MuFtZfHNkrsnZ,FbFJ229vDVmSXEkWyI8QD
Supplier#000063303  u6VNrIyQSl01GdVQnhrskm
Supplier#000063348  l3g94I1mmpQYlNVjrtBVxfGU9QLOa9wV
Supplier#000063550  YU8oXLVFaC0tCczWKKc64QdfYNCETBE4bVBx
Supplier#000063701  E30OqGSVj7C5J80sZZZMkeZbjgav1IQ
Supplier#000063763  dVx1LR7UKxRSU1DKkS4c8
Supplier#000063776  sKBhGzSNks9,nVoj45M9kFEES4pBWqpt
Supplier#000063799  xnTZ7U z4idjEqFEeMjWoCW 4qit
Supplier#000063858  43FslRP6BoMXra,     
Supplier#000063895  KdzcI4bGOVOXAeo     
Supplier#000063900  Q4EOFxbLCvH4vt0tX5b,,x66V,n4toYcOCU6qeS
Supplier#000063952  rQgjlSIWEQ0J51nDFK4vyCv1n
Supplier#000063991  KLL1ZC2eH0Aabrs M5h 3
Supplier#000064001  sHTyDYXsmx0Q7dfBGG2,U23tpFSFar2GX,e
Supplier#000064101  4uCyIh35GtXurWr     
Supplier#000064126  yTUM8sSFnEmD1V      
Supplier#000064155  QOLWCWMUe,pW CyFyAi7gfJ0y
Supplier#000064451  z3PJv8qeDZ4DJvQUs   
Supplier#000064497  1EGM2I4sW4fcl9lfvZr5HwTRQ1JfNve3VY3
Supplier#000064696  w7WUt uIjm7CMbiZYhhiZ6C5TgLkx9,9
Supplier#000064736  QluhlEUPRv3         
Supplier#000064773  Vyn9oBre64YpHSZSvjJjH9i2Ac7GHVslH
Supplier#000064800  rFedtMdz5YU         
Supplier#000064872  WNiD9qPTvPg0a2yiH6h 
Supplier#000064890  rMpq SL0Bhkstil LPMy02
Supplier#000064975  bz95TudOeg,riFuHQKfOFrWrHa7pkqO5Ae
Supplier#000065010  0O3JaIn4C5          
Supplier#000065023  lRyeWISBxDhqIBhc7bvc
Supplier#000065124  ieK24Ztd,Fo         
Supplier#000065129  StwddlJ,8mDO        
Supplier#000065200  cUqRlz sg6 EYZ85XGKeIsFWcn
Supplier#000065301  cPkxi1ujxIqKH,4voh  
Supplier#000065396  9VSghCM3aBt0mArF    
Supplier#000065407  SN1hhmBfJe1Oq2i1F7bUkrD7n1ap9lI
Supplier#000065416  s6MRGsReoWiBSzo4L tOrd7ureviS0Ig
Supplier#000065417  W99voBg9tqQqxFrL9bJWvjINqgyknVd
Supplier#000065445  hwLEvIaB0fC71CADsPmE
Supplier#000065460  V6XUpUnRnZ6OU7EKYnr 
Supplier#000065481  ,3vMBExekd0JyNVkStWJb2Dv2xoga,p0m
Supplier#000065583  snbjhhqRd3nBCbFYM7ch
Supplier#000065591  Q7XD2rME4dGY        
Supplier#000065621  3xJGIYMA4RwNutKAfv0C
Supplier#000065791  oJLYozgx63pqZ7A7 3nhi7XDYQ,p2a
Supplier#000065890  p3crLiVdVObP3rY8H   
Supplier#000065954  ojn3u,Yvs5hOcf,wLDFLL
Supplier#000066181  Aazn,hUJj1sr        
Supplier#000066212  GbYTzfc1b2jTMArUVQdu
Supplier#000066215  rr0THW uTCbdKAwh3G  
Supplier#000066240  oFL09xg4GBRiaG      
Supplier#000066257  0QBVFLCCF4yPQakwKNWF,dlaXe
Supplier#000066299  5GBaKxbVM9Tn AhVjTNw
Supplier#000066303  daShcPMmHBNqNhaYejf5DXU3QEi
Supplier#000066319  ynXb9MO9qR HU5JEYDNlgk
Supplier#000066346  qUDgzAsTzBn4o       
Supplier#000066378  V6BxJc2tuTUdEq5gTVYnls6M52kQ
Supplier#000066446  tLwRXe9kkfFn,QvDkskr89GplvXCg9B0WEHbgm
Supplier#000066668  W8,L6f5XkFoR,Iwtovqf04dCQp3jnadHtcH,t
Supplier#000066768  jdz5T3ARwUeBTsyWEWifKtVKPh7k
Supplier#000066778  t1lehq3IN9EMnlyQ5FmqMgt7P
Supplier#000066950  hZgoNr6fh2PttkX     
Supplier#000066996  Y4 ECeYf1kkdk5kNxLY,qhSi
Supplier#000067033  Lu5ZfqEahU3         
Supplier#000067051  ZqB1BcnMgJWG,iR3,BiRWoRWg6a78lIlF
Supplier#000067126  1P1UmZq,aqb22lXbf89Sy,7iZ
Supplier#000067172  zkb5SKtZvLzZKctDefb,H
Supplier#000067239  pYs5SEqWSTo         
Supplier#000067251  uwKIio9RmFfhnAlQvG177vK5aG
Supplier#000067323  n3jLwWcmrGtHo       
Supplier#000067330  5SgVK3xKxIDMc5T9KWttmqlNv12Rkro9aUZ4Txnk
Supplier#000067338  OdFbrgY9WiZkLO      
Supplier#000067429  rJd 3bQlgr1dWkwE0m7nPSZ 9K5KVeYk9
Supplier#000067468  fsNYZJxi9k4tjwjaFOk8TQ1agZy
Supplier#000067609  YmrRcX0AaErqmZo6lMKt5hn3H8f5jCdb644Z7B
Supplier#000067664  VQnBX58b,0          
Supplier#000067749  b0w1zhdcWud H2afzl5ae6ku,t5IKMsANDBK
Supplier#000067845  j7nNWX5YjBTqxg2aBkT0CaJD6NewOKX77
Supplier#000067901  PVhitbzDvGmLEh0oriHrRIfrbLgcXvbD,S
Supplier#000068030  jI,F8Mzc0jzX2yo     
Supplier#000068031  4HdTTQ,IiNcrkIh3aHekKXZIt1hXImC5lIVWUO
Supplier#000068033  lp8rRS2MUevhyZzqFsqW952tunR
Supplier#000068100  fRBbnq9G6EAoLHn 63mFx
Supplier#000068210  OslmD  Xq1 EzobHYOUtSC
Supplier#000068226  UIxcnJXmFqs7yLE9pcf8Nkq,dTK5q72Ctrk
Supplier#000068290  XHkxRPEy3EDCh1xxRUU 
Supplier#000068602  DSM2SIj4RVz0g       
Supplier#000068610  fiUPqTkyKTgKnvbJzQirKUQJKZ0adRp221U
Supplier#000068612  BDZfYxdm9KyNRC,YYfAWPhk
Supplier#000068723  2skjDCwcsEcL4pG     
Supplier#000068734  3iHynQZQqn3Y4maLLUJGGzL2Fa4CtVKiPY
Supplier#000068793  UoO7bYL98JdWjXu7fvkLOjRmkzs7gXmw
Supplier#000068806  ErZMQJja2n,0,wT3hr  
Supplier#000068946  diOX92AK,Y7HACJCZxquTJ,g9y0GgeGVmeX
Supplier#000069027  OZWBeLtBhjwcdcOW9bt 
Supplier#000069142  4D8J7,Zer xmWWGYalv6czILdgYM9O6n9ud01e
Supplier#000069194  zlzFni4HACBt        
Supplier#000069239  mJwFFECES1x0CiY kT1yaUsIr
Supplier#000069242  lWhovA1Lbx2pGLkd0SiWicmFlPLK
Supplier#000069289  3aygmd4WUfYb96Pt vmUKFrX1lt
Supplier#000069366  ElzO,B185WMkoZZtaOAK1 YuKrtVTGdP30KLr,ET
Supplier#000069449  ELh9K7UUmIJO1Yp,BOAE8U,
Supplier#000069541  8MhoB1PTxMDhxeVfgp4WJ5P3,7M9 2
Supplier#000069602  2EKjMNFY3TUsGSoaEHO5J9FgbyvqI32uc8bLN
Supplier#000069641  4JfIwgs8W9xW        
Supplier#000069657  2zCYF4SvsrtLONoXWQQ6jkdCAtjcqrj
Supplier#000069673  DeZDPMfLIO          
Supplier#000069772  G4XpTDDJJzpBIo4DMTJQkF
Supplier#000069902  awKe0ZrxsvHLPgW6Etf,7AiMQ,Tc6zOE5zM8K
Supplier#000070070  U7exVwZU3Fcl9JCxgqk7yizW0
Supplier#000070104  0, 8k1,qDozbn6vydmM,YnU,St0,OHkofC7xTS
Supplier#000070124  2nBUYC6D8xtHurwCKDpgP5GqX3g1F0AZoJqNm
Supplier#000070268  3Zib1X4yyYxzZySNtwp2NODsT,,QwDV5
Supplier#000070373  ccItVFkp6fiYYzoMI zd4PFZT3Tdth3UQBfgskix
Supplier#000070454  DNzjoXk2sT498CaC80bEE7i
Supplier#000070455  oVt7ylSb0npk        
Supplier#000070466  vZMTgfuecKFiAHOnV5Q 
Supplier#000070583  V4rZSUaATE4ecE9Wc,7w opBhLR,jViD
Supplier#000070740  jZmJ lPZiak5sJZA4SglTThJZdPHrGKn0mSAymWO
Supplier#000070751  0ZYWpWzzejOWFsjHNWeeqnTSOZjaO
Supplier#000070789  u1jSI58B kY         
Supplier#000070811  tVwrrFalwmb3um420fID8qeZZND
Supplier#000070834  E6q8UVa8,E9IGV5zZtGXbIkdjemBT6d
Supplier#000070869  pAuQYO3INBoi,mdsMJ5guaQYgOGektDjcsGU,
Supplier#000070890  YotMa,d2t2QpyMmrlE1G8SQdYSctWYiWrM8
Supplier#000071002  6zPcHKgEWqBqDgA     
Supplier#000071025  tiMjUYK PR3BFuDiFF3da
Supplier#000071039  JCOQ1xx17p2e5x3QKzx Xe NDEWb9SQU
Supplier#000071048  rNmFqS3i6EfJLLLA2WalHFwmCYiCs8Vruj
Supplier#000071056  muMLFRSmgJduwB9lTppvCckr
Supplier#000071081  hOX4xDNSVq0n        
Supplier#000071118  CDS71Mo7zUDuTDP53N7s993D,rmjhJN yL1N6C
Supplier#000071198  gMZpl46PNp4RyeKKJwwk7sdOAxXf
Supplier#000071212  HMp1mI36oa7INuYO0ylxbiZmt
Supplier#000071288  W6E7kS1rXSt 6uGdqifhOVxGob
Supplier#000071463  Uvm1PSleWeRUcOyI    
Supplier#000071540  IjPt2Tcuj kd6wQmBfZ,nruNNCmwkA2AgXG57HA
Supplier#000071554  ow4e0uTd1KtGC Dkp1LDcwrZqnzwD01G
Supplier#000071558  icMjROOdr1qip7iq8I1 
Supplier#000071559  KImeKWG1KyWmPzGJNHabExUTBuyLaDp3Ggxb
Supplier#000071657  pCNKB8v3lg5cx69     
Supplier#000071734  LYPUhHE24EtKek      
Supplier#000071802  Y5MvaqDglsGVx2jZlQoY84qw4QmK
Supplier#000071823  gC,xqUdr8lvopznWxGugaDlU
Supplier#000071853  WPv1joi,cJ8TM,kmx6  
Supplier#000071877  f5Z6WPoepzI1jhQ7SxrhKKd
Supplier#000071889  M1snBiRi1lwlEX6ae9bwwvxy
Supplier#000071940  ksglp QSgtoRfSUK8ezrSzmlZ7YynpIBqs
Supplier#000071978  XF37PTmZkE          
Supplier#000072053  5sAbFjTKk84gAE0b5pQCQmqdRVwu4XinjEW
Supplier#000072077  ppoznYtLrcpk        
Supplier#000072247  G2M3Lw9P3IFbFO4S5naqBt0RmreoO0
Supplier#000072297  8dnxXsAQktXkU3bFDA3Ho1lgyC8r0Jzh
Supplier#000072311  FoFJDzaJXQJoj,sV    
Supplier#000072313  AnrgEB3a3pYsN5coEd44GyFrJSyP0z3uIBH3ZHJ
Supplier#000072365  zvvbd5TjW4zHCwOI1zoW
Supplier#000072380  CzNriiUzU,MAn1AxK   
Supplier#000072416  mgFk3D1B BVSMYj16fP4UOLCMXs831rfAw
Supplier#000072472  EYPgG9H 4gad2,wuYbs9nxU89aGzU,Ueq
Supplier#000072514  i0310qLVWi6sV2QUhA0g,EUY8
Supplier#000072634  I9E8bZrMJaw9BT01M6  
Supplier#000072670  BvA1a828tBbbzDF 68IZilOFX9
Supplier#000072702  sZ SaMV4f9dBwkmrafXzBWRMvLNogu
Supplier#000072963  jaZxfRsZayqD5mLKzQwT,TTgSbjV
Supplier#000072980  ,lsC erg4NEppQWtl   
Supplier#000072997  2UpL6N6evh3llMtC09o6zbYAIAJyAa
Supplier#000073170  bsXe6cm8yZkBVYPg    
Supplier#000073174  pmJqPvCU1mv H1dkwvvTOkuamY3 xoUO65m
Supplier#000073207  uJmCocP11773H3vpsx 1SAyauO512yBmoH,
Supplier#000073273  q2P yvYytMMRY       
Supplier#000073274  ApOAffw0tgBxfK      
Supplier#000073361  ,dnVhRXnCQjLD2SdWyslDWCn
Supplier#000073434  bhjw5p ZzA0G54bqwtIug4Bv
Supplier#000073472  IBLVNBo3N 1DHmk55,wky7bl
Supplier#000073476  REj0aQMdEmt0nxx91Sw,wxcge9MI8,rI1G9I
Supplier#000073596  gjVTWl6lmutHIZUlCP  
Supplier#000073602  UyOj8vPd59e8gLTG5ur79GxVZh68xWSd
Supplier#000073667  yyCUqC2sZgj         
Supplier#000073690  RurucV9Y2bqJL9QjkDqmZLBhGZW2r
Supplier#000073758  6HjT,rrwVr8         
Supplier#000073765  dmLakIijukQahsxkyKw6YTn
Supplier#000073789  wkC5vGoQoWLVxGRQX8oxv3tmaygVCe8D7PiTH
Supplier#000073793  mnJZvJgO1hG,EXK     
Supplier#000073824  PnP3g2OlJqL5bu,TWgNcL2oY
Supplier#000073962  KhvBL4JEvbrIW4AWiisNR  8yl
Supplier#000073985  S4WdnSOSk93Y        
Supplier#000073994  XIVLhJ8Pb54H        
Supplier#000074014  up6SMiT9MX3         
Supplier#000074023  vQZu80Jd70XZDz      
Supplier#000074070  UDFC hllJHxT0 WIlSzJFT
Supplier#000074132  Q5WSv6sPZmdkVXa6    
Supplier#000074185  BRkHX5GaosGxOqecVbhxZyqeDI
Supplier#000074237  LrUI9ACy5P7d76r t2eyzouDk4OX
Supplier#000074250  yNFWFdgUxrOSa       
Supplier#000074292  ,Um0pp,j,Hfn        
Supplier#000074334  8pak6fa8QovlPMCVaOBbzmM7
Supplier#000074434  RToaF70Sde98XBprxVS0YSsErjBBtyH7
Supplier#000074444  ,XHIUdP0TgXt9uA9    
Supplier#000074445  lzMXtYpOT2wxw3j,VUhZTNL1gqFXPZ9cyB2yh
Supplier#000074594  h1bYTW8Uo8 8i51S 4ti
Supplier#000074636  aWbP3k0oCYj,UgKgPs  
Supplier#000074647  yJ2H4KA50aSFRWsA9Lh 
Supplier#000074678  AFuGMTUX1huYZ       
Supplier#000074921  I1ecxWduSfVqmwLgiMv,JBK7Lupw
Supplier#000074985  8Spp8Pzpm7bQ7ibgHo64SyaZDiF73
Supplier#000075049  rA0Zi5Uxbqa,gM9RGSzDxZnPzjix4fdna
Supplier#000075055  RaXjxED0uWItLT5Up4, 
Supplier#000075136  DjgPLWafBF3wXpvZL2vmkh6fN
Supplier#000075166  mZbArITvG2kLv2I     
Supplier#000075199  b1SRyWOjFPpLATiHo53bTqiWmSjeyGyB0sD
Supplier#000075206  DPC19B3G09m,VFfh7fEgVsU,XUUj8
Supplier#000075225  dwFGdIeIB5kgHKShzKe 
Supplier#000075275  JD3zL2ASf6KUrcMh7mOTB
Supplier#000075368  vqDEdjo,OK4139ZDYbSUO6 Bbi
Supplier#000075411  eM2hgjJ7JG,leJs     
Supplier#000075482  PgrsNUGrW6mdvzxYdDoJKBAE5
Supplier#000075563  uEWU43c5v90Tsb1P3NbBKn67wWN,pDgLi03DX
Supplier#000075611  a7IaUN1LcFs1xoVzk08X5Dhc
Supplier#000075710  KXSYJpPGKVu6bs0AFbCBuBpDW14
Supplier#000075728  KQG0QOKET6V45r7iC9  
Supplier#000075749  yDVYJviCL57gztxksokn
Supplier#000075818  dWE4XTaVtFF8Wm      
Supplier#000075833  rQvgbgp4opxE1F,7lWmQ98yRnPt4XMRALTlxMw
Supplier#000075881  BnCfpFHzGjoGwGjqdri7cKpC
Supplier#000075929  RHny5Zw,Y4G0ENOa3KKSb
Supplier#000075992  tuIsIkDlFeZRbmg1Ne4N28L5QyGaxU
Supplier#000075994  fV7iGEedr rT        
Supplier#000076003  K1W8AzB35aq,        
Supplier#000076049  REUBa4OnJIYUxGHfnSkrVoQm4,Htu8vyea
Supplier#000076089  F,HAwSFYadXAZ8VgwqIbbr7b3WDJas9hUt5qq
Supplier#000076092  hUo6yJuzOW8RlFv     
Supplier#000076131  0O31Cte3c7PE4zIRL,qlgqLu jCX
Supplier#000076138  pmdlgstM Mu6ETKffxM3iIzf1eh6Fs2GikO
Supplier#000076268  JQ8ywb,f,           
Supplier#000076316  c8WxVOTwJyJpwZ B71KqI,Ke
Supplier#000076329  SqFN,OtMxhsp45XJXM5n70,
Supplier#000076333  deYU,sPqXc1UXBeigv0nTiGf1oKCNW0
Supplier#000076371  RFSM6eigiisUsNSenK2y5wUzYLTkhu
Supplier#000076536  r9Brsv8OZiyDSAELaPPnQ
Supplier#000076602  fMmXgjRn,pCENfhzt9Z9
Supplier#000076619  2UOZUTK5ItMku0HRBurLZeF20
Supplier#000076891  EIswP7fjkQ3u        
Supplier#000076929  8Gh6PuEjbsvTGktLdYfzh
Supplier#000077074  K,qK4Mijq1t1z0y9EhIYNQaPXX
Supplier#000077124  9brxIi,7C vkTyuYg8PpRPqB8YrCexLIq
Supplier#000077137  tQN a5AMx4K6        
Supplier#000077163  qtMgqr9wHFLA9Jc     
Supplier#000077165  yv0H3HqkQp          
Supplier#000077311  PtdxDxifnEGE6Lly4Dyb6hX8NfyHaapveQZRrlLb
Supplier#000077322  jwX5sCg2ktCFmt      
Supplier#000077367  rEK,Ek4BUyw QW2We0MKm3cPI7x
Supplier#000077396  dPIl3b2 NWM         
Supplier#000077529  OcmC2RzRRFfbXMFkxCMwQ7q16nTWNrsiabtDKJ
Supplier#000077590  pWFKaGMeNHNGl6WrdsDYjA68
Supplier#000077627  lJ5Ea2s5uHSA1BgYEUGM
Supplier#000077678  DXpilLkZrkTKUbZqnbFCVVJeQ
Supplier#000077708  j6sy9zPQ0OpQSQx4SypaudDhVzQDmGGc3Z5aU
Supplier#000077753  VJbT I9ahue3U0HyDW5uaOfKCll2uDeaHRC0
Supplier#000077808  g7,cqVE5i83cZa6UI   
Supplier#000077834  kitgpINNVLvDwLvLyB9X3wIDY,JV4eZW6
Supplier#000077837  6U YDqCcz2u         
Supplier#000077942  Ba8,VTRlUnSpXqjMrCH86HDCXK
Supplier#000077986  3TNbarIqtvIadhBlSNoLMbvl,w
Supplier#000078018  riKW3WMa,XuOUCLKGVXZw1OmK4lcMb
Supplier#000078087  bySCEw5HD 4rlhUlBOgS
Supplier#000078116  laOVC6sqh21I5RFeRKjykm4VKbYZb
Supplier#000078141  QeQP60b77sozoHfygLzg6H1mthhvl3C7G60
Supplier#000078165  Hacws0w9r9KHJrTPnz4Vyc2A1FPBz
Supplier#000078169  PYxBxl Jxd          
Supplier#000078347  PYW5fnZz6wi5ahrkGIJRTV6tAnec4,7TeBAOX
Supplier#000078353  TwS2X1aq0lqPVkuMiny72e,ih7cVnhkvZ
Supplier#000078355  axmoYK3t16pMWQCHFBz4 bg,x4
Supplier#000078438  CaOjYg2CxqTFZhLAPFw 
Supplier#000078504  tBoVm5NmiZfTRs65QCf4tUx y
Supplier#000078608  zkroBuWIJoJNqvkNP   
Supplier#000078631  L GnSzC,OGWJE7zq    
Supplier#000078792  810S2suAAUVYrkYS4uX1V4aZJ7Q
Supplier#000078875  GY7RRrkkA,C         
Supplier#000078983  yAK2b5nCuYAprNN9AnUohepv18iKort
Supplier#000079009  oBINUBoR Pr8N5U,o,KtQZRKA9nFfWsKwYd7T5x
Supplier#000079050  5kgWdC0bUWTRdVOZr9dtn4jEOeDvexd
Supplier#000079070  GpZWxyI60d6jtym     
Supplier#000079095  t,dFb,Ee0XdnO8wgifDC
Supplier#000079103  4BCifx0Wryaq1AiVqVkTCAK
Supplier#000079145  gm4AsNSGoavY3EoR34f7tAbO
Supplier#000079152  XfAmQJ,WfYp3qk txK5GuoS2MCfVt
Supplier#000079180  hMUJ7WOR4JcBXlY     
Supplier#000079201  NoEHlHrED,MWzobWky4v6bxi
Supplier#000079206  JnQ26QRzdinVh3CRVOkeHhueW2LRLlh3
Supplier#000079398  tgSsWmB1Oo,aWD,ny,akOD
Supplier#000079425  S75oofGhErgyIwPc0YlVq0V6raw,F
Supplier#000079527  Lvzy,1N nblQ6XrQjtB5c8ZqRnLlM aLd8pm2w
Supplier#000079561  rUFc7WHblgao0PFDZ6f,PTC
Supplier#000079634  MhpXzkx7i9DnUPPtNF5K,VBCU0B9
Supplier#000079673  G5TiRjbp7nIm  msJ47 
Supplier#000079781  reYVcGGk ev0lO 6lMhzKvpMfIc
Supplier#000079827  Btd9fDZiJWjJUUV8QHAWQ
