s_name              s_address           
----------------------------------------
Supplier#000000013  HK71HQyWoqRWOX8GI FpgAifW,2PoH
Supplier#000000091  YV45D7TkfdQanOOZ7q9QxkyGUapU1oOWU6q3
Supplier#000000197  YC2Acon6kjY3zj3Fbxs2k4Vdf7X0cd2F
Supplier#000000226  83qOdU2EYRdPQAQhEtn GRZEd
Supplier#000000287  7a9SP7qW5Yku5PvSg   
Supplier#000000358  V3yxhHhHSXqOoc5UPv5TwkVDGKQsG
Supplier#000000378  FfbhyCxWvcPrO8ltp9  
Supplier#000000530  0qwCMwobKY OcmLyfRXlagA8ukENJv,
Supplier#000000640  mvvtlQKsTOsJj5Ihk7,cq
Supplier#000000657  nas2fhRwM97W8EEqYpBN
Supplier#000000688  D fw5ocppmZpYBBIPI718hCihLDZ5KhKX
Supplier#000000752  l cHMtEnodxj3FV     
Supplier#000000783  dMpZwZ95xznZWg4acMQW dK8AQMhB
Supplier#000000848  tx44JAuF,Jnw1       
Supplier#000000935  ij98czM 2KzWe7dDTOxB8sq0UfCdvrX
Supplier#000000997  7eUWMrOCKCp2JYas6P4mL93eaWIOtKKWtTX
Supplier#000001123  n5L 4Otbff3oXbr0Ibs 
Supplier#000001245  bztTCfHZnsLafgtZWe,isV Gr 4IFg
Supplier#000001399  LmrocnIMSyYOWuANx7  
Supplier#000001446  lch9HMNU1R7a0LIybsUodVknk6
Supplier#000001454  TOpimgu2TVXIjhiL93h,
Supplier#000001501  xL06,Y 2M3CjPr      
Supplier#000001528  it4EmP9yhW0IZvUnapbYfoKXVvY2
Supplier#000001600  Wli6lXwUVA4SSle lr0iA2VaJZt
Supplier#000001700  7hMlCof1Y5zLFg      
Supplier#000001722  h3CJRmiahabx        
Supplier#000001730  Rc8e,1Pybn r6zo0VJIEiD0UD vhk
Supplier#000001746  qWsendlOekQG1aW4uq06uQaCm51se8lirv7 hBRd
Supplier#000001806  M934fuZSnLW         
Supplier#000001856  jXcRgzYF0ah05iR8p6w5SbJJLcUGyYiURPvFwUWM
Supplier#000001873  Tdzlitffjp,Qv7bB3mWthF8
Supplier#000001939  Nrk,JA4bfReUs       
Supplier#000001958  bJAZFisYzqSFaspq2XQOVwrEpGgtTe9 1ccU9RJ
Supplier#000001990  DSDJkCgBJzuPg1yuM,CUdLnsRliOxkkHezTCA
Supplier#000002020  jB6r1d7MxP6co       
Supplier#000002036  20ytTtVObjKUUI2WCB0A
Supplier#000002264  dBDsb7P6EcVLsX      
Supplier#000002331  WRh2w5WFvRg7Z0S1AvSvHCL
Supplier#000002481  nLKHUOn2Ml9TOA06Znq9GEMcIlMO2
Supplier#000002494  8 j3qJvL6qjroE avAdKFooKo4IMH2oPHLXH0H9p
Supplier#000002875  6JgMi 9Qt6VmwL3Ltt1SRlKww0keLQ,RAZa
Supplier#000002934  m,trBENywSArwg3DhB  
Supplier#000002941  Naddba 8YTEKekZyP0  
Supplier#000002980  B9k9yVsyaXvWktOSHezqHiAEp9id0SKzkw
Supplier#000003062  LSQNgqY1xnOzz9zBCapy7HwOZQ
Supplier#000003109  2WfTvl8mtHqnyueg7Ki 
Supplier#000003169  ODz6ABJGTs8Qnz      
Supplier#000003201  E87yws6I,t0qNs4QW7UzExKiJnJDZWue
Supplier#000003213  pxrRP4irQ1VoyfQ,dTf3
Supplier#000003241  j06SU,LS9O3mwjAMOViANeIhb
Supplier#000003275  9xO4nyJ2QJcX6vGf    
Supplier#000003304  wLN88ULs9Y          
Supplier#000003314  jnisU8MzqO4iUB3zsPcrysMw3DDUojS4q7LD
Supplier#000003373  iy8VM48ynpc3N2OsBwAvhYakO2us9R1bi
Supplier#000003380  jPv0V,pszouuFT3YsAqlP,kxT3u,gTFiEbRt,x
Supplier#000003388  5jhre3tArrwL        
Supplier#000003403  e3X2o ,KCG9tsHji8A XXCxiF2hZWBw
Supplier#000003421  Sh3dt9W5oeofFWovnFhrg,
Supplier#000003423  ,,hFmixRsUfI        
Supplier#000003445  gWX6w2yDE10TXisLZkLPcoFl,FN
Supplier#000003448  eVa5XwFZOM6p8d9g6Pmn4YhbD PUnFAI
Supplier#000003462  se8groc4wD7         
Supplier#000003528  qJB,nuoxi0AGuX,9Z3tzDK
Supplier#000003553  u3nDX5MdZaYCfhoGN3uoOAHQYFKUgwcVeHR
Supplier#000003561  Zc9L62QD0dCSXxykBJS1K
Supplier#000003607  lNqFHQYjwSAkf       
Supplier#000003625  qY588W0Yk5iaUy1RXTgNrEKrMAjBYHcKs
Supplier#000003652  BJVxk,zw5nau6FCSum9xWVZ
Supplier#000003656  eEYmmO2gmD JdfG32XtDgJV,db56
Supplier#000003679  CtP5pEp8k7H         
Supplier#000003782  iVsPZg7bk06TqNMwi0LKbLUrC1zmrg
Supplier#000003795  Q6DPJ4AogZ RFB0TAs,F2FtIW8C67wax9pE
Supplier#000003849  KgbZEaRk,6Q3mWvwh6uptrs1KRUHg 0
Supplier#000003918  meRvRCsJoAbfqd0Re4  
Supplier#000004005  V723F1wCy2eA4OgIu8TjBtOVUHp
Supplier#000004033  ncsAhv9Je,kFXTNjfb2 
Supplier#000004059  umEYZSq9RJ2WEzdsv9meU8rmqwzVLRgiZwC
Supplier#000004140  0hL7DJyYjcHL        
Supplier#000004201  C5x43M76dnb1w2LFbhB 
Supplier#000004207  tF64pwiOM4IkWjN3mS,e06WuAjLx
Supplier#000004278  bBddbpBxIVp Di9     
Supplier#000004353  b4HfPj9UX35uP2H7a6xohz7orfVX
Supplier#000004371  krCpx7vN0eJ06aMie Lh7VwTDz
Supplier#000004388  VfZ l1J,mwp4aS      
Supplier#000004522  xXtCKwsZDArxIBGDfzX2PgobGZsBg
Supplier#000004656  O5EOVs9MGfEMxSJyvL6Ty9DDRdEs7CTx7Okwwf
Supplier#000004701  6jX4u47URzIMHf      
Supplier#000004836  cZygAtaTfslX,Adp7VVQhuDO0qYv9
Supplier#000004851  Rj,x6IgLT7kBL99nqp  
Supplier#000004961  HTHQsovnuqEaKFswci8rS
Supplier#000004987  UFx1upJ8MvOvgFjA8   
Supplier#000005036  Ftq,HCpxZ0          
Supplier#000005100  OfvYPs3Io,wEvvLHNaLuCX
Supplier#000005195  Woi3b2ZaicPh ZSfu1EfXhE
Supplier#000005256  Onc3t57VAMchm,pmoVLaU8bONni9NsuaM PzMMFz
Supplier#000005257  f9g8SEHB7obMj3QXAjXS2vfYY22
Supplier#000005300  gXG28YqpxU          
Supplier#000005323  tMCkdqbDoyNo8vMIkzjBqYexoRAuv,T6 qzcu
Supplier#000005366  xZ1YlzN4ielvPCH3se9 
Supplier#000005465  63cYZenZBRZ613Q1FaoG0,smnC5zl9
Supplier#000005478  tk1HQxRxeWlaO       
Supplier#000005506  On f5ypzoWgB        
Supplier#000005516  XsN99Ks9wEvcohU6jRD2MeebQFf76mD8vovuY
Supplier#000005542  lM7Z7zbCFaVB7nXU1Ver
Supplier#000005631  14TVrjlzo2SJEBYCDgpMwTlvwSqC
Supplier#000005736  2dq XTYhtYWSfp      
Supplier#000005737  dmEWcS32C3kx,d,B95 OmYn48
Supplier#000005797  ,o,OebwRbSDmVl9gN9fpWPCiqB UogvlSR
Supplier#000005809  OS,jWuDlF0msPmJVIXAFsJVGjRs
Supplier#000005836  tx3SjPD2ZuWGFBRH,   
Supplier#000005989  rjFY,5kgLpBu7c      
Supplier#000006059  4m0cv8MwJ9yX2vlwI Z 
Supplier#000006065  UiI2Cy3W4Tu5sLk LuvXLRy6KihlGv
Supplier#000006084  gv,vfg,ApqCQ37Sy2O0v3Gsr
Supplier#000006093  KJNUg1odUT2wtCS2s6PrH3D6fd
Supplier#000006099  aZilwQKYDTVPoK      
Supplier#000006109  rY5gbfh3dKHnylcQUTPGCwnbe
Supplier#000006167  ka4jyY9IEX0Deh      
Supplier#000006215  j2iEbTsl,5PWdqWZ7k1yiISb7qtiiZljDIPEo
Supplier#000006346  1UMASn Ogy1ngmGXp9yx4tU
Supplier#000006370  3hUWgZ6DWw34Yxa92LFqBUZGg695je
Supplier#000006435  xIgE69XszYbnO4Eon7cHHO8y
Supplier#000006463  7 wkdj2EO49iotley2kmIM ADpLSszGV3RNWj
Supplier#000006478  bQYPnj9lpmW3U       
Supplier#000006492  H,X6eulSW3LVy0uxdM  
Supplier#000006493  ojV f,sNaB6Hm7r,fknDVTL63raJgAjZK
Supplier#000006642  N,CUclSqRLJcS8zQ    
Supplier#000006645  66atrH65661mtBBwH,zYw2,G
Supplier#000006669  NQ4Yryj624p7K53     
Supplier#000006728  U8c2Hu4L1OG7ARgvc0eI4S
Supplier#000006761  n4jhxGMqB5prD1HhpLvwrWStOLlla
Supplier#000006808  HGd2Xo 9nEcHJhZvXjXxWKIpApT
Supplier#000006861  bZz6ZxOpgInQ DJ6    
Supplier#000006949  mLxYUJhsGcLtKe ,GFirNu183AvT
Supplier#000006961  ctlQlwwwlE15RbfayrBKteB
Supplier#000007122  xMKInuZNsJ,gLecTyT ROceYfx
Supplier#000007132  xonvn0KAQIL3p8kYk HC1FSSDSUSTC
Supplier#000007135  ls DoKV7V5ulfQy9V   
Supplier#000007147  Xzb16kC63wmLVYexUEgB0hXFvHkjT5iPpq
Supplier#000007183  6fW9mxnQy82BJHO,Y40C7TLo51ZsbFRbx AHr
Supplier#000007278  I2ae3rS7KVF8GVHtB   
Supplier#000007299  3WSkVU1ME,JrAaMCJhHixzzzEMY0eTBWpvDX7Lif
Supplier#000007322  wr7dgte5q MAjiY0uwmi3MyDkSMX1
Supplier#000007340  9f,1UUNu5Ug54qe17YAuNfVi1yf2ZcJYTZRyDn
Supplier#000007398  V8eE6oZ00OFNU,      
Supplier#000007426  4r0HDt85zLPoM       
Supplier#000007448  yhhpWiJi7EJ6Q5VCaQ  
Supplier#000007460  s4ypM7SV1D6ut8gtn8OtxV5
Supplier#000007477  9m9j0wfhWzCvVHxkU,PpAxwSH0h
Supplier#000007536  c9HkDsVtkhjKrW      
Supplier#000007561  rMcFg2530VC         
Supplier#000007589  GUTp8apKI6hoOTlZ1DXSZHqPhKGjgskV0xZRjf
Supplier#000007616  R IovIqzDi3,QHnaqZk1xS4hGAgelhP4yj
Supplier#000007777  nAyZoZF,GfnpEtFRV1yf
Supplier#000007922  VWdpSpCHq,KhqVWh5CaDa,ktVKflNGTikEJe
Supplier#000007926  ErzCF80K9Uy         
Supplier#000007965  F7Un5lJ7p5hhj       
Supplier#000007968  DsF9UlZ2Fo6HXN9aErvyg1ikHoD582HSGZpP
Supplier#000007987  NZXfuWO7nKQDj4xyO31N29
Supplier#000007998  LnASFBfYRFOo9d6d,asBvVq9Lo2P
Supplier#000008088  NM0PY,XgTAPeZGqREwzhl19k43P
Supplier#000008131  BDWHW37vwkj8L       
Supplier#000008243  2AyePMkDqmzVzjGTizXthFLo8h EiudCMxOmIIG
Supplier#000008323  75I18sZmASwm POeheRMdj9tmpyeQ,BfCXN5BIAb
Supplier#000008480  4sSDA4ACReklNjEm5T6b
Supplier#000008484  YgFHZx0af26o9dq82lpNGzuyp0vB6IX
Supplier#000008549  FMsXzKfMDnRHpsjdVb  
Supplier#000008559  IvHvgZ0TtOMX3xFOW9kgYDNXsZv
Supplier#000008683  gLuGcugfpJSeGQARnaHNCaWnGaqsNnjyl20
Supplier#000008705  aE,trRNdPx,4yinTD9O3DebDIp
Supplier#000008742  HmPlQEzKCPEcTUL14,kKq
Supplier#000008753  6GOqHvcUSO18Yc      
Supplier#000008841  I 85Lu1sekbg2xrSIzm0
Supplier#000008872  8D 45GgxJO2OwwYP9S4AaXJKvDwPfLM
Supplier#000008879  rDSA,D9oPM,65NMWEFrmGKAu
Supplier#000008972  w2vF6 D5YZO3visPXsqVfLADTK
Supplier#000009163  E0XNTVX9I8VMnga68MkhBX0M jC
Supplier#000009227  dvYajYNbpz          
Supplier#000009326  XmiC,uy36B9,fb0zhcjaagiXQutg
Supplier#000009460  j4O6xdqHc029jy5iPBgNv3E
Supplier#000009506  YqNm9Ml0j,8NhZntYZKzJgWZdrUxX7t
Supplier#000009540  iIq4Ut0C1SZEAF7     
Supplier#000009549  h3RVchUf8MzY46IzbZ0ng09
Supplier#000009567  r4Wfx4c3xsEAjcGj71HHZByornl D9vrztXlv4
Supplier#000009709  rRnCbHYgDgl9PZYnyWKVYSUW0vKg
Supplier#000009718  TJcCKxiE0v8hVqydfBW8EFuRqNDeKoD
Supplier#000009753  wLhVEcRmd7PkJF4FBnGK7Z
Supplier#000009811  E3iuyq7UnZxU7oPZIe2Gu6
Supplier#000009812  APFRMy3lCbgFga53n5t9DxzFPQPgnjrGt32
Supplier#000009899  7XdpAHrzr1t,UQFZE   
Supplier#000010030  XIjCJB02GkhyDsLtZYoKCf
Supplier#000010037  RHft6Sy76FiEg       
Supplier#000010053  g rGIb0ckDPkZrdYW9cI
Supplier#000010076  UvAlzXRoFUhR0B      
Supplier#000010104  0SSfT7hcmgdwtKOupMHP7Z
Supplier#000010222  5PDnBuo3v9sZcMUiuw6DYnKU4DnS
Supplier#000010232  sJwfSOA0raa64TVBxHWoIJBE kOMUESrp54Bdx
Supplier#000010320  z5sUBQROZQL33 1aNbvxwxv
Supplier#000010437  tr7i,drVsJW         
Supplier#000010477  asi8LzAvygFAUkiUqevJPaS3a2
Supplier#000010706  houPDPDQlH44JTq0CE8ABRYB2VO7Y6kfeetR5mY1
Supplier#000010760  3wn6sTBt5cDhayJgTnTcA5M6D
Supplier#000010818  v7AqbqLi9ueCBsGv77wvgb1IFijOfqI4f
Supplier#000010831  U 3eu8H9dYazyG8j    
Supplier#000010930  gtaiMhO4ToOxKP      
Supplier#000010940  MreZrEjq0Ni         
Supplier#000010990  Cpu6LRHkpP71cbB,sP04lEAeOjH50X5
Supplier#000011059  jxO4LCwFQY2qnJnBLO4hUFsP5oC1lgQI9r
Supplier#000011187  FV20g89TYWj8yyRbyLLBX2tpewMFq
Supplier#000011196  LyXLlCk8GDCqpmmlypH 
Supplier#000011360  Yhxcy2ILS5ZL,mRIii  
Supplier#000011373  TDMCgDAxsYRytTdNDAmBSISQQoJEVljagztCU
Supplier#000011402  JEQ1cq4tLRUPKxJBYCmwX1t
Supplier#000011547  XsCOTP1wYV3MU       
Supplier#000011564  nZcaFetblt7YyO bZqwsUMWa6
Supplier#000011767  cjMTk oyq8VzuWL8N mjiSAld2LmaxYtu
Supplier#000011871  xItX4FTnuyJtsimu5,L5xeM63TWmE
Supplier#000011896  hSIRYZcc6HF1vJdaiDlFngQ5
Supplier#000011951  XRnC1A6qFa8MOH6lRCex
Supplier#000011961  bEyhUCRCwIyiO1iq064nSnj5P5kuys0
Supplier#000011970  fs1JpCosX4CL02t2aslWm6c
Supplier#000011983  KJJeO9rLhxtpB3ZHaB  
Supplier#000012015  Q3NyRBX88DcJvAMsLnIIzzL
Supplier#000012124  ICA5gQPpqGMsYOyG8aeWqaG73YPSnk
Supplier#000012154  lsN9fiCEtjC         
Supplier#000012311  hdrYQujROlrh        
Supplier#000012319  0d2xNmvz91u9V6PB9ag2boppxWMpnksz3Od5
Supplier#000012498  NDmfAAGJ1zP2O9rOm WEwVr
Supplier#000012530  SjK92Eh6CbdSZw      
Supplier#000012587  S NwkjeH1KMXt4AkIYkTac4p9MygrlenmlE
Supplier#000012716  hLrr5d8ulC1o        
Supplier#000012739  M7bRxIjxype         
Supplier#000012741  3j75I1iq,pERKergVNTY8
Supplier#000012789  G,AAG28Mst2WLDIz t7HzVCBr
Supplier#000012932  wysYo7J hLIc62noELECHG0B7OTcYeaMj
Supplier#000012935  SLpu2,UE,YibVln gCwVo
Supplier#000012990  TaO,rZFEmfHofp5ifonC8aiuHQiwN
Supplier#000013005  nM7DiXMMgB          
Supplier#000013082  4uIS5cQK5E1LQj wqh8mCO4lmZI9xTsA6,9gIfqq
Supplier#000013091  VxRSXX,1hKX,Vz      
Supplier#000013277  lR pqFSQrNMqFvIVjqXlMauxGzsq
Supplier#000013292  SixcHU0vWbVdxdN4uaeXpxqvGSZO
Supplier#000013297  IGiMSzAixMlE,ntu,Va8sEI9HmfsNFUJ0m 02p
Supplier#000013428  V3aSlBq4O7SYx       
Supplier#000013541  pVs FifE a4fD9tEo   
Supplier#000013543  jllASkvb5IombcGXdwTaBqFkXkBGemwTorEUEqzn
Supplier#000013566  w4836CTjXuY5R9LnNisEL7B95eiUUq8bsNpvjH4d
Supplier#000013580  YdUz89pW6aDo3nxeJPUH4Pi45fayDF0
Supplier#000013598  JIhXWq,Vfi,B        
Supplier#000013635  bm2 g5Z8 CWwAK3mFB 5fXQ fOzrhkocksIg9WVB
Supplier#000013643  v0UKPxNGzchbr0KwVFwovoCAG1be9zrTIDaG9T
Supplier#000013659  dMgSmfQAkaJ4WqAdihf1bj14h7aeMR2
Supplier#000013680  TBCM6r3eogM5        
Supplier#000013935  ,GzJg79LtNdJAdz p5I5m5V
Supplier#000014000  KPcKREfHgA9xZi2B0Iv5
Supplier#000014063  ,RNXnW42guJs        
Supplier#000014114  bJFh4Tc,EWWUbkfMdk2ZRVFaiAp
Supplier#000014150  j7,VdRCjkY7         
Supplier#000014198  cLa61huNMVmPCYDaeyzenWKK
Supplier#000014343  HnCXoIjX6mbQm7UAdAXVc
Supplier#000014353  mdLxriZXVXnv5yt07GfyZjV12mXdT34VvlwvK7JI
Supplier#000014401  8 BM9lZk61LWUI i2U8jXD4V3iEoo7
Supplier#000014475  wh8un3kDeE8MCX0eChKKTDfVCqlPwLMWufV3
Supplier#000014530  IHsMmz5sCjZbM0qRTXP, HOxFBNTek4X
Supplier#000014536  hDw2n2MF6kSBJ8zkVt79jBT
Supplier#000014553  sL04ZO1Jyfnhm       
Supplier#000014640  PwIUsHK2vS3SR9UvzKAboRd
Supplier#000014696  E8sRVrXwmJgNqAq0W0to D2tGOrEunEn,iMQMo,M
Supplier#000014710  sgLLo oGgG          
Supplier#000014796  BrU5GZEVHpV6wvyPHPDZB5yCi4xEDbIN
Supplier#000014889  9LXmve53H3O         
Supplier#000014922  ZQ0ardxrzyetEf6     
Supplier#000014991  Pew4JChfHwf         
Supplier#000015053  oyjltx5CY5Ky        
Supplier#000015092  OvO,TJWyHWVwJ9      
Supplier#000015118  4NQ3W0GGwI5CDHxAgGsg03d qV bup0E5N4x5
Supplier#000015160  FPvUzE4Vjga9nSrFjyuC
Supplier#000015181  HmbMTGFLsVQRlLmo0JWLJ,zJiaHLJ1mRpPum
Supplier#000015198  vpSNoa82NlvzFc      
Supplier#000015348  qKdzq18rIlSCkJbZIGEM3kNnUXeHtl0
Supplier#000015365  7az8Gu9O8iU3TK4bP3GTGAUROjBjdm
Supplier#000015461  dGevLO,L6piq0I,o    
Supplier#000015466  tCtDGU6zUe0Z NFw6la8E7qGgVZaoSnsbHH7M1
Supplier#000015492  o6UKflyQWEyb9DwndN2eyHgfYLbsENSehD
Supplier#000015509  Qo7Secu5QGEPSK1     
Supplier#000015571  mACWwoMXn8dw6o9S5Mjo6tT0KxHtEgFEhQT
Supplier#000015661  jDyrsCc3z4OrysgxcLmRlqBahJwaIRGUjze
Supplier#000015685  VBild6uz9iBrN1bvGFy2
Supplier#000015694  IsKqK78oynYfRI4z    
Supplier#000015711  ExtIkTUE J5VqTrEE6y 
Supplier#000015728  Wjvdk8hCpyRb,mP2VZF0jxSInXM7feut94A2Vo
Supplier#000015791  q,vx0D22ot3cX,ha6XmJC4N,9GGk
Supplier#000015889  rj Ir1dCorcO7vstbiULHdYkjb2kn Iq3eByFozP
Supplier#000015956  YShH1mPV9jqx6Qh8kI3gxuZ
Supplier#000016007  FxkqgFSe4LVlUs      
Supplier#000016269  JSxw79tIuKj1YNEKOsR3XXh7gleoWC7Tnmq
Supplier#000016313  3cxEZ4Aya9XcMZJFYWFAiCUDJ31T
Supplier#000016413  iR8osB zW6NZqV1OUo3lG
Supplier#000016419  0ycR,pFNkMQEn4bILCvDd9B28
Supplier#000016754  Ov,WDMqRvymYIbqxb5iW
Supplier#000016774  4fVBEdN67EG1C69if NBY8BaE2pRAtli J
Supplier#000016788  8kD7F,jXGUtTzG2 6VrYHihSGdP,t,yYzxu3CNF,
Supplier#000016907  RWsVl bB4EVGA6RKPFiX3rZGaa0Il
Supplier#000016987  OEX96qp2nuQQsROooWfwv5YN
Supplier#000017030  fMTqx7o6NrG8yD1YgfsWxRFH
Supplier#000017176  rilPgncl2v6AtbtW,P4IQPWU
Supplier#000017194  U6IXqJmGEW71rTYWg0,G
Supplier#000017262  R 5F PDduDr,nfmNQeAvZqcsFgw
Supplier#000017271  2j7m830lmCYtX ojIs3 
Supplier#000017396  spIK1m8MVncS4X96ZPw,GouR5C9tA eA3aDD
Supplier#000017497  3pmuArHaa5sFjZLXXFtVVxBV5cfgswhk1HrTMKd
Supplier#000017525  RDUkrGMjHd0         
Supplier#000017578  yEBk79DwMO7SaKeVBad5rdGs4iO
Supplier#000017629  DLj3Vbc6VVhi        
Supplier#000017649  4Rne7FsNnfQQ11Lxg   
Supplier#000017721  akVCfRF13VIZpGLHTuOmjmSOE4F,bOSyXUiIUya
Supplier#000017791  etRwroUKXf3G26q4jQCDvfwtPWV,YKMS7t2BB3ZI
Supplier#000017811  I6oXaAB6uQEAVnP9qNqPrmHGBxoObsETEyv
Supplier#000017928  jPj GG,9gcK7HLBSjyiXV8dLCC5ta n
Supplier#000017950  FvQuPZRbNdMHe8Rkwbc 
Supplier#000017986  CWeh3TZ3Dy  MI6rPRPu6nYC
Supplier#000018046  pE0d3d M duFo       
Supplier#000018149  g233s0J2i Q5W7ZttSJiPdmBhc
Supplier#000018152  6WB4EkNA9U9k,x5yf0VwXEIlwk7t8
Supplier#000018183  DMUyosJlNQPyjCR9KoYb
Supplier#000018190  t bfDD7fCFdFoOAT2LgpFL1UYZteYaZnuykk
Supplier#000018199  UvPmLEhyPThn6lHI5   
Supplier#000018322  c0oC3sjngpibJn      
Supplier#000018363  jKsSU0q8sgskyzbbmx  
Supplier#000018438  dd1msu4Kmq4lYy8ooynkP
Supplier#000018452  B3CK05GsUmKpOo8ggCyEoDpN0XPSDOdv
Supplier#000018481  msAr4drP5DAZg       
Supplier#000018541  QKZibbr0sAeKuOt5XZcVSQg C69I
Supplier#000018570  v,0iWVot2T1nSOdEwWeKBcTIUZZL
Supplier#000018664  JZACbhOQBaQ7DVt5BsZeb3g7M
Supplier#000018698  eqr6qN418ea0        
Supplier#000018730  t743SkZ0J5DZE1SG VRjmVLfVkoCQ1nEtTBcwlMQ
Supplier#000018822  rGQM,0,t7UUabjo,ElqjW33IEV9T
Supplier#000018891  XFbpPMqT71 QTLX0SStabOaTFoy3s4siR ztUwHx
Supplier#000019120  0i1U2lYp,b6GRUS3 J4VG3XvKnKCkHml3gr1U
Supplier#000019122  LSPo77Fq 8zyBkjGUTk7Xm
Supplier#000019134  RMQvnP8OzFIzeav     
Supplier#000019135  nKnOk6AivZh498bBsW4757envOGxVaTILzfsBr
Supplier#000019144  MhjAjK,sEDKv YtPE8WjhX
Supplier#000019159  3C8QxX65D8Z4vllYqekYo06naiI8FRwWD
Supplier#000019223  vv1QdFrKqvLK6uCXO   
Supplier#000019314  N8C6YfULfj2O2Mg1Jzl,Y37nR6Ms,JMWvroHK6
Supplier#000019325  g8uUFaO5nqTUWOAq    
Supplier#000019331  NhqwarLKk55aj9bCVU5Sw5eHKL
Supplier#000019367  sy,vpNkEBwMidJ4Y4S 2SI
Supplier#000019379  hljiGTTPij7r0,PoMc8e1HRhb9btLYUzoY,
Supplier#000019421  fWqnpUgTvlfeoLBnh1EFU,NcVR5D Rhhks
Supplier#000019513  e3bclIUTEKURTtx6Pl  
Supplier#000019541  pNJBZ5YL8I32QKojhGfTG4bHsMKRfk7jTMf2IuS
Supplier#000019556  OXRSHzal,0LD0fSi3dL6eOk
Supplier#000019578  XoDcZTLH2CDbkUQmtRyuNSibiaaO8k7JJNiy
Supplier#000019594  ME3Yc9qbaR0qWUFr7Bvi6BAiCZZQe24d
Supplier#000019649  lK00BuZb2drcZmUyQ   
Supplier#000019670  LCec4zOBjCGUEOdf B0TtbOfByP
Supplier#000019722  ZE87iGF7Nc 9oWR1ZS2dbi2TiKUNvVtJoL17IiI
Supplier#000019733  dh49Lpc10tsMrUKKbhHjs5tke
Supplier#000019783  A5saQlxXl8ksg8WUVTlQTTLm
Supplier#000019784  ZpXdgUV9N3Ud9bpmZuxE0E7djzzyhhO8
Supplier#000019833  rSJcCAwrC0xi6ENqUAN6vA4Z
Supplier#000019985  ywux 35Jij7WI2pmrXEoHtKWJPFsIa4
Supplier#000019991  Hsv1JEZzE9cejC11JJDStSQ4EEMPt
Supplier#000020074  xin3zTE1p5sYt1txkMyJas46TWZ0TLu
Supplier#000020133  beXgmNhFRVCjxoDkRzi,KXb4zivUt
Supplier#000020385  lmcK88LSjxC2XlEjxga0k
Supplier#000020443  LdkNhspAqPjLViMrKw3v k2bjZt eS
Supplier#000020473  UHYLSzolrr01ucCPLluW7r3Asj,0B6PwHdEE5q b
Supplier#000020527  WUW,e8d cT sLSGE8sj, 5x1ad2Vnkran9ip
Supplier#000020603  03oUnrvTpssy22hq3uDJWUdH52VxSuYrbE8
Supplier#000020613  stMFGnVDyIR4OAzD6X7r
Supplier#000020694  RQY,WIK69rP6oaP7    
Supplier#000020729  9Fcby0xbEF          
Supplier#000020757  xhklbM10,aOVbwBuKVpey96hTSKLAhkQB jKTRhN
Supplier#000020769  QyzIuI4chdmtAUsqP   
Supplier#000020844  VBiUxBbB5cnV        
Supplier#000020873  2u2832vo0PkFVtgG8Xnwlj8MJ999WC
Supplier#000020907  3AfhjMn6il          
Supplier#000020923  FvXaq,0skLf0697cGz7AbAxEzfJAMIL,fEUe9JC
Supplier#000020925  1e2J ELI8QI80E3BAGy4b r K0zS28dy6
Supplier#000020965  7o6AAMsyIMgCIMI4Nr1qyFRBJ
Supplier#000020997  zXvbCqokNXhdl624EaGc9LzSrn1Rdr OtAgnecRu
Supplier#000020998  YavfijWO2x5WniE     
Supplier#000021048  mylMiDyHeqBAQi9DFvRM3eLQtLKS9f32re
Supplier#000021091  7t5lHWLublOVYWUEqr1OnFL6X
Supplier#000021124  OjfdHbalK8mtwt511RR78S0zjHVaSfLiR
Supplier#000021197  YQrQgr5Py0ZKSrRSGjdhxo
Supplier#000021218  XOZ0DnwTJp          
Supplier#000021286  SytZqhaF09g         
Supplier#000021346  dAY2WMJPU6Jgz6W     
Supplier#000021376  SdqzsOtHUmMC3c9q4ZaY32SMbIRTFi83yTX
Supplier#000021388  76rQxpqwukEZJhnsI28NCSE,tIp7cS3zHGeF3
Supplier#000021389  Dc8bvKlDlzzGwk5ET7idXJEkiSLzrI8
Supplier#000021507  6btAFrA9giCS05f6W7  
Supplier#000021513  RbKN2mkd5q          
Supplier#000021629  W14MeE4hpRinpiAb1L22B
Supplier#000021667  wGC,g40fdOd         
Supplier#000021672  e6148ug4Xm          
Supplier#000021719  ,Lyk6LREQXMLD2J     
Supplier#000021817  JGcINMxHtWgZkoOS1CGU 5pmGi31m5lL0Joeai8r
Supplier#000021843  jlIQCJWLj9yUenAMlz9TMBDvkjMow,AOU8iao
Supplier#000021923  ,IozWiNjL9oyQrIzBl8E7
Supplier#000021956  lBYYkeUoWrfZm69dxIV nAE7RLBhUiJF
Supplier#000021963  qDgYsYWxqr8566kwqDBc4w5,Pzw
Supplier#000021981  HQe5HYcPWhG8P9O     
Supplier#000022010  Q,nV rXSOtkgrDxUQnd,P67LgMwcqaCNHbALDtv
Supplier#000022111  hh,rk0Jd42E,BJwy f2LGT,6tlp
Supplier#000022160  701vD2Z20EKcIbbiuEaKsB
Supplier#000022278  Em3lj2aGzYeenqzA0k  
Supplier#000022301  G31OJWIFqnpaZ       
Supplier#000022353  WnJT3l88qAX80dLa FvBN9Xy5gJ
Supplier#000022356  BxEtIQoN35o         
Supplier#000022359  eWZg EwLXCmV8C4AIfl2Kd6hpTuYRoQ
Supplier#000022528  SfL 0pNiVOsFJrhy,8W8K8yRyzKwZui9z
Supplier#000022586  I2vIIVhZN3Qqe1,jiCMqVGN3r 0CO0jH29M
Supplier#000022609  5QjBX5InxL0pXn      
Supplier#000022628  SUKfFUI2IdzHv KDUF,onC1rTbR451D1HWr5
Supplier#000022722  POl60Bpn91e90w24VL5yNKsJnzt4,BIr
Supplier#000022742  Yod0s1JgXVfZzaCdyGH64bvs,03gZhAm2DN
Supplier#000022784  LKi7 KERbS z9Y94k   
Supplier#000022831  qdLhgX4fbBBOo gzrhJ3G8n
Supplier#000022838  7IM7F5pVdwRJexAALJzUmSmcmmps87sD,o
Supplier#000022897  mG0vfASNFo 1        
Supplier#000022931  OoOelmxOoynoR1w8WOK5oVEHebctNL
Supplier#000022965  5yiSUu2OzBOsaL      
Supplier#000023007  y eNUZfrgQLcZzH5B3zqVq15Hvc0TqrhbWD
Supplier#000023017  VjrXxHB7D3YL        
Supplier#000023039  zYNzdz7YrOgr6fNxFtwrgQ6eFMc7 uhj
Supplier#000023093  6P sUe6H7,          
Supplier#000023150  ,1URkAGPVqvQuw      
Supplier#000023269  8qkm1mFm9c2d8uHSsjXrfyXnUz3
Supplier#000023284  KDXTkUNEWR94OsG2F1Bn2t1Y2GS
Supplier#000023288  e6 7LYAsoiBoMXho1JcJ7xF9e0frXbd
Supplier#000023328  jSaOdBSYETO9gRkgkUbOaoNTTxrAQ8E
Supplier#000023390  LLY70V69HGoXMblOF D8c2vQmS8RDSoi
Supplier#000023465  nQRRA5NOUD          
Supplier#000023470  JJq2XCBwUu 4TwgeAN  
Supplier#000023501  KJJuMznL1YfyS4of,Y  
Supplier#000023531  IwLQSpQpm6FZfqA3heqgd9tom
Supplier#000023563  qlqjZ4oEDrRSH9fpuUBX,
Supplier#000023617  VWAfZsQkOLUHs R6me  
Supplier#000023639  yR6D5FvmvCksicqDV7,gWYNSLWMyEcC
Supplier#000023666  zxxMveHKq6qq3ypDf8JYq9YRst,IOz
Supplier#000023669  63BjssjQHtpk0yD61F1V7,
Supplier#000023828  ykkjYcCrYroReux0qDdaF72J1QBBJvOyrs7L7
Supplier#000023852  siz2t3HW09JjDVjBVgK9Rx93rOsjWnT2JLmeDMbk
Supplier#000023868  rQHczoa0is3oxDWAKKkelPO5F
Supplier#000023946  kQuVQw22SgO0tTz6kUaZCH9hvkKu
Supplier#000024057  eug3zRKHqHsy5tnAgjpnghA
Supplier#000024075  rJEA2aOpLIGx872f 0gvYrF4AXTh GmC
Supplier#000024170  aZOApjA6OoagG5k1ouxuDBMKDGylbqCX26nRhUK
Supplier#000024238  jPazqLsFI9ThyBRSQ3P 
Supplier#000024273  sJEy1DStWNhbTwunlj0c
Supplier#000024361  td8uTWC2ZK5m1zdfg9RCBx5TWqRRN58G5yJ3u
Supplier#000024430  UchzWC3gVFwbzeCHd   
Supplier#000024507  aAeSM68,luCqAPvLQI  
Supplier#000024657  Fql9,R9bnHDr5NUllnLfxnu,ALAL
Supplier#000024744  X5Xz1bcSU4awpc      
Supplier#000024781  urXlRbcfLXLi3AvsQI3WDZEUczhWZTEHV,
Supplier#000024922  bX,6r2xh1be QuWhfV4vQQYp2DKZ
Supplier#000025004  4FyHb9li1uuAFPzvKkrr CZz mz4h x
Supplier#000025045  bradkSb HchK ibeIRIV
Supplier#000025052  nQbbnYjBgVqH1YsEkM7uvlyEas
Supplier#000025130  11JzQcoc9SaAzhfQYJmbjYH7,u3jK,LVOPt
Supplier#000025140  TrON2gepxGLx        
Supplier#000025173  LGk51T5EVsRE2YGN    
Supplier#000025251  q SGWHrSdY7V        
Supplier#000025291  iPwZwlz0s0ptWkWF6zaQ4BB8AlIkfR
Supplier#000025417  49rM766Ce4K         
Supplier#000025490  WYE4MlN3EYZzlxEnYlA 
Supplier#000025527  t8K rYHjlcT         
Supplier#000025548  EvxRGmrUlWS WrOsaa  
Supplier#000025584  XqVolaGRl1gbW8inQ3HA3QLylrcS4
Supplier#000025588  JtoV8JBwJrkHkPiwr,AFi1cPuUpz0rRWyhJzY
Supplier#000025689  PnMHCyzxpuOLTV0nsigDkGkrd9BRi2B3m,
Supplier#000025703  7Hg5WcoKxyzSQwaBqcyRLtrFdHYt
Supplier#000025779  0CFnrzy RzBrGQf3NnwpSym54BuqzpiZmZyrIX2
Supplier#000025785  3EcVilRIdMbzj39GEQ23augnuNbsBIKhpO
Supplier#000025797  lpyzXsfCtoFI3H8PW63FF
Supplier#000025832  LohhJAYSHUlK9sSXuE12rvUPZLADAQB
Supplier#000025835  FB u2oxxuFuU2QQrw1cYp9Cvwj0gxd1mXMm
Supplier#000025851  WH7Vc9h XNqPeo,hjyr 
Supplier#000025860  TKgrs9ibbWBK80Pg88TfJWFusa CsV
Supplier#000026050  C1CkFjXmkatONkDOg   
Supplier#000026255  9jlQWEkjHNpXe6gFzhZk
Supplier#000026265  t5nj3R2ljh7jsWFK r4w9MaAGj5HJIOnwV,Ce7
Supplier#000026361  98bqrrD5wRGOSB IAv9sT2
Supplier#000026528  cVxrceTOAh12IqwQjGC4b6wufafOZ
Supplier#000026548  Ai5rKzghaMAQdV,     
Supplier#000026550  fzIZUwDYG3uHi6eCgonm3pJzlMbNGoVsH7i
Supplier#000026553  I5SXoksUBmiOTR08SuZdgKsqjiSVL6zy9NoT4eCp
Supplier#000026587  uEDMyl9xEo4pn       
Supplier#000026610  8dvG12LIf3itsSj84ai5ro,gzdszP2qs
Supplier#000026614  1HWcjIuyeEIcH0Eh    
Supplier#000026796  CgTf38Qf,ZP58m      
Supplier#000026835  Cee1Rjfu,V0U0uN     
Supplier#000026844  MUxGjEk5kcEIG1J7    
Supplier#000027259  J3Gil7aqEqECjkLxscH Ny
Supplier#000027284  fN1yPkBH2k1P,dgidMLb
Supplier#000027294  NGjKe7KaqEDAmUmLjKqKXXDY
Supplier#000027333  VR8FePg7XrJYen7y3JqBfxwPN7fS7WZEuVd
Supplier#000027457  3sqBv4iTDwOkckfdUCL,81tXUt
Supplier#000027471  VTMuPJKm,ZFjbJKdpmr7SLNlvxTW5k28
Supplier#000027472  Tj60XDbbUYLInCML    
Supplier#000027585  7Mo59jM4GAAZH       
Supplier#000027601  ukG,RxX99crgKiTmf,  
Supplier#000027623  ,DyZHohTVrkDnf3fsn6UHlQQRJ,faOIJAJ8KR
Supplier#000027639  uu25zFpcd0ruxO8WfTribJpgn8SFikVTJQN3
Supplier#000027646  Fc8LmZkNTT          
Supplier#000027761  kqjm5 Zu3 kzXWefMpqw2mdAQRhkjZs
Supplier#000027807  yoRnUQSxaB0795nLU9r7cTq5HaGml3Eit
Supplier#000027851  OlQUhxAIBFWdkdsePgTH
Supplier#000027861  hjGPhDRenwu1FYPEmCBG9,EDECB3FO9K
Supplier#000027885  Yvmx9qsvrlxoruBta0E0p0
Supplier#000027935  TeaCp425LVGtwUCMlfXJ gqwdmRMfVC,QG5
Supplier#000027944  LzJ5si5G5 qYPPdVfD, 
Supplier#000027961  YTR2epMysg          
Supplier#000028010  k6Xd1pIrxOmzFOgi2 GKwzi4pllA Q
Supplier#000028065  4aSCDvLN5X          
Supplier#000028108  VHwhhvjKydoa Ptxuv  
Supplier#000028142  2qFm7IbmqgOPpSR3CQuf,ttgGRwHFK6wyfQBMpI
Supplier#000028178  sRyT2HQ38fge4Dd7xRHk9pIweFxxLKZSaP
Supplier#000028276  oinCPi5qkdHetdF7o   
Supplier#000028311  xez8,mVTquevunCIvl76nDPt
Supplier#000028569  TFXMV8atOiSqaJ6I    
Supplier#000028644  8dc1fpb9H1qicuKE4OHxxE4o
Supplier#000028670  loVLjLk7OhbCm86G,4FWjHH5CvZzr9EbF4As
Supplier#000028729  xA O4o0Pc3BuaIpjW qzEXcnonu59QLjCX tC
Supplier#000028741  5UJBs84c ,,ffsTUpJD,H3fNvKlgg1C
Supplier#000028752  JFKG8gxSNnZqUhKcFmZ4WTsLiQI NM
Supplier#000028797  Y6FpCJa713DQb       
Supplier#000028856  Bbv8ezZpPmR4ShsDSnmmXjfmdm6UebafKPOPJ
Supplier#000029088  uxutyod VFoJOVUSglA2eqVNpS0T89FSAI
Supplier#000029106  HYok7yUICWs3t6WJwKSrC2Rtb0 Aqa
Supplier#000029111  d3A1VGZGDP          
Supplier#000029150  kaRjyiddP9P2pTHbWJ  
Supplier#000029162  JB3B,VQFXys         
Supplier#000029167  HiI8n,c5JKHfioJG7lvGQ,ezLjkpSPKNwp,
Supplier#000029263  Df4cxSewJCJrtiAfmpKijwsEsLhyX7gxxdF4
Supplier#000029281  5Qvo8Y1FeplCz,nJEGxOtloe
Supplier#000029353  3BjnsJkGqHSjdChnMoofZC6h
Supplier#000029456  1tU5u3HMNuI3A       
Supplier#000029469  Geu8P ysVsFgQ       
Supplier#000029526  gihtU2ndBQAQoZ4tes  
Supplier#000029547  OOslsC9z05LCJej7f5Q0nNZMOYsqvapE
Supplier#000029549  AlZaEJTjT0zRhJ3ny7iJG
Supplier#000029576  HSjlbuk1l9PuydKg79qcVgdfAs
Supplier#000029634  Ou6QPS8,T VGJcMHF9  
Supplier#000029660  xBG,WBodjgj1Pv aH,lu
Supplier#000029729  TZBiXxs9WVIjvI2HgITSTZRQcTSQUjnQwNV2t
Supplier#000029817  bdCeAv9MpwMCJUe9gb2qjqToMji,5YDQt
Supplier#000029917  GcQk920huY38v2nwPRWdvlhUx92wS6ZgeYoH
Supplier#000029935  CwJiXbqQOp3IDe      
Supplier#000030009  eySXqyZUrBZqhmFnz0UZLF50IZ
Supplier#000030018  Xfb62hj2Pzfoe8RBO   
Supplier#000030057  PGLEfdZYKv          
Supplier#000030142  wJYWKgMWeHVP,M5CLqLclAf3,SGjMHMd
Supplier#000030298  x0XEQU4Gdo73gGJK,v3w
Supplier#000030376  dGnhyXAhw,gG,GPgsPudP2z
Supplier#000030506  4 yBk7VDZkI         
Supplier#000030539  Cet60otzAvQ3P2,2enQW
Supplier#000030569  VJtmrSN5qDPlHCr40jIklZMo39YyGwf6ADbJx6B
Supplier#000030666  xiPre8KB0GxKu       
Supplier#000030667  diDpyUj1yTree6J     
Supplier#000030689  4odSHTnCpmNtINwtQB1A2osY8j4EB,M
Supplier#000030700  zJLagU3c2VwxhIkH1OkY21Z
Supplier#000030770  rkAlY0UlWJG8EMxdmzEOijp1AD
Supplier#000030787  ,tmFMGFpNDBikNbKarJamfuw
Supplier#000030922  D5Hw089Sp8PxW       
Supplier#000030946  OBj9rufLWDZvIUzRlzr8ByUtWSv
Supplier#000030969  cMHPFTqDoQ3fCunI9vh 
Supplier#000031020  dr,NeGaYILS2YpPsuS  
Supplier#000031025  GiamWFgIDTwRL5aBrPvKkRU1dkiyZ
Supplier#000031049  E41fF2WBydIymrWLaMXbblVj3UW9W
Supplier#000031115  Hryj09YiSaupPi,Rjc  
Supplier#000031204  O6jHrBLsde1         
Supplier#000031246  5HcKVhabI0dMLdng    
Supplier#000031369  SnJYbtZSsZwJMKg PDGNkW0Ix23neP4Fs6
Supplier#000031376  pFD23bei4EFW6d AprnJ5snsaTOafvCLUv8Vv
Supplier#000031425  1xME diiam6ZD       
Supplier#000031482  QHFMPZSv4vfSxem9GHu1e8
Supplier#000031640  YB454XudYf0XQvjI8udflYY q29Oa
Supplier#000031663  O3H,c9qlbEn,0zvsJYo r2IUncJl
Supplier#000031684  xMkcA8qmz7MOyhkaK6cbLZ7Yn6t
Supplier#000031957  hdPxPQj7ls8         
Supplier#000032001  tHiUF55lsGARAzsyysE64pJ5Jp1Q
Supplier#000032035  ID34TRIOmM u9Csm    
Supplier#000032063  xYZXP9baVV3uO5,GwlfdMgO
Supplier#000032081  5lpQJyIGe8k90U7NH9la4dbBTY2h8Mn,
Supplier#000032086  nebFXSKAEC yVSqNf9JheMbZHwHE4Zg0zxS4lkK
Supplier#000032090  VTQkUnRLjgTHf1Rn    
Supplier#000032198  aNGoPh80iZR VvEsKufXnqWh5zl59CmCso2H0s
Supplier#000032240  CXyzYttoJ1VFspWVr7Tn2aLDh7PoZ x
Supplier#000032258  6dWgn6fFGtYBuwPj256Yl2sk7exze8PI hBCVS
Supplier#000032269  QLtBY5B,h0lDBjQ 9B5KXBmABryakrdlkrcPr
Supplier#000032373  uXTXwiCcemhiuiFxZbf 
Supplier#000032447  VTIVSMRVDskQ2TYRiZK8gJ2gJm7,VRvcv
Supplier#000032463  I9yi4Wdw6vu         
Supplier#000032510  Je6YGVD2KU          
Supplier#000032514  BxT8zY6YOMMsFP2naBSjb0C
Supplier#000032581  f6 NQUPuAMb7j2FmEYD1ugNkHWd2q6OakXuhjuk
Supplier#000032643  g5rJL7aY9KJhErvW0EPk5FIZb2p182,pg
Supplier#000032676  icRz,5ajHurv        
Supplier#000032983  judMUO2f9FgNBdvc1j4JeequFoibTnka5sxw
Supplier#000033147  717GYwgP,3q8        
Supplier#000033180  qpDW8 6 IzVtRzi8dBP4
Supplier#000033259  0u2xd8CgfvGyhjwT5AzAAWBxyNM RCDcaPH1QTxQ
Supplier#000033267  7i77DhWz9 WLtUa1EoSTG
Supplier#000033274  FFcrIcijr1XcbADxLMwVSuWFQ2AyFsr CuCaXcEp
Supplier#000033308  sVmTYJac9rrFhqaxFpkVaMEv3ZXEhI
Supplier#000033506  3jKrIsfLxfDu 3E0DzwDPCsGYD0pEsR,MBUOL
Supplier#000033760  TXC0XYdzW7Rnxt      
Supplier#000033770  frCXedotlg9sYlOeyBUbFvyR3Ufz
Supplier#000033840  OVLyNb8us7HcNG5TWtbIe5kyuA
Supplier#000033852  x kC,1i,aK6y        
Supplier#000033884  tUiUpdtFhlZAn hytNKA iBHDQThWn6kxmgC
Supplier#000033936  Af9RaddmQgSHxqET    
Supplier#000033967  eeTt0UTpnBR8DfcKNDQra7wG
Supplier#000034032  1MENMuw6RHHWQBO63bttvim0
Supplier#000034072  NrnT4cJZhJFEgJO     
Supplier#000034104  w,6ym8kaqnCIEanH    
Supplier#000034128  vvuFfKysIrU         
Supplier#000034252  38l1e,xLi,          
Supplier#000034347  bccWvBndZLltJDwtQm0CqvJHeq
Supplier#000034405  v3tyO2AWWs, R       
Supplier#000034484  hToItr9yw8s7qC83DnW5tamU
Supplier#000034629  2 xtxh7VogH         
Supplier#000034697  RAzJdutz4YZCdXRdTVtZvnWgzEfhmNGTva
Supplier#000034779  xHr9,49586I2d       
Supplier#000034942  IsbP FQtF2MFO1uSwwCHLzkbWn8T3qc2q9
Supplier#000035011  YKfomvzRfUKgu,MV9Xzjc3ca3c4lyDcWY
Supplier#000035030  hssyEi62rkA7Z37sdPIzKRMEkJnrzCAWJ
Supplier#000035175  nM089suw2n2SnujTiObdT7wbmlINwBxMs I0Dc
Supplier#000035178  4h1xIxbCjVsW0mP     
Supplier#000035219  ZRu59PvMFZZdpHiyPvi8rqqyMOag64Uo
Supplier#000035224  UJA g8mULT20xzLyIeKZ9U
Supplier#000035271  fpn6zzOwEsPz,ApBqim 
Supplier#000035295  PQtdJU2sni8EU59W,q H6S7JgGC
Supplier#000035386  1MhfBt5s2RfJrtVNpar7q
Supplier#000035398  uMKh3qYzoE95gbM     
Supplier#000035440  0GV7NfIK0YJPdLeIObZn
Supplier#000035456  LAdmMd2Pa0GtFB      
Supplier#000035481  YfL1trkHASdIBpb15C3M
Supplier#000035494  Y  W53oy2v          
Supplier#000035674  B5hrc3hg ck1GG4wMzJDtnpPqpPsMQhX17dFDQ
Supplier#000035789  vBhJdLKfgOO82nKYBjN9
Supplier#000035820  gjaCbZv12pR2MnyQN   
Supplier#000035876  eQQo0JEBwWQAl6KlrZfEQQSiy4Ml6a v3Z6EJh7i
Supplier#000035897  96WneoX5wHl         
Supplier#000035907  OcRM fIpguWTPeAKjdzoJaTW5CW2rKtpMu
Supplier#000036056  j6KAv6AtOJ5 QscjOjRDNf1aeeIldE
Supplier#000036068  iN6x4XqXXh6 4vrL    
Supplier#000036086  wJ2ekoTYIOsdvlHr8,RZP VXpE5oVb
Supplier#000036116  JUPWVmhv1QBe1WpK    
Supplier#000036124  o0Urz2 gnMUCzZiod   
Supplier#000036149  eAbvtKTpqCV8,37f,SUCq7Xtf
Supplier#000036182  bH7QSEDuRu,y1CPJO77PEsujVk
Supplier#000036215  lTmswLevXRHcqI6ZYQVZAy NejVLp2VhpWWHaGG
Supplier#000036269  cEB2G0ucNU,1tD8uJSvZ4DczpSIL
Supplier#000036370  mxrMq2cgNFIQ6UNfuZNNLmOODGCq
Supplier#000036546  AZRpZizGPTYUWoijxHr 
Supplier#000036573  jda4SgBEkA2YVShiRIqPep9ZjVdVkAl
Supplier#000036603  kjMpyuH5ytAOv5zWVuzTHc3dJ0fR2AIhsLeqrGh
Supplier#000036633  PLIeZMwGjaqNA7RiNlk3bl3AiyuGd0 Hqk
Supplier#000036690  Eao cuGg6A6s66fl    
Supplier#000036701  GU1VX 1e9GSB        
Supplier#000036860  2uf7i51mKGvuPZt7pL  
Supplier#000036876  ybzL8psCB5          
Supplier#000036883  bKa4901DvADLt5kiZaaC1RD7wVWYRQ
Supplier#000036982  vKiqkbpLK4Rqudp28oKxR3yDwgms8
Supplier#000036996  Ps2owxnpG8kBFiX     
Supplier#000037032  v3yYsIRYUyKC        
Supplier#000037046  LG7tGOsKcHuHN0610T0V2S9NWhygWKpYl
Supplier#000037175  q12ub5CY WG5        
Supplier#000037206  ,akl4,Ge UUsZcp9Ij uVhNNgdNTM
Supplier#000037281  wqhnpXR2uJjvB0klszWEyxzom3fSoazGc
Supplier#000037296  lLbStMk,K6qq u pEhHnfe9eH sTnRcu
Supplier#000037361  rgGIBiGyV 79hD9rqGIIE,
Supplier#000037390  DZ8Ql wN8RqR28ZIur N spHXaGreKHHx
Supplier#000037414  Ek2IcLMTX6          
Supplier#000037480  3aiOE,D9Aq          
Supplier#000037625  8v1pIq4il6fe,W      
Supplier#000037637  vLHHuhlItHiWFGIpeQlCFklcm
Supplier#000037642  djYAiuqV4JekV7cOVfzMs9pEvHlXaKjOyGy83a
Supplier#000037817  ir5VZKh,B7Yp8Ofi,l XX8taH ojFIlLm80
Supplier#000037879  XwjXh5eIDOpB9W6RRXlnd8zw5DiWDB3flF59Aw
Supplier#000037881  Vdj0bkaARWH1SoV0Wpqm
Supplier#000037894  jLsJKUDc1fgH4u3AxZxeLiwF
Supplier#000038042  GrGJ06PGfyDmXV4TAl,ivQ9,
Supplier#000038050  BbudH ,QL5uf5OtP5uAhuW617oeE2
Supplier#000038077  SlKN1BrhJOGWyzXReyFq1S 3oniD4jRU
Supplier#000038155  zIQKrFP82LztUq1EeVCZS
Supplier#000038173  BniJScGMps,f14QFfa  
Supplier#000038179  GVKpq5AnRvNZ6F      
Supplier#000038405  meEEO5qQ8YT         
Supplier#000038437  ZmPUuAHT x9F        
Supplier#000038485  7X7ZZagVmHO9DrPno d300Qc
Supplier#000038565  mDpPFYYLRB          
Supplier#000038637  2wxYmJlvDRQf0Z2NBTNDT fKazYozXhGaLM
Supplier#000038657  m4qImIoEoJ,EjsaxMPIf4JQYalHfBQu
Supplier#000038707  qurDmGAa7j7zEIZE03V5wkpHemV
Supplier#000038713  YUsG11,NOUCf0ihW    
Supplier#000038735  w13ynvCY7JWl9       
Supplier#000038762  Do9f5xPtEcMs8mtuYR4vsa5YP7AQmkrPwg
Supplier#000038842  23vplQFjDnbJg       
Supplier#000038843  lUN5Dt5FT9mgVOYWXp7buYbL5v
Supplier#000038941  cD4ipAkiYotLom6qpq,wWS2IH
Supplier#000038993  spoxBwgYd8MdPh9jb7CA9M d2JOyNVmF
Supplier#000039029  BuRmbStoXtmd6       
Supplier#000039040  baoZrw1kVp4Eiwwxlq,,6d8tAdHAl4yfUs1
Supplier#000039187  RiJxIIUj4OUYl6MbAKNTDp8IljYYTZk6Hmy4JF
Supplier#000039286  hUrUFMLochROHVbLWud g1sRgJH8T7U
Supplier#000039342  ,q1ALMRkoazcRcVsKoH3mBflYEisOl7OvaTdzB
Supplier#000039371  TJCpe4b3hFSqdozwz5HFvUFBv8Rqb
Supplier#000039393  x6f PFHSUnmSJhuWE4F277rHRTDA3c vfh2jDCW
Supplier#000039501  Mrh2VlhgLFVNO0B2DXxu wOS ,iESV gRYFONRO
Supplier#000039564  nGy51Ew lmxpRBVLq nLTfFsYUQ
Supplier#000039651  of35YluTlU9f xxZ53OQz
Supplier#000039674  1ZTUKjkzvb qzOawOgpD5D3c2fVf
Supplier#000039834  JwNF7apFRQiXORAmAq2toE1jAR
Supplier#000039837  L9w7eWQuckNWuSpfUzsUI4bmWAT
Supplier#000039869  DUx6KJkzLr          
Supplier#000039891  M9eEoPez3M2r6pr8vzAsWx,9awuza6zGqFYfH
