s_name              numwait             
----------------------------------------
Supplier#000011260  23                  
Supplier#000019516  23                  
Supplier#000032207  22                  
Supplier#000006537  21                  
Supplier#000015084  21                  
Supplier#000002256  20                  
Supplier#000012350  20                  
Supplier#000034057  20                  
Supplier#000002993  19                  
Supplier#000003548  19                  
Supplier#000006505  19                  
Supplier#000021908  19                  
Supplier#000022143  19                  
Supplier#000025849  19                  
Supplier#000027204  19                  
Supplier#000029442  19                  
Supplier#000035901  19                  
Supplier#000001665  18                  
Supplier#000010152  18                  
Supplier#000010592  18                  
Supplier#000011655  18                  
Supplier#000017334  18                  
Supplier#000021093  18                  
Supplier#000021535  18                  
Supplier#000029102  18                  
Supplier#000035631  18                  
Supplier#000038130  18                  
Supplier#000000633  17                  
Supplier#000001054  17                  
Supplier#000002917  17                  
Supplier#000005578  17                  
Supplier#000006925  17                  
Supplier#000008354  17                  
Supplier#000012575  17                  
Supplier#000014455  17                  
Supplier#000016880  17                  
Supplier#000017584  17                  
Supplier#000020223  17                  
Supplier#000025529  17                  
Supplier#000028138  17                  
Supplier#000029207  17                  
Supplier#000030879  17                  
Supplier#000031462  17                  
Supplier#000002225  16                  
Supplier#000002323  16                  
Supplier#000005383  16                  
Supplier#000006027  16                  
Supplier#000008529  16                  
Supplier#000008996  16                  
Supplier#000010162  16                  
Supplier#000010934  16                  
Supplier#000011320  16                  
Supplier#000011752  16                  
Supplier#000012369  16                  
Supplier#000012874  16                  
Supplier#000013199  16                  
Supplier#000015152  16                  
Supplier#000015573  16                  
Supplier#000016829  16                  
Supplier#000017236  16                  
Supplier#000017338  16                  
Supplier#000018630  16                  
Supplier#000018980  16                  
Supplier#000019150  16                  
Supplier#000021171  16                  
Supplier#000024502  16                  
Supplier#000030515  16                  
Supplier#000032656  16                  
Supplier#000032777  16                  
Supplier#000035917  16                  
Supplier#000035974  16                  
Supplier#000037628  16                  
Supplier#000039841  16                  
Supplier#000039845  16                  
Supplier#000000379  15                  
Supplier#000001789  15                  
Supplier#000002483  15                  
Supplier#000002546  15                  
Supplier#000003777  15                  
Supplier#000005842  15                  
Supplier#000006757  15                  
Supplier#000007127  15                  
Supplier#000007668  15                  
Supplier#000007810  15                  
Supplier#000008739  15                  
Supplier#000009758  15                  
Supplier#000010857  15                  
Supplier#000011487  15                  
Supplier#000011647  15                  
Supplier#000014057  15                  
Supplier#000014785  15                  
Supplier#000015320  15                  
Supplier#000017283  15                  
Supplier#000017638  15                  
Supplier#000017877  15                  
Supplier#000019070  15                  
Supplier#000019137  15                  
Supplier#000019399  15                  
Supplier#000020104  15                  
Supplier#000024300  15                  
Supplier#000024448  15                  
Supplier#000024675  15                  
Supplier#000025909  15                  
Supplier#000026205  15                  
Supplier#000026544  15                  
Supplier#000027127  15                  
Supplier#000027779  15                  
Supplier#000028019  15                  
Supplier#000030998  15                  
Supplier#000032123  15                  
Supplier#000033854  15                  
Supplier#000034303  15                  
Supplier#000036093  15                  
Supplier#000037409  15                  
Supplier#000037432  15                  
Supplier#000037789  15                  
Supplier#000039681  15                  
Supplier#000000821  14                  
Supplier#000001337  14                  
Supplier#000001347  14                  
Supplier#000001456  14                  
Supplier#000001944  14                  
Supplier#000002410  14                  
Supplier#000002846  14                  
Supplier#000002990  14                  
Supplier#000003075  14                  
Supplier#000003248  14                  
Supplier#000004169  14                  
Supplier#000004786  14                  
Supplier#000005347  14                  
Supplier#000005390  14                  
Supplier#000005568  14                  
Supplier#000005997  14                  
Supplier#000006378  14                  
Supplier#000007142  14                  
Supplier#000007896  14                  
Supplier#000008136  14                  
Supplier#000008702  14                  
Supplier#000008718  14                  
Supplier#000009179  14                  
Supplier#000010741  14                  
Supplier#000011235  14                  
Supplier#000011444  14                  
Supplier#000012316  14                  
Supplier#000013321  14                  
Supplier#000014208  14                  
Supplier#000014431  14                  
Supplier#000014466  14                  
Supplier#000015247  14                  
Supplier#000015387  14                  
Supplier#000015877  14                  
Supplier#000015882  14                  
Supplier#000016377  14                  
Supplier#000016466  14                  
Supplier#000016694  14                  
Supplier#000016771  14                  
Supplier#000017076  14                  
Supplier#000017106  14                  
Supplier#000017115  14                  
Supplier#000017735  14                  
Supplier#000018000  14                  
Supplier#000018281  14                  
Supplier#000018337  14                  
Supplier#000020442  14                  
Supplier#000020972  14                  
Supplier#000021289  14                  
Supplier#000021366  14                  
Supplier#000021681  14                  
Supplier#000021846  14                  
Supplier#000024230  14                  
Supplier#000024558  14                  
Supplier#000024711  14                  
Supplier#000025250  14                  
Supplier#000025402  14                  
Supplier#000025657  14                  
Supplier#000026016  14                  
Supplier#000026634  14                  
Supplier#000027874  14                  
Supplier#000028083  14                  
Supplier#000028318  14                  
Supplier#000028467  14                  
Supplier#000028470  14                  
Supplier#000028496  14                  
Supplier#000028897  14                  
Supplier#000028964  14                  
Supplier#000029217  14                  
Supplier#000029804  14                  
Supplier#000029816  14                  
Supplier#000030339  14                  
Supplier#000030434  14                  
Supplier#000030448  14                  
Supplier#000030754  14                  
Supplier#000031187  14                  
Supplier#000031391  14                  
Supplier#000031592  14                  
Supplier#000033830  14                  
Supplier#000034140  14                  
Supplier#000036207  14                  
Supplier#000037030  14                  
Supplier#000037047  14                  
Supplier#000037373  14                  
Supplier#000037823  14                  
Supplier#000038206  14                  
Supplier#000038329  14                  
Supplier#000038382  14                  
Supplier#000038402  14                  
Supplier#000038665  14                  
Supplier#000039174  14                  
Supplier#000039699  14                  
Supplier#000000565  13                  
Supplier#000000578  13                  
Supplier#000001452  13                  
Supplier#000002540  13                  
Supplier#000003212  13                  
Supplier#000003372  13                  
Supplier#000003374  13                  
Supplier#000003949  13                  
Supplier#000005583  13                  
Supplier#000005848  13                  
Supplier#000006569  13                  
Supplier#000006611  13                  
Supplier#000006824  13                  
Supplier#000006967  13                  
Supplier#000007371  13                  
Supplier#000008283  13                  
Supplier#000008492  13                  
Supplier#000008627  13                  
Supplier#000008671  13                  
Supplier#000008713  13                  
Supplier#000009141  13                  
Supplier#000009647  13                  
Supplier#000010116  13                  
Supplier#000010332  13                  
Supplier#000010543  13                  
Supplier#000010804  13                  
Supplier#000011385  13                  
Supplier#000011407  13                  
Supplier#000011658  13                  
Supplier#000011670  13                  
Supplier#000012430  13                  
Supplier#000012671  13                  
Supplier#000012691  13                  
Supplier#000013281  13                  
Supplier#000013676  13                  
Supplier#000013747  13                  
Supplier#000013822  13                  
Supplier#000014765  13                  
Supplier#000015148  13                  
Supplier#000015393  13                  
Supplier#000015465  13                  
Supplier#000015474  13                  
Supplier#000015505  13                  
Supplier#000015518  13                  
Supplier#000015942  13                  
Supplier#000016433  13                  
Supplier#000016899  13                  
Supplier#000017428  13                  
Supplier#000017556  13                  
Supplier#000018055  13                  
Supplier#000018764  13                  
Supplier#000019020  13                  
Supplier#000019340  13                  
Supplier#000019503  13                  
Supplier#000019910  13                  
Supplier#000020096  13                  
Supplier#000020782  13                  
Supplier#000020933  13                  
Supplier#000020966  13                  
Supplier#000021701  13                  
Supplier#000021765  13                  
Supplier#000022234  13                  
Supplier#000022833  13                  
Supplier#000024028  13                  
Supplier#000024089  13                  
Supplier#000024091  13                  
Supplier#000024141  13                  
Supplier#000024727  13                  
Supplier#000024929  13                  
Supplier#000025442  13                  
Supplier#000025656  13                  
Supplier#000025808  13                  
Supplier#000026390  13                  
Supplier#000026534  13                  
Supplier#000026693  13                  
Supplier#000027090  13                  
Supplier#000027091  13                  
Supplier#000027260  13                  
Supplier#000027757  13                  
Supplier#000028650  13                  
Supplier#000028849  13                  
Supplier#000030199  13                  
Supplier#000030509  13                  
Supplier#000030567  13                  
Supplier#000030617  13                  
Supplier#000030889  13                  
Supplier#000030919  13                  
Supplier#000031200  13                  
Supplier#000031674  13                  
Supplier#000031881  13                  
Supplier#000032942  13                  
Supplier#000034975  13                  
Supplier#000035159  13                  
Supplier#000035339  13                  
Supplier#000035353  13                  
Supplier#000035419  13                  
Supplier#000035630  13                  
Supplier#000035790  13                  
Supplier#000036377  13                  
Supplier#000036500  13                  
Supplier#000036827  13                  
Supplier#000037214  13                  
Supplier#000037225  13                  
Supplier#000037452  13                  
Supplier#000038101  13                  
Supplier#000038589  13                  
Supplier#000038820  13                  
Supplier#000038880  13                  
Supplier#000000167  12                  
Supplier#000000262  12                  
Supplier#000000708  12                  
Supplier#000001152  12                  
Supplier#000002344  12                  
Supplier#000002647  12                  
Supplier#000002717  12                  
Supplier#000002796  12                  
Supplier#000002926  12                  
Supplier#000003727  12                  
Supplier#000004112  12                  
Supplier#000004163  12                  
Supplier#000004274  12                  
Supplier#000004925  12                  
Supplier#000005042  12                  
Supplier#000005236  12                  
Supplier#000005304  12                  
Supplier#000005316  12                  
Supplier#000005435  12                  
Supplier#000005436  12                  
Supplier#000005697  12                  
Supplier#000005721  12                  
Supplier#000005755  12                  
Supplier#000006379  12                  
Supplier#000006547  12                  
Supplier#000006598  12                  
Supplier#000006629  12                  
Supplier#000006795  12                  
Supplier#000006892  12                  
Supplier#000007061  12                  
Supplier#000007523  12                  
Supplier#000007847  12                  
Supplier#000008331  12                  
Supplier#000008376  12                  
Supplier#000008398  12                  
Supplier#000008527  12                  
Supplier#000008811  12                  
Supplier#000009543  12                  
Supplier#000009804  12                  
Supplier#000010381  12                  
Supplier#000011354  12                  
Supplier#000011469  12                  
Supplier#000011612  12                  
Supplier#000011636  12                  
Supplier#000011666  12                  
Supplier#000011671  12                  
Supplier#000011731  12                  
Supplier#000011916  12                  
Supplier#000012169  12                  
Supplier#000012204  12                  
Supplier#000012447  12                  
Supplier#000012608  12                  
Supplier#000012740  12                  
Supplier#000013071  12                  
Supplier#000013378  12                  
Supplier#000013407  12                  
Supplier#000014037  12                  
Supplier#000014577  12                  
Supplier#000014652  12                  
Supplier#000014877  12                  
Supplier#000014932  12                  
Supplier#000015025  12                  
Supplier#000015052  12                  
Supplier#000015260  12                  
Supplier#000015319  12                  
Supplier#000015482  12                  
Supplier#000015843  12                  
Supplier#000015887  12                  
Supplier#000016216  12                  
Supplier#000016268  12                  
Supplier#000016968  12                  
Supplier#000017192  12                  
Supplier#000017532  12                  
Supplier#000017602  12                  
Supplier#000017994  12                  
Supplier#000018093  12                  
Supplier#000018261  12                  
Supplier#000018965  12                  
Supplier#000019034  12                  
Supplier#000019113  12                  
Supplier#000019475  12                  
Supplier#000019785  12                  
Supplier#000020165  12                  
Supplier#000020515  12                  
Supplier#000020795  12                  
Supplier#000020916  12                  
Supplier#000020929  12                  
Supplier#000021090  12                  
Supplier#000021113  12                  
Supplier#000021246  12                  
Supplier#000021989  12                  
Supplier#000022470  12                  
Supplier#000022474  12                  
Supplier#000022757  12                  
Supplier#000022832  12                  
Supplier#000022855  12                  
Supplier#000023476  12                  
Supplier#000023721  12                  
Supplier#000023755  12                  
Supplier#000023949  12                  
Supplier#000024099  12                  
Supplier#000024147  12                  
Supplier#000024375  12                  
Supplier#000024433  12                  
Supplier#000024667  12                  
Supplier#000025064  12                  
Supplier#000025370  12                  
Supplier#000025536  12                  
Supplier#000025562  12                  
Supplier#000025671  12                  
Supplier#000025683  12                  
Supplier#000026009  12                  
Supplier#000026065  12                  
Supplier#000026626  12                  
Supplier#000026696  12                  
Supplier#000026807  12                  
Supplier#000026984  12                  
Supplier#000027037  12                  
Supplier#000027209  12                  
Supplier#000028465  12                  
Supplier#000028536  12                  
Supplier#000028668  12                  
Supplier#000029010  12                  
Supplier#000029100  12                  
Supplier#000029237  12                  
Supplier#000029309  12                  
Supplier#000029416  12                  
Supplier#000029630  12                  
Supplier#000029868  12                  
Supplier#000029949  12                  
Supplier#000030196  12                  
Supplier#000030817  12                  
Supplier#000030910  12                  
Supplier#000031192  12                  
Supplier#000031850  12                  
Supplier#000032174  12                  
Supplier#000032513  12                  
Supplier#000032545  12                  
Supplier#000032866  12                  
Supplier#000033135  12                  
Supplier#000033216  12                  
Supplier#000033490  12                  
Supplier#000034090  12                  
Supplier#000034218  12                  
Supplier#000034455  12                  
Supplier#000034580  12                  
Supplier#000034761  12                  
Supplier#000034889  12                  
Supplier#000035887  12                  
Supplier#000036128  12                  
Supplier#000036162  12                  
Supplier#000036238  12                  
Supplier#000036705  12                  
Supplier#000036707  12                  
Supplier#000036868  12                  
Supplier#000036884  12                  
Supplier#000037329  12                  
Supplier#000037621  12                  
Supplier#000037824  12                  
Supplier#000037941  12                  
Supplier#000038133  12                  
Supplier#000038214  12                  
Supplier#000038625  12                  
Supplier#000038828  12                  
Supplier#000038968  12                  
Supplier#000038970  12                  
Supplier#000039078  12                  
Supplier#000039455  12                  
Supplier#000039504  12                  
Supplier#000000188  11                  
Supplier#000000445  11                  
Supplier#000000670  11                  
Supplier#000000788  11                  
Supplier#000000811  11                  
Supplier#000000825  11                  
Supplier#000000929  11                  
Supplier#000000977  11                  
Supplier#000001053  11                  
Supplier#000001058  11                  
Supplier#000001274  11                  
Supplier#000001595  11                  
Supplier#000001724  11                  
Supplier#000001809  11                  
Supplier#000001916  11                  
Supplier#000002005  11                  
Supplier#000002056  11                  
Supplier#000002160  11                  
Supplier#000002301  11                  
Supplier#000002312  11                  
Supplier#000002322  11                  
Supplier#000003168  11                  
Supplier#000003266  11                  
Supplier#000003294  11                  
Supplier#000003335  11                  
Supplier#000003646  11                  
Supplier#000004477  11                  
Supplier#000004501  11                  
Supplier#000004793  11                  
Supplier#000004873  11                  
Supplier#000005627  11                  
Supplier#000005774  11                  
Supplier#000005896  11                  
Supplier#000006281  11                  
Supplier#000006497  11                  
Supplier#000006561  11                  
Supplier#000006682  11                  
Supplier#000006693  11                  
Supplier#000006705  11                  
Supplier#000006756  11                  
Supplier#000006767  11                  
Supplier#000006999  11                  
Supplier#000007021  11                  
Supplier#000007054  11                  
Supplier#000007116  11                  
Supplier#000007312  11                  
Supplier#000007511  11                  
Supplier#000008030  11                  
Supplier#000008134  11                  
Supplier#000008210  11                  
Supplier#000008394  11                  
Supplier#000008396  11                  
Supplier#000008490  11                  
Supplier#000008669  11                  
Supplier#000009053  11                  
Supplier#000009190  11                  
Supplier#000009200  11                  
Supplier#000009217  11                  
Supplier#000009643  11                  
Supplier#000009727  11                  
Supplier#000009787  11                  
Supplier#000009855  11                  
Supplier#000009861  11                  
Supplier#000010089  11                  
Supplier#000010122  11                  
Supplier#000010252  11                  
Supplier#000010329  11                  
Supplier#000010787  11                  
Supplier#000011094  11                  
Supplier#000011271  11                  
Supplier#000011575  11                  
Supplier#000011717  11                  
Supplier#000011847  11                  
Supplier#000011999  11                  
Supplier#000012512  11                  
Supplier#000012706  11                  
Supplier#000013454  11                  
Supplier#000014024  11                  
Supplier#000014131  11                  
Supplier#000014180  11                  
Supplier#000014262  11                  
Supplier#000014459  11                  
Supplier#000014494  11                  
Supplier#000014528  11                  
Supplier#000014892  11                  
Supplier#000015730  11                  
Supplier#000016381  11                  
Supplier#000016617  11                  
Supplier#000016657  11                  
Supplier#000016809  11                  
Supplier#000016956  11                  
Supplier#000017308  11                  
Supplier#000017488  11                  
Supplier#000017778  11                  
Supplier#000017966  11                  
Supplier#000018355  11                  
Supplier#000018760  11                  
Supplier#000019026  11                  
Supplier#000019525  11                  
Supplier#000019562  11                  
Supplier#000019630  11                  
Supplier#000019727  11                  
Supplier#000020013  11                  
Supplier#000020389  11                  
Supplier#000020398  11                  
Supplier#000020400  11                  
Supplier#000020824  11                  
Supplier#000020861  11                  
Supplier#000021640  11                  
Supplier#000021678  11                  
Supplier#000021782  11                  
Supplier#000021905  11                  
Supplier#000021946  11                  
Supplier#000022373  11                  
Supplier#000022597  11                  
Supplier#000022810  11                  
Supplier#000023054  11                  
Supplier#000023345  11                  
Supplier#000023649  11                  
Supplier#000023790  11                  
Supplier#000024244  11                  
Supplier#000024402  11                  
Supplier#000024453  11                  
Supplier#000024821  11                  
Supplier#000024842  11                  
Supplier#000025165  11                  
Supplier#000025177  11                  
Supplier#000025361  11                  
Supplier#000025478  11                  
Supplier#000025538  11                  
Supplier#000025636  11                  
Supplier#000025658  11                  
Supplier#000025667  11                  
Supplier#000025807  11                  
Supplier#000025987  11                  
Supplier#000026088  11                  
Supplier#000026141  11                  
Supplier#000026555  11                  
Supplier#000026655  11                  
Supplier#000026657  11                  
Supplier#000026806  11                  
Supplier#000026892  11                  
Supplier#000026934  11                  
Supplier#000026945  11                  
Supplier#000027075  11                  
Supplier#000027881  11                  
Supplier#000028166  11                  
Supplier#000028367  11                  
Supplier#000028375  11                  
Supplier#000028697  11                  
Supplier#000029596  11                  
Supplier#000029807  11                  
Supplier#000029879  11                  
Supplier#000030076  11                  
Supplier#000030176  11                  
Supplier#000030494  11                  
Supplier#000031035  11                  
Supplier#000031248  11                  
Supplier#000031324  11                  
Supplier#000031719  11                  
Supplier#000031899  11                  
Supplier#000031906  11                  
Supplier#000032253  11                  
Supplier#000032442  11                  
Supplier#000032534  11                  
Supplier#000032768  11                  
Supplier#000033070  11                  
Supplier#000033103  11                  
Supplier#000033349  11                  
Supplier#000033614  11                  
Supplier#000033672  11                  
Supplier#000034263  11                  
Supplier#000034494  11                  
Supplier#000034636  11                  
Supplier#000034644  11                  
Supplier#000034660  11                  
Supplier#000035160  11                  
Supplier#000035569  11                  
Supplier#000035758  11                  
Supplier#000035927  11                  
Supplier#000035938  11                  
Supplier#000036592  11                  
Supplier#000036775  11                  
Supplier#000036997  11                  
Supplier#000037096  11                  
Supplier#000037270  11                  
Supplier#000037466  11                  
Supplier#000038030  11                  
Supplier#000038139  11                  
Supplier#000038373  11                  
Supplier#000038554  11                  
Supplier#000038967  11                  
Supplier#000039071  11                  
Supplier#000039106  11                  
Supplier#000039119  11                  
Supplier#000039255  11                  
Supplier#000039304  11                  
Supplier#000039951  11                  
Supplier#000000114  10                  
Supplier#000000380  10                  
Supplier#000000436  10                  
Supplier#000000500  10                  
Supplier#000000602  10                  
Supplier#000000660  10                  
Supplier#000000673  10                  
Supplier#000000687  10                  
Supplier#000000709  10                  
Supplier#000000778  10                  
Supplier#000001046  10                  
Supplier#000001120  10                  
Supplier#000001161  10                  
Supplier#000001435  10                  
Supplier#000001511  10                  
Supplier#000001534  10                  
Supplier#000001907  10                  
Supplier#000001960  10                  
Supplier#000002915  10                  
Supplier#000002949  10                  
Supplier#000003014  10                  
Supplier#000003063  10                  
Supplier#000003517  10                  
Supplier#000003583  10                  
Supplier#000003806  10                  
Supplier#000003834  10                  
Supplier#000004109  10                  
Supplier#000004539  10                  
Supplier#000004625  10                  
Supplier#000004829  10                  
Supplier#000005319  10                  
Supplier#000005998  10                  
Supplier#000006013  10                  
Supplier#000006128  10                  
Supplier#000006259  10                  
Supplier#000006381  10                  
Supplier#000006667  10                  
Supplier#000006737  10                  
Supplier#000006800  10                  
Supplier#000007290  10                  
Supplier#000007381  10                  
Supplier#000007382  10                  
Supplier#000007387  10                  
Supplier#000007601  10                  
Supplier#000007880  10                  
Supplier#000008094  10                  
Supplier#000008754  10                  
Supplier#000008900  10                  
Supplier#000008908  10                  
Supplier#000009137  10                  
Supplier#000009337  10                  
Supplier#000009648  10                  
Supplier#000010139  10                  
Supplier#000010237  10                  
Supplier#000010241  10                  
Supplier#000010689  10                  
Supplier#000010779  10                  
Supplier#000011036  10                  
Supplier#000011165  10                  
Supplier#000011646  10                  
Supplier#000011686  10                  
Supplier#000011865  10                  
Supplier#000012394  10                  
Supplier#000012946  10                  
Supplier#000013156  10                  
Supplier#000013519  10                  
Supplier#000013600  10                  
Supplier#000013979  10                  
Supplier#000014256  10                  
Supplier#000014277  10                  
Supplier#000014352  10                  
Supplier#000014377  10                  
Supplier#000014442  10                  
Supplier#000014671  10                  
Supplier#000014961  10                  
Supplier#000015132  10                  
Supplier#000015145  10                  
Supplier#000015201  10                  
Supplier#000015425  10                  
Supplier#000015442  10                  
Supplier#000015508  10                  
Supplier#000015904  10                  
Supplier#000016109  10                  
Supplier#000016166  10                  
Supplier#000016250  10                  
Supplier#000016344  10                  
Supplier#000016485  10                  
Supplier#000017185  10                  
Supplier#000017405  10                  
Supplier#000017459  10                  
Supplier#000017818  10                  
Supplier#000017920  10                  
Supplier#000018016  10                  
Supplier#000018067  10                  
Supplier#000018745  10                  
Supplier#000019030  10                  
Supplier#000019502  10                  
Supplier#000019924  10                  
Supplier#000020116  10                  
Supplier#000020519  10                  
Supplier#000020545  10                  
Supplier#000020551  10                  
Supplier#000020656  10                  
Supplier#000020836  10                  
Supplier#000021214  10                  
Supplier#000021414  10                  
Supplier#000021515  10                  
Supplier#000021529  10                  
Supplier#000021635  10                  
Supplier#000021917  10                  
Supplier#000022156  10                  
Supplier#000022283  10                  
Supplier#000022349  10                  
Supplier#000022369  10                  
Supplier#000022703  10                  
Supplier#000023459  10                  
Supplier#000023652  10                  
Supplier#000024088  10                  
Supplier#000024171  10                  
Supplier#000024210  10                  
Supplier#000024518  10                  
Supplier#000025328  10                  
Supplier#000025339  10                  
Supplier#000025526  10                  
Supplier#000025623  10                  
Supplier#000025919  10                  
Supplier#000025925  10                  
Supplier#000025980  10                  
Supplier#000026070  10                  
Supplier#000026191  10                  
Supplier#000026538  10                  
Supplier#000026560  10                  
Supplier#000027055  10                  
Supplier#000027143  10                  
Supplier#000027895  10                  
Supplier#000028416  10                  
Supplier#000028592  10                  
Supplier#000028622  10                  
Supplier#000028762  10                  
Supplier#000028909  10                  
Supplier#000028967  10                  
Supplier#000029031  10                  
Supplier#000029039  10                  
Supplier#000029228  10                  
Supplier#000029798  10                  
Supplier#000030035  10                  
Supplier#000030268  10                  
Supplier#000030317  10                  
Supplier#000030763  10                  
Supplier#000030824  10                  
Supplier#000030855  10                  
Supplier#000031321  10                  
Supplier#000031496  10                  
Supplier#000031523  10                  
Supplier#000032262  10                  
Supplier#000032851  10                  
Supplier#000032858  10                  
Supplier#000032898  10                  
Supplier#000033033  10                  
Supplier#000033080  10                  
Supplier#000033122  10                  
Supplier#000033123  10                  
Supplier#000033228  10                  
Supplier#000033777  10                  
Supplier#000034152  10                  
Supplier#000034176  10                  
Supplier#000034335  10                  
Supplier#000034560  10                  
Supplier#000034561  10                  
Supplier#000034564  10                  
Supplier#000034699  10                  
Supplier#000034764  10                  
Supplier#000034948  10                  
Supplier#000035152  10                  
Supplier#000035330  10                  
Supplier#000035628  10                  
Supplier#000035783  10                  
Supplier#000035862  10                  
Supplier#000036384  10                  
Supplier#000036419  10                  
Supplier#000036421  10                  
Supplier#000036423  10                  
Supplier#000036601  10                  
Supplier#000037247  10                  
Supplier#000037385  10                  
Supplier#000037434  10                  
Supplier#000037446  10                  
Supplier#000037501  10                  
Supplier#000037520  10                  
Supplier#000037633  10                  
Supplier#000037944  10                  
Supplier#000038260  10                  
Supplier#000038629  10                  
Supplier#000038687  10                  
Supplier#000038782  10                  
Supplier#000038858  10                  
Supplier#000038928  10                  
Supplier#000039170  10                  
Supplier#000039172  10                  
Supplier#000039333  10                  
Supplier#000039368  10                  
Supplier#000039444  10                  
Supplier#000039462  10                  
Supplier#000039516  10                  
Supplier#000039545  10                  
Supplier#000039833  10                  
Supplier#000039847  10                  
Supplier#000000460  9                   
Supplier#000000486  9                   
Supplier#000000496  9                   
Supplier#000000659  9                   
Supplier#000000762  9                   
Supplier#000000846  9                   
Supplier#000000889  9                   
Supplier#000000920  9                   
Supplier#000001356  9                   
Supplier#000001390  9                   
Supplier#000001601  9                   
Supplier#000001615  9                   
Supplier#000001896  9                   
Supplier#000001925  9                   
Supplier#000002025  9                   
Supplier#000002978  9                   
Supplier#000003205  9                   
Supplier#000003220  9                   
Supplier#000003521  9                   
Supplier#000003618  9                   
Supplier#000004285  9                   
Supplier#000004472  9                   
Supplier#000004840  9                   
Supplier#000005277  9                   
Supplier#000005413  9                   
Supplier#000005720  9                   
Supplier#000005906  9                   
Supplier#000005920  9                   
Supplier#000006210  9                   
Supplier#000006326  9                   
Supplier#000006450  9                   
Supplier#000006453  9                   
Supplier#000006596  9                   
Supplier#000006909  9                   
Supplier#000007002  9                   
Supplier#000007417  9                   
Supplier#000007602  9                   
Supplier#000007619  9                   
Supplier#000007626  9                   
Supplier#000007656  9                   
Supplier#000007662  9                   
Supplier#000007889  9                   
Supplier#000007950  9                   
Supplier#000008180  9                   
Supplier#000008695  9                   
Supplier#000008876  9                   
Supplier#000008882  9                   
Supplier#000009224  9                   
Supplier#000009435  9                   
Supplier#000009436  9                   
Supplier#000009564  9                   
Supplier#000009721  9                   
Supplier#000010070  9                   
Supplier#000010207  9                   
Supplier#000010349  9                   
Supplier#000010487  9                   
Supplier#000010762  9                   
Supplier#000010880  9                   
Supplier#000011197  9                   
Supplier#000011411  9                   
Supplier#000011516  9                   
Supplier#000011602  9                   
Supplier#000012346  9                   
Supplier#000012353  9                   
Supplier#000013329  9                   
Supplier#000013463  9                   
Supplier#000013472  9                   
Supplier#000013480  9                   
Supplier#000013840  9                   
Supplier#000014267  9                   
Supplier#000014342  9                   
Supplier#000014395  9                   
Supplier#000014555  9                   
Supplier#000014676  9                   
Supplier#000014700  9                   
Supplier#000015081  9                   
Supplier#000015485  9                   
Supplier#000015807  9                   
Supplier#000015826  9                   
Supplier#000016046  9                   
Supplier#000016074  9                   
Supplier#000016188  9                   
Supplier#000016199  9                   
Supplier#000016270  9                   
Supplier#000016474  9                   
Supplier#000017569  9                   
Supplier#000017621  9                   
Supplier#000017660  9                   
Supplier#000017935  9                   
Supplier#000018178  9                   
Supplier#000018251  9                   
Supplier#000018522  9                   
Supplier#000019206  9                   
Supplier#000019405  9                   
Supplier#000019414  9                   
Supplier#000019489  9                   
Supplier#000019736  9                   
Supplier#000019778  9                   
Supplier#000019862  9                   
Supplier#000019865  9                   
Supplier#000020059  9                   
Supplier#000020098  9                   
Supplier#000020685  9                   
Supplier#000020756  9                   
Supplier#000020845  9                   
Supplier#000021070  9                   
Supplier#000021076  9                   
Supplier#000021080  9                   
Supplier#000021097  9                   
Supplier#000021127  9                   
Supplier#000021212  9                   
Supplier#000021648  9                   
Supplier#000021949  9                   
Supplier#000022719  9                   
Supplier#000022770  9                   
Supplier#000022899  9                   
Supplier#000022924  9                   
Supplier#000023253  9                   
Supplier#000023611  9                   
Supplier#000023880  9                   
Supplier#000023925  9                   
Supplier#000024033  9                   
Supplier#000024520  9                   
Supplier#000024543  9                   
Supplier#000024746  9                   
Supplier#000024841  9                   
Supplier#000024897  9                   
Supplier#000025016  9                   
Supplier#000025188  9                   
Supplier#000025325  9                   
Supplier#000025437  9                   
Supplier#000025502  9                   
Supplier#000025517  9                   
Supplier#000026078  9                   
Supplier#000026293  9                   
Supplier#000026517  9                   
Supplier#000026627  9                   
Supplier#000026659  9                   
Supplier#000026699  9                   
Supplier#000026846  9                   
Supplier#000026864  9                   
Supplier#000027295  9                   
Supplier#000027554  9                   
Supplier#000027629  9                   
Supplier#000027632  9                   
Supplier#000028002  9                   
Supplier#000028247  9                   
Supplier#000028286  9                   
Supplier#000028906  9                   
Supplier#000028956  9                   
Supplier#000029343  9                   
Supplier#000029344  9                   
Supplier#000029493  9                   
Supplier#000029514  9                   
Supplier#000029690  9                   
Supplier#000029775  9                   
Supplier#000029854  9                   
Supplier#000029862  9                   
Supplier#000030089  9                   
Supplier#000030375  9                   
Supplier#000030412  9                   
Supplier#000030654  9                   
Supplier#000030684  9                   
Supplier#000030869  9                   
Supplier#000031103  9                   
Supplier#000031359  9                   
Supplier#000031459  9                   
Supplier#000031476  9                   
Supplier#000031534  9                   
Supplier#000031725  9                   
Supplier#000031729  9                   
Supplier#000032386  9                   
Supplier#000032475  9                   
Supplier#000032509  9                   
Supplier#000032666  9                   
Supplier#000032671  9                   
Supplier#000032695  9                   
Supplier#000032795  9                   
Supplier#000032807  9                   
Supplier#000033035  9                   
Supplier#000033201  9                   
Supplier#000033251  9                   
Supplier#000033364  9                   
Supplier#000033410  9                   
Supplier#000033525  9                   
Supplier#000033579  9                   
Supplier#000033698  9                   
Supplier#000034162  9                   
Supplier#000034167  9                   
Supplier#000034185  9                   
Supplier#000034233  9                   
Supplier#000034307  9                   
Supplier#000034410  9                   
Supplier#000035266  9                   
Supplier#000035428  9                   
Supplier#000035719  9                   
Supplier#000036126  9                   
Supplier#000036291  9                   
Supplier#000036473  9                   
Supplier#000036657  9                   
Supplier#000036994  9                   
Supplier#000037087  9                   
Supplier#000037100  9                   
Supplier#000037509  9                   
Supplier#000037750  9                   
Supplier#000037951  9                   
Supplier#000038056  9                   
Supplier#000038187  9                   
Supplier#000038778  9                   
Supplier#000038792  9                   
Supplier#000038802  9                   
Supplier#000039024  9                   
Supplier#000039073  9                   
Supplier#000039738  9                   
Supplier#000039795  9                   
Supplier#000039889  9                   
Supplier#000039933  9                   
Supplier#000000357  8                   
Supplier#000000399  8                   
Supplier#000000415  8                   
Supplier#000000427  8                   
Supplier#000001007  8                   
Supplier#000001047  8                   
Supplier#000001083  8                   
Supplier#000001336  8                   
Supplier#000001393  8                   
Supplier#000001572  8                   
Supplier#000001951  8                   
Supplier#000002039  8                   
Supplier#000002095  8                   
Supplier#000002370  8                   
Supplier#000002490  8                   
Supplier#000002615  8                   
Supplier#000002829  8                   
Supplier#000003101  8                   
Supplier#000003267  8                   
Supplier#000003645  8                   
Supplier#000004100  8                   
Supplier#000004199  8                   
Supplier#000004303  8                   
Supplier#000004321  8                   
Supplier#000004489  8                   
Supplier#000005178  8                   
Supplier#000005194  8                   
Supplier#000005376  8                   
Supplier#000005613  8                   
Supplier#000005619  8                   
Supplier#000005643  8                   
Supplier#000006283  8                   
Supplier#000006825  8                   
Supplier#000006939  8                   
Supplier#000007228  8                   
Supplier#000007494  8                   
Supplier#000007497  8                   
Supplier#000007579  8                   
Supplier#000007686  8                   
Supplier#000007915  8                   
Supplier#000008105  8                   
Supplier#000008147  8                   
Supplier#000008310  8                   
Supplier#000008333  8                   
Supplier#000008913  8                   
Supplier#000009268  8                   
Supplier#000009835  8                   
Supplier#000009850  8                   
Supplier#000009898  8                   
Supplier#000010213  8                   
Supplier#000010427  8                   
Supplier#000010782  8                   
Supplier#000010800  8                   
Supplier#000010914  8                   
Supplier#000011179  8                   
Supplier#000011216  8                   
Supplier#000011631  8                   
Supplier#000011690  8                   
Supplier#000011774  8                   
Supplier#000012553  8                   
Supplier#000012868  8                   
Supplier#000012914  8                   
Supplier#000013059  8                   
Supplier#000013396  8                   
Supplier#000013563  8                   
Supplier#000013737  8                   
Supplier#000014295  8                   
Supplier#000014533  8                   
Supplier#000014759  8                   
Supplier#000014855  8                   
Supplier#000014953  8                   
Supplier#000015106  8                   
Supplier#000015468  8                   
Supplier#000015663  8                   
Supplier#000015731  8                   
Supplier#000015991  8                   
Supplier#000016438  8                   
Supplier#000016745  8                   
Supplier#000016857  8                   
Supplier#000016977  8                   
Supplier#000017015  8                   
Supplier#000017133  8                   
Supplier#000017554  8                   
Supplier#000017603  8                   
Supplier#000017682  8                   
Supplier#000017803  8                   
Supplier#000018084  8                   
Supplier#000018138  8                   
Supplier#000018472  8                   
Supplier#000018483  8                   
Supplier#000018826  8                   
Supplier#000018866  8                   
Supplier#000018867  8                   
Supplier#000019138  8                   
Supplier#000019187  8                   
Supplier#000019212  8                   
Supplier#000019270  8                   
Supplier#000019289  8                   
Supplier#000019337  8                   
Supplier#000019364  8                   
Supplier#000019631  8                   
Supplier#000019662  8                   
Supplier#000020155  8                   
Supplier#000020191  8                   
Supplier#000020266  8                   
Supplier#000020372  8                   
Supplier#000020455  8                   
Supplier#000020962  8                   
Supplier#000021064  8                   
Supplier#000021077  8                   
Supplier#000021502  8                   
Supplier#000021767  8                   
Supplier#000021888  8                   
Supplier#000021995  8                   
Supplier#000022194  8                   
Supplier#000022230  8                   
Supplier#000022545  8                   
Supplier#000022556  8                   
Supplier#000022619  8                   
Supplier#000022860  8                   
Supplier#000023346  8                   
Supplier#000023891  8                   
Supplier#000023914  8                   
Supplier#000023969  8                   
Supplier#000024017  8                   
Supplier#000024253  8                   
Supplier#000024599  8                   
Supplier#000024741  8                   
Supplier#000024973  8                   
Supplier#000025131  8                   
Supplier#000025386  8                   
Supplier#000025509  8                   
Supplier#000025639  8                   
Supplier#000026120  8                   
Supplier#000026884  8                   
Supplier#000026906  8                   
Supplier#000027071  8                   
Supplier#000027511  8                   
Supplier#000027638  8                   
Supplier#000027749  8                   
Supplier#000027949  8                   
Supplier#000028059  8                   
Supplier#000028260  8                   
Supplier#000028374  8                   
Supplier#000028513  8                   
Supplier#000028938  8                   
Supplier#000028955  8                   
Supplier#000029081  8                   
Supplier#000029270  8                   
Supplier#000029874  8                   
Supplier#000029995  8                   
Supplier#000030279  8                   
Supplier#000030547  8                   
Supplier#000030711  8                   
Supplier#000031007  8                   
Supplier#000031319  8                   
Supplier#000031467  8                   
Supplier#000031630  8                   
Supplier#000031720  8                   
Supplier#000031763  8                   
Supplier#000031921  8                   
Supplier#000031926  8                   
Supplier#000032112  8                   
Supplier#000032260  8                   
Supplier#000032274  8                   
Supplier#000032860  8                   
Supplier#000032922  8                   
Supplier#000033057  8                   
Supplier#000033444  8                   
Supplier#000033540  8                   
Supplier#000033690  8                   
Supplier#000033727  8                   
Supplier#000033922  8                   
Supplier#000034168  8                   
Supplier#000034507  8                   
Supplier#000035195  8                   
Supplier#000035666  8                   
Supplier#000035755  8                   
Supplier#000035953  8                   
Supplier#000036424  8                   
Supplier#000036445  8                   
Supplier#000036756  8                   
Supplier#000037070  8                   
Supplier#000037313  8                   
Supplier#000037328  8                   
Supplier#000037396  8                   
Supplier#000037492  8                   
Supplier#000037679  8                   
Supplier#000038015  8                   
Supplier#000038182  8                   
Supplier#000038479  8                   
Supplier#000038598  8                   
Supplier#000038642  8                   
Supplier#000038803  8                   
Supplier#000039053  8                   
Supplier#000039075  8                   
Supplier#000039123  8                   
Supplier#000039561  8                   
Supplier#000039753  8                   
Supplier#000000472  7                   
Supplier#000000503  7                   
Supplier#000000718  7                   
Supplier#000001019  7                   
Supplier#000001122  7                   
Supplier#000001439  7                   
Supplier#000002357  7                   
Supplier#000002452  7                   
Supplier#000002891  7                   
Supplier#000003048  7                   
Supplier#000003262  7                   
Supplier#000003992  7                   
Supplier#000005244  7                   
Supplier#000005649  7                   
Supplier#000006241  7                   
Supplier#000006253  7                   
Supplier#000006394  7                   
Supplier#000006617  7                   
Supplier#000006684  7                   
Supplier#000006996  7                   
Supplier#000007131  7                   
Supplier#000008234  7                   
Supplier#000008390  7                   
Supplier#000009561  7                   
Supplier#000009896  7                   
Supplier#000010386  7                   
Supplier#000010630  7                   
Supplier#000010675  7                   
Supplier#000010793  7                   
Supplier#000011307  7                   
Supplier#000012485  7                   
Supplier#000012919  7                   
Supplier#000013651  7                   
Supplier#000013900  7                   
Supplier#000014454  7                   
Supplier#000014623  7                   
Supplier#000014645  7                   
Supplier#000014806  7                   
Supplier#000014966  7                   
Supplier#000015556  7                   
Supplier#000015634  7                   
Supplier#000015693  7                   
Supplier#000016096  7                   
Supplier#000016149  7                   
Supplier#000016535  7                   
Supplier#000016580  7                   
Supplier#000017019  7                   
Supplier#000017160  7                   
Supplier#000017209  7                   
Supplier#000017211  7                   
Supplier#000017848  7                   
Supplier#000018400  7                   
Supplier#000018459  7                   
Supplier#000018862  7                   
Supplier#000019124  7                   
Supplier#000019569  7                   
Supplier#000019756  7                   
Supplier#000020227  7                   
Supplier#000020494  7                   
Supplier#000021281  7                   
Supplier#000022316  7                   
Supplier#000022629  7                   
Supplier#000022797  7                   
Supplier#000023056  7                   
Supplier#000023266  7                   
Supplier#000023454  7                   
Supplier#000023645  7                   
Supplier#000023860  7                   
Supplier#000024336  7                   
Supplier#000024655  7                   
Supplier#000024808  7                   
Supplier#000025049  7                   
Supplier#000025236  7                   
Supplier#000025330  7                   
Supplier#000025921  7                   
Supplier#000026762  7                   
Supplier#000027187  7                   
Supplier#000027997  7                   
Supplier#000028093  7                   
Supplier#000028609  7                   
Supplier#000029035  7                   
Supplier#000029056  7                   
Supplier#000029621  7                   
Supplier#000029828  7                   
Supplier#000029928  7                   
Supplier#000030474  7                   
Supplier#000031214  7                   
Supplier#000031500  7                   
Supplier#000031665  7                   
Supplier#000031724  7                   
Supplier#000031813  7                   
Supplier#000031847  7                   
Supplier#000032548  7                   
Supplier#000033133  7                   
Supplier#000033271  7                   
Supplier#000033379  7                   
Supplier#000033529  7                   
Supplier#000034179  7                   
Supplier#000034333  7                   
Supplier#000034516  7                   
Supplier#000034770  7                   
Supplier#000034815  7                   
Supplier#000035165  7                   
Supplier#000035570  7                   
Supplier#000035818  7                   
Supplier#000036334  7                   
Supplier#000036391  7                   
Supplier#000036822  7                   
Supplier#000037105  7                   
Supplier#000037397  7                   
Supplier#000038170  7                   
Supplier#000038500  7                   
Supplier#000038865  7                   
Supplier#000039360  7                   
Supplier#000039548  7                   
Supplier#000000610  6                   
Supplier#000000648  6                   
Supplier#000000669  6                   
Supplier#000000918  6                   
Supplier#000001062  6                   
Supplier#000002869  6                   
Supplier#000003234  6                   
Supplier#000003675  6                   
Supplier#000003735  6                   
Supplier#000004994  6                   
Supplier#000005061  6                   
Supplier#000005235  6                   
Supplier#000005469  6                   
Supplier#000005662  6                   
Supplier#000005685  6                   
Supplier#000005808  6                   
Supplier#000006342  6                   
Supplier#000006384  6                   
Supplier#000007255  6                   
Supplier#000007261  6                   
Supplier#000007370  6                   
Supplier#000007441  6                   
Supplier#000007491  6                   
Supplier#000007532  6                   
Supplier#000008055  6                   
Supplier#000008551  6                   
Supplier#000008951  6                   
Supplier#000009630  6                   
Supplier#000009891  6                   
Supplier#000010026  6                   
Supplier#000010262  6                   
Supplier#000010380  6                   
Supplier#000010424  6                   
Supplier#000010541  6                   
Supplier#000010755  6                   
Supplier#000012299  6                   
Supplier#000012471  6                   
Supplier#000013029  6                   
Supplier#000013093  6                   
Supplier#000013700  6                   
Supplier#000015604  6                   
Supplier#000016010  6                   
Supplier#000016016  6                   
Supplier#000016020  6                   
Supplier#000016325  6                   
Supplier#000017225  6                   
Supplier#000017499  6                   
Supplier#000017659  6                   
Supplier#000018029  6                   
Supplier#000018558  6                   
Supplier#000019197  6                   
Supplier#000019441  6                   
Supplier#000019579  6                   
Supplier#000019689  6                   
Supplier#000019763  6                   
Supplier#000020530  6                   
Supplier#000020941  6                   
Supplier#000021350  6                   
Supplier#000021371  6                   
Supplier#000021434  6                   
Supplier#000022895  6                   
Supplier#000022986  6                   
Supplier#000023092  6                   
Supplier#000023448  6                   
Supplier#000024106  6                   
Supplier#000024549  6                   
Supplier#000024910  6                   
Supplier#000025247  6                   
Supplier#000025320  6                   
Supplier#000025406  6                   
Supplier#000025938  6                   
Supplier#000026827  6                   
Supplier#000027423  6                   
Supplier#000027702  6                   
Supplier#000028184  6                   
Supplier#000028234  6                   
Supplier#000028377  6                   
Supplier#000028422  6                   
Supplier#000029361  6                   
Supplier#000029424  6                   
Supplier#000029436  6                   
Supplier#000029839  6                   
Supplier#000030095  6                   
Supplier#000030383  6                   
Supplier#000030430  6                   
Supplier#000030485  6                   
Supplier#000031131  6                   
Supplier#000031173  6                   
Supplier#000031595  6                   
Supplier#000031854  6                   
Supplier#000031940  6                   
Supplier#000032144  6                   
Supplier#000032617  6                   
Supplier#000032902  6                   
Supplier#000033099  6                   
Supplier#000033829  6                   
Supplier#000035221  6                   
Supplier#000035245  6                   
Supplier#000035576  6                   
Supplier#000036060  6                   
Supplier#000036099  6                   
Supplier#000036120  6                   
Supplier#000036274  6                   
Supplier#000036624  6                   
Supplier#000037048  6                   
Supplier#000037792  6                   
Supplier#000038769  6                   
Supplier#000039940  6                   
Supplier#000000144  5                   
Supplier#000001251  5                   
Supplier#000001353  5                   
Supplier#000001498  5                   
Supplier#000002596  5                   
Supplier#000002814  5                   
Supplier#000003283  5                   
Supplier#000003414  5                   
Supplier#000003519  5                   
Supplier#000004009  5                   
Supplier#000004831  5                   
Supplier#000004888  5                   
Supplier#000005799  5                   
Supplier#000007296  5                   
Supplier#000007909  5                   
Supplier#000010530  5                   
Supplier#000011874  5                   
Supplier#000012442  5                   
Supplier#000012555  5                   
Supplier#000012899  5                   
Supplier#000013421  5                   
Supplier#000013511  5                   
Supplier#000013983  5                   
Supplier#000014137  5                   
Supplier#000014308  5                   
Supplier#000014364  5                   
Supplier#000015186  5                   
Supplier#000016025  5                   
Supplier#000016477  5                   
Supplier#000016763  5                   
Supplier#000016814  5                   
Supplier#000017753  5                   
Supplier#000018037  5                   
Supplier#000018175  5                   
Supplier#000018741  5                   
Supplier#000019031  5                   
Supplier#000020462  5                   
Supplier#000021278  5                   
Supplier#000021401  5                   
Supplier#000021596  5                   
Supplier#000023356  5                   
Supplier#000024738  5                   
Supplier#000024900  5                   
Supplier#000025388  5                   
Supplier#000025918  5                   
Supplier#000026275  5                   
Supplier#000026499  5                   
Supplier#000027487  5                   
Supplier#000027818  5                   
Supplier#000027876  5                   
Supplier#000028679  5                   
Supplier#000028919  5                   
Supplier#000029619  5                   
Supplier#000029902  5                   
Supplier#000029915  5                   
Supplier#000030604  5                   
Supplier#000031586  5                   
Supplier#000032483  5                   
Supplier#000033218  5                   
Supplier#000035859  5                   
Supplier#000039716  5                   
Supplier#000039756  5                   
Supplier#000000074  4                   
Supplier#000002707  4                   
Supplier#000005004  4                   
Supplier#000005193  4                   
Supplier#000006087  4                   
Supplier#000006624  4                   
Supplier#000007517  4                   
Supplier#000008301  4                   
Supplier#000009164  4                   
Supplier#000009815  4                   
Supplier#000013275  4                   
Supplier#000014768  4                   
Supplier#000018787  4                   
Supplier#000020194  4                   
Supplier#000021271  4                   
Supplier#000021624  4                   
Supplier#000021766  4                   
Supplier#000021978  4                   
Supplier#000022172  4                   
Supplier#000024440  4                   
Supplier#000026523  4                   
Supplier#000031065  4                   
Supplier#000032152  4                   
Supplier#000034117  4                   
Supplier#000034603  4                   
Supplier#000036204  4                   
Supplier#000036526  4                   
Supplier#000037967  4                   
Supplier#000039344  4                   
Supplier#000039555  4                   
Supplier#000002269  3                   
Supplier#000002684  3                   
Supplier#000014066  3                   
Supplier#000017610  3                   
Supplier#000024762  3                   
Supplier#000025897  3                   
Supplier#000026670  3                   
Supplier#000026863  3                   
Supplier#000030289  3                   
Supplier#000031047  3                   
Supplier#000039346  3                   
Supplier#000010704  2                   
Supplier#000034322  2                   
Supplier#000034327  2                   
Supplier#000034985  2                   
